20120701,20,135,expected
20120702,13,140,expected
20120703,23,167,expected
20120704,25,94,expected
20120705,15,153,expected
20120706,15,131,expected
20120707,15,111,expected
20120708,15,112,expected
20120709,18,117,expected
20120710,14,128,expected
20120711,11,140,expected
20120712,11,147,expected
20120713,18,143,expected
20120714,20,123,expected
20120715,10,114,expected
20120716,6,138,expected
20120717,8,145,expected
20120718,3,114,expected
20120719,8,104,expected
20120720,10,122,expected
20120721,19,95,expected
20120722,30,131,expected
20120723,6,130,expected
20120724,5,124,expected
20120725,19,136,expected
20120726,8,128,expected
20120727,15,140,expected
20120728,20,110,expected
20120729,18,62,expected
20120730,13,131,expected
20120731,9,119,expected
20120801,13,113,expected
20120802,13,132,expected
20120803,16,126,expected
20120804,21,112,expected
20120805,9,117,expected
20120806,15,160,expected
20120807,17,131,expected
20120808,14,141,expected
20120809,12,136,expected
20120810,13,117,expected
20120811,21,121,expected
20120812,24,105,expected
20120813,15,128,expected
20120814,7,119,expected
20120815,5,137,expected
20120816,7,147,expected
20120817,18,130,expected
20120818,26,120,expected
20120819,17,106,expected
20120820,12,131,expected
20120821,16,115,expected
20120822,18,109,expected
20120823,18,124,expected
20120824,21,122,expected
20120825,19,108,expected
20120826,23,109,expected
20120827,10,135,expected
20120828,11,151,expected
20120829,9,115,expected
20120830,16,143,expected
20120831,18,155,expected
20120901,25,137,expected
20120902,24,115,expected
20120903,23,135,expected
20120904,13,139,expected
20120905,9,149,expected
20120906,21,129,expected
20120907,17,146,expected
20120908,26,150,expected
20120909,17,115,expected
20120910,16,153,expected
20120911,21,127,expected
20120912,20,161,expected
20120913,21,139,expected
20120914,26,126,expected
20120915,24,110,expected
20120916,31,96,expected
20120917,14,87,expected
20120918,8,124,expected
20120919,15,128,expected
20120920,13,110,expected
20120921,22,147,expected
20120922,35,106,unexpected
20120923,26,102,expected
20120924,13,142,expected
20120925,12,158,expected
20120926,8,63,expected
20120927,17,145,expected
20120928,21,166,expected
20120929,30,93,expected
20120930,15,88,expected
20121001,14,124,expected
20121002,8,132,expected
20121003,9,107,expected
20121004,12,132,expected
20121005,31,148,expected
20121006,24,83,expected
20121007,10,119,expected
20121008,6,95,expected
20121009,7,144,expected
20121010,8,152,expected
20121011,11,141,expected
20121012,11,124,expected
20121013,12,113,expected
20121014,10,122,expected
20121015,11,142,expected
20121016,6,136,expected
20121017,8,135,expected
20121018,8,126,expected
20121019,10,168,expected
20121020,16,129,expected
20121021,7,93,expected
20121022,12,158,expected
20121023,10,137,expected
20121024,4,126,expected
20121025,13,128,expected
20121026,19,133,expected
20121027,14,116,expected
20121028,6,103,expected
20121029,1,81,expected
20121030,0,105,expected
20121031,3,129,expected
20121101,1,113,expected
20121102,1,77,expected
20121103,1,76,expected
20121104,6,80,expected
20121105,9,129,expected
20121106,5,126,expected
20121107,2,186,expected
20121108,3,119,expected
20121109,3,164,expected
20121110,4,111,expected
20121111,7,120,expected
20121112,10,138,expected
20121113,7,163,expected
20121114,9,149,expected
20121115,7,143,expected
20121116,7,143,expected
20121117,6,124,expected
20121118,7,115,expected
20121119,12,129,expected
20121120,5,139,expected
20121121,6,165,expected
20121122,4,79,expected
20121123,8,122,expected
20121124,7,106,expected
20121125,2,104,expected
20121126,9,140,expected
20121127,12,157,expected
20121128,5,108,expected
20121129,10,102,expected
20121130,9,125,expected
20121201,4,119,expected
20121202,10,96,expected
20121203,12,168,expected
20121204,8,158,expected
20121205,7,116,expected
20121206,7,148,expected
20121207,3,189,expected
20121208,16,109,expected
20121209,5,151,expected
20121210,5,157,expected
20121211,7,139,expected
20121212,8,133,expected
20121213,5,133,expected
20121214,6,147,expected
20121215,10,114,expected
20121216,4,110,expected
20121217,6,149,expected
20121218,11,142,expected
20121219,8,153,expected
20121220,12,129,expected
20121221,9,181,expected
20121222,3,111,expected
20121223,1,84,expected
20121224,3,122,expected
20121225,1,83,expected
20121226,5,139,expected
20121227,2,131,expected
20121228,5,132,expected
20121229,1,119,expected
20121230,2,96,expected
20121231,1,122,expected
20130101,3,102,expected
20130102,4,129,expected
20130103,1,131,expected
20130104,6,118,expected
20130105,4,80,expected
20130106,4,82,expected
20130107,4,131,expected
20130108,7,136,expected
20130109,4,94,expected
20130110,6,135,expected
20130111,1,174,expected
20130112,2,119,expected
20130113,9,92,expected
20130114,9,134,expected
20130115,7,112,expected
20130116,5,130,expected
20130117,3,115,expected
20130118,4,110,expected
20130119,3,101,expected
20130120,3,83,expected
20130121,4,97,expected
20130122,8,112,expected
20130123,12,143,expected
20130124,9,131,expected
20130125,11,152,expected
20130126,3,129,expected
20130127,5,89,expected
20130128,7,130,expected
20130129,7,125,expected
20130130,9,104,expected
20130131,6,136,expected
20130201,4,148,expected
20130202,7,137,expected
20130203,4,131,expected
20130204,10,132,expected
20130205,7,119,expected
20130206,11,135,expected
20130207,3,116,expected
20130208,9,193,expected
20130209,5,90,expected
20130210,11,94,expected
20130211,8,118,expected
20130212,4,113,expected
20130213,8,124,expected
20130214,11,153,expected
20130215,10,118,expected
20130216,4,109,expected
20130217,3,113,expected
20130218,2,82,expected
20130219,4,108,expected
20130220,5,126,expected
20130221,10,113,expected
20130222,15,120,expected
20130223,18,116,expected
20130224,29,104,expected
20130225,11,104,expected
20130226,4,127,expected
20130227,8,125,expected
20130228,14,131,expected
20130301,12,133,expected
20130302,7,110,expected
20130303,7,111,expected
20130304,8,156,expected
20130305,5,115,expected
20130306,4,124,expected
20130307,11,130,expected
20130308,8,193,expected
20130309,8,109,expected
20130310,13,96,expected
20130311,12,130,expected
20130312,8,113,expected
20130313,8,137,expected
20130314,12,138,expected
20130315,19,128,expected
20130316,2,108,expected
20130317,9,108,expected
20130318,15,127,expected
20130319,4,118,expected
20130320,16,125,expected
20130321,1,110,expected
20130322,6,135,expected
20130323,7,94,expected
20130324,14,103,expected
20130325,4,127,expected
20130326,3,85,expected
20130327,5,97,expected
20130328,5,117,expected
20130329,8,106,expected
20130330,9,103,expected
20130331,11,100,expected
20130401,5,100,expected
20130402,5,76,expected
20130403,5,129,expected
20130404,7,160,expected
20130405,13,130,expected
20130406,10,131,expected
20130407,20,96,expected
20130408,14,149,expected
20130409,25,149,expected
20130410,12,144,expected
20130411,15,126,expected
20130412,19,159,expected
20130413,13,118,expected
20130414,15,108,expected
20130415,20,161,expected
20130416,7,132,expected
20130417,24,107,expected
20130418,12,127,expected
20130419,14,132,expected
20130420,5,118,expected
20130421,7,104,expected
20130422,9,131,expected
20130423,7,119,expected
20130424,7,146,expected
20130425,10,139,expected
20130426,18,161,expected
20130427,21,104,expected
20130428,17,110,expected
20130429,6,153,expected
20130430,6,153,expected
20130501,13,140,expected
20130502,18,132,expected
20130503,12,148,expected
20130504,18,138,expected
20130505,13,115,expected
20130506,6,129,expected
20130507,12,151,expected
20130508,11,168,expected
20130509,14,157,expected
20130510,21,173,expected
20130511,20,116,expected
20130512,24,124,expected
20130513,9,138,expected
20130514,9,116,expected
20130515,10,110,expected
20130516,10,112,expected
20130517,29,161,expected
20130518,23,114,expected
20130519,5,128,expected
20130520,14,164,expected
20130521,28,165,expected
20130522,18,127,expected
20130523,23,168,expected
20130524,11,154,expected
20130525,3,104,expected
20130526,12,107,expected
20130527,34,112,expected
20130528,6,150,expected
20130529,17,121,expected
20130530,33,171,expected
20130531,30,171,expected
20130601,25,155,expected
20130602,20,119,expected
20130603,8,163,expected
20130604,14,144,expected
20130605,14,131,expected
20130606,16,144,expected
20130607,12,175,expected
20130608,21,133,expected
20130609,37,133,unexpected
20130610,5,144,expected
20130611,15,151,expected
20130612,21,129,expected
20130613,15,142,expected
20130614,19,169,expected
20130615,23,137,expected
20130616,43,111,unexpected
20130617,22,190,expected
20130618,9,159,expected
20130619,19,153,expected
20130620,15,173,expected
20130621,25,155,expected
20130622,29,116,expected
20130623,18,138,expected
20130624,12,154,expected
20130625,17,152,expected
20130626,9,128,expected
20130627,14,132,expected
20130628,9,136,expected
20130629,22,151,expected
20130630,12,102,expected
20130701,11,165,expected
20130702,11,149,expected
20130703,11,150,expected
20130704,15,107,expected
20130705,13,139,expected
20130706,20,111,expected
20130707,14,118,expected
20130708,5,133,expected
20130709,11,128,expected
20130710,9,136,expected
20130711,5,142,expected
20130712,6,136,expected
20130713,21,124,expected
20130714,17,102,expected
20130715,3,140,expected
20130716,10,114,expected
20130717,8,128,expected
20130718,5,166,expected
20130719,9,155,expected
20130720,14,116,expected
20130721,20,102,expected
20130722,6,139,expected
20130723,11,130,expected
20130724,10,118,expected
20130725,10,114,expected
20130726,19,140,expected
20130727,18,104,expected
20130728,15,106,expected
20130729,15,118,expected
20130730,14,136,expected
20130731,11,118,expected
20130801,5,168,expected
20130802,21,144,expected
20130803,23,109,expected
20130804,17,92,expected
20130805,13,127,expected
20130806,13,135,expected
20130807,12,114,expected
20130808,10,116,expected
20130809,16,155,expected
20130810,17,97,expected
20130811,20,105,expected
20130812,9,131,expected
20130813,4,127,expected
20130814,13,143,expected
20130815,15,133,expected
20130816,22,137,expected
20130817,26,122,expected
20130818,17,84,expected
20130819,10,104,expected
20130820,13,117,expected
20130821,14,149,expected
20130822,8,139,expected
20130823,16,138,expected
20130824,30,139,expected
20130825,25,102,expected
20130826,14,133,expected
20130827,7,113,expected
20130828,11,105,expected
20130829,13,142,expected
20130830,21,155,expected
20130831,21,127,expected
20130901,19,138,expected
20130902,21,135,expected
20130903,10,142,expected
20130904,8,136,expected
20130905,12,110,expected
20130906,22,107,expected
20130907,13,113,expected
20130908,13,104,expected
20130909,12,156,expected
20130910,11,147,expected
20130911,14,126,expected
20130912,12,176,expected
20130913,9,134,expected
20130914,21,115,expected
20130915,10,129,expected
20130916,4,115,expected
20130917,9,170,expected
20130918,12,126,expected
20130919,8,104,expected
20130920,14,124,expected
20130921,19,129,expected
20130922,21,116,expected
20130923,10,151,expected
20130924,11,121,expected
20130925,11,105,expected
20130926,9,105,expected
20130927,8,117,expected
20130928,16,109,expected
20130929,13,108,expected
20130930,8,140,expected
20131001,10,150,expected
20131002,11,161,expected
20131003,23,133,expected
20131004,15,139,expected
20131005,18,114,expected
20131006,12,87,expected
20131007,13,150,expected
20131008,6,121,expected
20131009,10,134,expected
20131010,9,120,expected
20131011,13,142,expected
20131012,8,125,expected
20131013,15,113,expected
20131014,7,106,expected
20131015,7,151,expected
20131016,3,134,expected
20131017,10,126,expected
20131018,12,152,expected
20131019,15,106,expected
20131020,15,95,expected
20131021,7,136,expected
20131022,3,155,expected
20131023,7,122,expected
20131024,7,145,expected
20131025,3,151,expected
20131026,7,130,expected
20131027,7,105,expected
20131028,8,131,expected
20131029,8,130,expected
20131030,6,123,expected
20131031,5,136,expected
20131101,10,162,expected
20131102,12,115,expected
20131103,9,110,expected
20131104,3,154,expected
20131105,6,124,expected
20131106,4,149,expected
20131107,5,145,expected
20131108,2,138,expected
20131109,5,125,expected
20131110,10,119,expected
20131111,3,109,expected
20131112,8,136,expected
20131113,10,139,expected
20131114,9,148,expected
20131115,8,111,expected
20131116,6,127,expected
20131117,3,119,expected
20131118,5,162,expected
20131119,5,154,expected
20131120,4,133,expected
20131121,6,139,expected
20131122,5,149,expected
20131123,5,108,expected
20131124,3,118,expected
20131125,4,174,expected
20131126,8,191,expected
20131127,7,182,expected
20131128,4,95,expected
20131129,7,102,expected
20131130,5,119,expected
20131201,6,89,expected
20131202,3,129,expected
20131203,7,112,expected
20131204,7,138,expected
20131205,6,134,expected
20131206,7,158,expected
20131207,5,137,expected
20131208,5,113,expected
20131209,7,141,expected
20131210,6,123,expected
20131211,6,133,expected
20131212,10,132,expected
20131213,3,136,expected
20131214,6,184,expected
20131215,5,101,expected
20131216,7,147,expected
20131217,8,192,expected
20131218,11,160,expected
20131219,4,161,expected
20131220,8,157,expected
20131221,4,117,expected
20131222,7,110,expected
20131223,7,183,expected
20131224,4,133,expected
20131225,3,66,expected
20131226,4,98,expected
20131227,4,111,expected
20131228,7,92,expected
20131229,4,105,expected
20131230,7,116,expected
20131231,10,117,expected
20140101,2,92,expected
20140102,2,153,expected
20140103,3,93,expected
20140104,4,103,expected
20140105,5,74,expected
20140106,7,145,expected
20140107,4,112,expected
20140108,6,143,expected
20140109,6,114,expected
20140110,5,154,expected
20140111,3,107,expected
20140112,8,112,expected
20140113,14,158,expected
20140114,7,120,expected
20140115,11,118,expected
20140116,6,123,expected
20140117,6,127,expected
20140118,7,110,expected
20140119,2,80,expected
20140120,5,75,expected
20140121,4,254,expected
20140122,1,130,expected
20140123,1,124,expected
20140124,2,149,expected
20140125,10,126,expected
20140126,10,96,expected
20140127,4,112,expected
20140128,6,127,expected
20140129,7,181,expected
20140130,9,168,expected
20140131,8,129,expected
20140201,13,125,expected
20140202,8,99,expected
20140203,6,230,expected
20140204,10,127,expected
20140205,5,118,expected
20140206,7,141,expected
20140207,5,162,expected
20140208,4,89,expected
20140209,10,105,expected
20140210,7,170,expected
20140211,5,139,expected
20140212,3,143,expected
20140213,2,97,expected
20140214,4,168,expected
20140215,4,122,expected
20140216,5,106,expected
20140217,5,121,expected
20140218,3,129,expected
20140219,5,137,expected
20140220,6,106,expected
20140221,12,114,expected
20140222,5,114,expected
20140223,2,88,expected
20140224,2,119,expected
20140225,6,107,expected
20140226,5,105,expected
20140227,7,151,expected
20140228,9,158,expected
20140301,4,103,expected
20140302,10,88,expected
20140303,9,115,expected
20140304,13,112,expected
20140305,5,119,expected
20140306,4,122,expected
20140307,11,125,expected
20140308,11,116,expected
20140309,6,110,expected
20140310,12,117,expected
20140311,13,125,expected
20140312,4,127,expected
20140313,6,129,expected
20140314,4,155,expected
20140315,19,120,expected
20140316,29,97,expected
20140317,8,128,expected
20140318,9,116,expected
20140319,6,137,expected
20140320,8,132,expected
20140321,9,138,expected
20140322,17,112,expected
20140323,6,104,expected
20140324,8,125,expected
20140325,6,107,expected
20140326,2,135,expected
20140327,3,120,expected
20140328,6,130,expected
20140329,5,124,expected
20140330,7,106,expected
20140331,1,126,expected
20140401,8,124,expected
20140402,5,126,expected
20140403,12,134,expected
20140404,13,161,expected
20140405,10,147,expected
20140406,15,110,expected
20140407,7,135,expected
20140408,9,149,expected
20140409,14,146,expected
20140410,11,165,expected
20140411,18,138,expected
20140412,19,115,expected
20140413,23,112,expected
20140414,14,129,expected
20140415,9,102,expected
20140416,13,123,expected
20140417,8,99,expected
20140418,7,117,expected
20140419,22,107,expected
20140420,9,93,expected
20140421,12,107,expected
20140422,12,87,expected
20140423,10,119,expected
20140424,11,140,expected
20140425,9,145,expected
20140426,12,115,expected
20140427,16,100,expected
20140428,13,153,expected
20140429,6,113,expected
20140430,7,156,expected
20140501,16,172,expected
20140502,12,141,expected
20140503,14,127,expected
20140504,8,112,expected
20140505,11,159,expected
20140506,17,131,expected
20140507,10,130,expected
20140508,7,138,expected
20140509,10,137,expected
20140510,25,96,expected
20140511,22,123,expected
20140512,22,141,expected
20140513,8,133,expected
20140514,10,145,expected
20140515,10,160,expected
20140516,15,154,expected
20140517,24,141,expected
20140518,36,116,unexpected
20140519,15,127,expected
20140520,18,161,expected
20140521,23,123,expected
20140522,6,145,expected
20140523,10,138,expected
20140524,25,113,expected
20140525,27,122,expected
20140526,34,127,expected
20140527,12,140,expected
20140528,9,126,expected
20140529,12,156,expected
20140530,17,130,expected
20140531,22,140,expected
20140601,30,128,expected
20140602,27,170,expected
20140603,14,168,expected
20140604,16,110,expected
20140605,18,133,expected
20140606,33,162,expected
20140607,32,136,expected
20140608,31,126,expected
20140609,18,126,expected
20140610,23,148,expected
20140611,13,123,expected
20140612,17,127,expected
20140613,12,158,expected
20140614,24,143,expected
20140615,22,136,expected
20140616,28,132,expected
20140617,15,179,expected
20140618,15,157,expected
20140619,14,155,expected
20140620,23,185,expected
20140621,36,105,unexpected
20140622,49,111,unexpected
20140623,18,159,expected
20140624,16,149,expected
20140625,16,153,expected
20140626,16,158,expected
20140627,23,142,expected
20140628,26,124,expected
20140629,20,109,expected
20140630,16,135,expected
20140701,15,154,expected
20140702,8,153,expected
20140703,5,198,expected
20140704,12,82,expected
20140705,19,126,expected
20140706,26,96,expected
20140707,14,143,expected
20140708,9,135,expected
20140709,7,132,expected
20140710,12,142,expected
20140711,13,148,expected
20140712,33,126,expected
20140713,25,99,expected
20140714,6,117,expected
20140715,8,128,expected
20140716,9,127,expected
20140717,22,133,expected
20140718,24,147,expected
20140719,26,102,expected
20140720,22,113,expected
20140721,17,129,expected
20140722,14,152,expected
20140723,5,135,expected
20140724,12,118,expected
20140725,24,147,expected
20140726,24,120,expected
20140727,20,104,expected
20140728,11,147,expected
20140729,9,136,expected
20140730,19,133,expected
20140731,16,148,expected
20140801,14,159,expected
20140802,25,110,expected
20140803,16,123,expected
20140804,10,125,expected
20140805,17,149,expected
20140806,12,120,expected
20140807,11,137,expected
20140808,14,140,expected
20140809,32,108,expected
20140810,33,101,expected
20140811,17,153,expected
20140812,6,110,expected
20140813,15,140,expected
20140814,17,146,expected
20140815,17,102,expected
20140816,21,112,expected
20140817,30,126,expected
20140818,8,150,expected
20140819,9,123,expected
20140820,16,117,expected
20140821,13,125,expected
20140822,21,122,expected
20140823,18,91,expected
20140824,25,98,expected
20140825,15,121,expected
20140826,9,137,expected
20140827,14,127,expected
20140828,12,133,expected
20140829,18,153,expected
20140830,21,122,expected
20140831,22,127,expected
20140901,23,128,expected
20140902,12,189,expected
20140903,7,125,expected
20140904,10,178,expected
20140905,15,143,expected
20140906,9,134,expected
20140907,14,115,expected
20140908,14,160,expected
20140909,19,137,expected
20140910,15,132,expected
20140911,10,138,expected
20140912,23,172,expected
20140913,19,127,expected
20140914,19,121,expected
20140915,16,154,expected
20140916,10,143,expected
20140917,16,154,expected
20140918,22,152,expected
20140919,16,134,expected
20140920,28,126,expected
20140921,18,92,expected
20140922,10,163,expected
20140923,10,139,expected
20140924,14,130,expected
20140925,6,122,expected
20140926,21,127,expected
20140927,34,136,expected
20140928,28,127,expected
20140929,11,134,expected
20140930,14,131,expected
20141001,16,136,expected
20141002,10,129,expected
20141003,16,165,expected
20141004,29,128,expected
20141005,25,115,expected
20141006,13,161,expected
20141007,10,145,expected
20141008,15,137,expected
20141009,11,107,expected
20141010,18,112,expected
20141011,13,125,expected
20141012,10,108,expected
20141013,7,99,expected
20141014,15,150,expected
20141015,17,118,expected
20141016,21,128,expected
20141017,16,137,expected
20141018,15,100,expected
20141019,8,122,expected
20141020,12,157,expected
20141021,10,156,expected
20141022,9,169,expected
20141023,10,158,expected
20141024,10,173,expected
20141025,10,121,expected
20141026,14,129,expected
20141027,10,159,expected
20141028,7,146,expected
20141029,7,120,expected
20141030,11,150,expected
20141031,14,162,expected
20141101,9,153,expected
20141102,7,142,expected
20141103,7,147,expected
20141104,12,124,expected
20141105,9,116,expected
20141106,10,147,expected
20141107,11,164,expected
20141108,5,129,expected
20141109,10,95,expected
20141110,11,117,expected
20141111,6,112,expected
20141112,15,152,expected
20141113,8,157,expected
20141114,5,149,expected
20141115,12,108,expected
20141116,9,95,expected
20141117,8,156,expected
20141118,10,163,expected
20141119,10,156,expected
20141120,11,154,expected
20141121,13,139,expected
20141122,7,114,expected
20141123,13,100,expected
20141124,16,172,expected
20141125,6,123,expected
20141126,10,191,expected
20141127,0,84,expected
20141128,10,105,expected
20141129,6,85,expected
20141130,17,77,expected
20141201,5,171,expected
20141202,4,115,expected
20141203,10,142,expected
20141204,9,129,expected
20141205,15,135,expected
20141206,14,144,expected
20141207,7,111,expected
20141208,15,145,expected
20141209,11,172,expected
20141210,5,145,expected
20141211,8,158,expected
20141212,9,132,expected
20141213,11,133,expected
20141214,11,99,expected
20141215,7,175,expected
20141216,11,146,expected
20141217,11,125,expected
20141218,10,143,expected
20141219,7,138,expected
20141220,7,112,expected
20141221,5,102,expected
20141222,8,122,expected
20141223,9,180,expected
20141224,7,139,expected
20141225,5,78,expected
20141226,9,109,expected
20141227,8,104,expected
20141228,8,82,expected
20141229,7,100,expected
20141230,8,122,expected
20141231,8,114,expected
20150101,10,95,expected
20150102,10,102,expected
20150103,5,113,expected
20150104,2,113,expected
20150105,9,124,expected
20150106,8,179,expected
20150107,5,136,expected
20150108,9,146,expected
20150109,13,161,expected
20150110,10,119,expected
20150111,8,90,expected
20150112,10,156,expected
20150113,10,124,expected
20150114,10,104,expected
20150115,11,119,expected
20150116,13,128,expected
20150117,8,102,expected
20150118,3,193,expected
20150119,5,144,expected
20150120,13,131,expected
20150121,7,121,expected
20150122,9,115,expected
20150123,3,144,expected
20150124,9,104,expected
20150125,3,107,expected
20150126,5,134,expected
20150127,6,58,expected
20150128,6,112,expected
20150129,4,131,expected
20150130,10,141,expected
20150131,6,117,expected
20150201,6,91,expected
20150202,10,176,expected
20150203,3,247,expected
20150204,12,166,expected
20150205,7,112,expected
20150206,10,151,expected
20150207,9,111,expected
20150208,11,124,expected
20150209,5,151,expected
20150210,11,134,expected
20150211,7,139,expected
20150212,5,149,expected
20150213,13,172,expected
20150214,4,83,expected
20150215,7,123,expected
20150216,9,104,expected
20150217,5,140,expected
20150218,6,141,expected
20150219,7,111,expected
20150220,15,138,expected
20150221,7,131,expected
20150222,6,127,expected
20150223,10,136,expected
20150224,9,96,expected
20150225,16,15,expected
20150226,6,21,expected
20150227,9,93,expected
20150228,5,116,expected
20150301,9,171,expected
20150302,5,167,expected
20150303,9,178,expected
20150304,20,164,expected
20150305,11,214,expected
20150306,11,178,expected
20150307,6,133,expected
20150308,12,125,expected
20150309,11,165,expected
20150310,14,133,expected
20150311,15,146,expected
20150312,6,141,expected
20150313,12,151,expected
20150314,11,96,expected
20150315,6,123,expected
20150316,10,128,expected
20150317,13,131,expected
20150318,15,118,expected
20150319,10,153,expected
20150320,9,129,expected
20150321,10,120,expected
20150322,14,103,expected
20150323,17,153,expected
20150324,13,128,expected
20150325,13,142,expected
20150326,9,139,expected
20150327,15,127,expected
20150328,13,109,expected
20150329,7,114,expected
20150330,10,134,expected
20150331,15,152,expected
20150401,12,142,expected
20150402,9,128,expected
20150403,16,109,expected
20150404,9,107,expected
20150405,13,78,expected
20150406,13,121,expected
20150407,10,94,expected
20150408,9,127,expected
20150409,9,110,expected
20150410,10,100,expected
20150411,19,126,expected
20150412,19,106,expected
20150413,17,130,expected
20150414,10,136,expected
20150415,19,162,expected
20150416,17,123,expected
20150417,23,149,expected
20150418,40,133,unexpected
20150419,29,117,expected
20150420,12,147,expected
20150421,18,162,expected
20150422,13,136,expected
20150423,9,136,expected
20150424,10,171,expected
20150425,21,132,expected
20150426,14,123,expected
20150427,10,148,expected
20150428,26,117,expected
20150429,19,156,expected
20150430,13,145,expected
20150501,23,141,expected
20150502,21,118,expected
20150503,25,132,expected
20150504,21,173,expected
20150505,22,152,expected
20150506,23,135,expected
20150507,28,151,expected
20150508,35,156,unexpected
20150509,19,118,expected
20150510,56,147,unexpected
20150511,31,163,expected
20150512,23,165,expected
20150513,21,163,expected
20150514,16,151,expected
20150515,23,148,expected
20150516,19,153,expected
20150517,27,113,expected
20150518,27,130,expected
20150519,20,148,expected
20150520,12,150,expected
20150521,12,126,expected
20150522,7,182,expected
20150523,24,137,expected
20150524,20,110,expected
20150525,37,115,unexpected
20150526,25,155,expected
20150527,26,159,expected
20150528,21,162,expected
20150529,29,193,expected
20150530,26,145,expected
20150531,24,128,expected
20150601,13,160,expected
20150602,20,159,expected
20150603,13,158,expected
20150604,20,129,expected
20150605,31,159,expected
20150606,26,135,expected
20150607,23,127,expected
20150608,24,144,expected
20150609,30,163,expected
20150610,34,147,expected
20150611,36,137,unexpected
20150612,19,94,expected
20150613,37,88,unexpected
20150614,38,127,unexpected
20150615,13,100,expected
20150616,10,142,expected
20150617,10,172,expected
20150618,9,147,expected
20150619,34,171,expected
20150620,23,104,expected
20150621,38,180,unexpected
20150622,25,183,expected
20150623,16,178,expected
20150624,28,173,expected
20150625,14,147,expected
20150626,35,162,unexpected
20150627,21,129,expected
20150628,23,121,expected
20150629,22,148,expected
20150630,22,140,expected
20150701,25,154,expected
20150702,18,124,expected
20150703,38,136,unexpected
20150704,27,103,expected
20150705,14,112,expected
20150706,17,138,expected
20150707,12,142,expected
20150708,18,167,expected
20150709,14,155,expected
20150710,26,157,expected
20150711,32,128,expected
20150712,22,107,expected
20150713,23,164,expected
20150714,19,149,expected
20150715,14,154,expected
20150716,28,135,expected
20150717,25,141,expected
20150718,33,125,expected
20150719,30,119,expected
20150720,22,183,expected
20150721,16,155,expected
20150722,14,120,expected
20150723,26,154,expected
20150724,27,99,expected
20150725,31,88,expected
20150726,15,120,expected
20150727,19,146,expected
20150728,13,143,expected
20150729,15,142,expected
20150730,18,180,expected
20150731,24,150,expected
20150801,21,139,expected
20150802,30,125,expected
20150803,9,157,expected
20150804,6,160,expected
20150805,18,180,expected
20150806,21,154,expected
20150807,25,168,expected
20150808,37,114,unexpected
20150809,21,109,expected
20150810,14,146,expected
20150811,16,147,expected
20150812,19,139,expected
20150813,23,158,expected
20150814,23,182,expected
20150815,35,124,unexpected
20150816,23,130,expected
20150817,15,152,expected
20150818,12,150,expected
20150819,13,128,expected
20150820,17,141,expected
20150821,24,170,expected
20150822,30,138,expected
20150823,20,112,expected
20150824,25,138,expected
20150825,16,155,expected
20150826,16,153,expected
20150827,20,139,expected
20150828,18,139,expected
20150829,29,103,expected
20150830,16,136,expected
20150831,21,167,expected
20150901,7,175,expected
20150902,14,158,expected
20150903,7,161,expected
20150904,21,158,expected
20150905,32,145,expected
20150906,29,125,expected
20150907,48,151,unexpected
20150908,13,178,expected
20150909,10,177,expected
20150910,10,164,expected
20150911,18,169,expected
20150912,30,116,expected
20150913,26,111,expected
20150914,21,144,expected
20150915,22,110,expected
20150916,21,199,expected
20150917,29,168,expected
20150918,32,181,expected
20150919,34,139,expected
20150920,18,144,expected
20150921,14,163,expected
20150922,17,140,expected
20150923,23,95,expected
20150924,32,157,expected
20150925,30,142,expected
20150926,28,129,expected
20150927,29,109,expected
20150928,11,129,expected
20150929,11,108,expected
20150930,14,141,expected
20151001,15,155,expected
20151002,9,175,expected
20151003,7,126,expected
20151004,9,118,expected
20151005,11,136,expected
20151006,21,115,expected
20151007,18,163,expected
20151008,15,156,expected
20151009,16,182,expected
20151010,17,141,expected
20151011,20,127,expected
20151012,13,114,expected
20151013,27,176,expected
20151014,25,162,expected
20151015,12,178,expected
20151016,19,159,expected
20151017,7,125,expected
20151018,10,133,expected
20151019,8,155,expected
20151020,17,189,expected
20151021,16,171,expected
20151022,20,177,expected
20151023,17,168,expected
20151024,15,97,expected
20151025,16,131,expected
20151026,15,178,expected
20151027,4,170,expected
20151028,10,148,expected
20151029,16,187,expected
20151030,18,149,expected
20151031,21,75,expected
20151101,13,89,expected
20151102,16,151,expected
20151103,14,169,expected
20151104,17,153,expected
20151105,15,160,expected
20151106,37,133,unexpected
20151107,20,105,expected
20151108,17,114,expected
20151109,13,155,expected
20151110,9,174,expected
20151111,11,123,expected
20151112,14,152,expected
20151113,12,152,expected
20151114,11,119,expected
20151115,14,111,expected
20151116,19,155,expected
20151117,11,160,expected
20151118,7,142,expected
20151119,15,204,expected
20151120,10,200,expected
20151121,11,137,expected
20151122,11,82,expected
20151123,7,183,expected
20151124,12,180,expected
20151125,9,170,expected
20151126,11,84,expected
20151127,10,122,expected
20151128,13,118,expected
20151129,13,97,expected
20151130,12,143,expected
20151201,8,190,expected
20151202,9,140,expected
20151203,11,143,expected
20151204,13,157,expected
20151205,17,136,expected
20151206,24,106,expected
20151207,19,149,expected
20151208,21,117,expected
20151209,12,140,expected
20151210,13,144,expected
20151211,14,150,expected
20151212,28,121,expected
20151213,20,127,expected
20151214,10,154,expected
20151215,13,186,expected
20151216,12,180,expected
20151217,8,152,expected
20151218,10,185,expected
20151219,7,169,expected
20151220,13,131,expected
20151221,3,159,expected
20151222,11,169,expected
20151223,12,202,expected
20151224,17,147,expected
20151225,25,65,expected
20151226,7,71,expected
20151227,13,123,expected
20151228,7,125,expected
20151229,10,117,expected
20151230,9,113,expected
20151231,4,127,expected
20160101,14,97,expected
20160102,5,104,expected
20160103,14,103,expected
20160104,12,151,expected
20160105,12,181,expected
20160106,8,170,expected
20160107,12,137,expected
20160108,7,149,expected
20160109,9,136,expected
20160110,10,126,expected
20160111,15,177,expected
20160112,10,151,expected
20160113,2,143,expected
20160114,14,135,expected
20160115,17,149,expected
20160116,9,115,expected
20160117,3,101,expected
20160118,17,143,expected
20160119,8,160,expected
20160120,3,143,expected
20160121,9,176,expected
20160122,6,168,expected
20160123,5,102,expected
20160124,7,112,expected
20160125,3,179,expected
20160126,5,171,expected
20160127,9,158,expected
20160128,10,161,expected
20160129,10,162,expected
20160130,16,121,expected
20160131,15,149,expected
20160201,10,174,expected
20160202,10,186,expected
20160203,4,160,expected
20160204,13,149,expected
20160205,5,137,expected
20160206,16,128,expected
20160207,6,107,expected
20160208,9,125,expected
20160209,12,141,expected
20160210,10,123,expected
20160211,10,151,expected
20160212,18,142,expected
20160213,8,115,expected
20160214,6,74,expected
20160215,9,86,expected
20160216,7,134,expected
20160217,12,118,expected
20160218,7,136,expected
20160219,7,106,expected
20160220,18,128,expected
20160221,7,128,expected
20160222,9,124,expected
20160223,12,134,expected
20160224,14,150,expected
20160225,10,155,expected
20160226,6,85,expected
20160227,11,107,expected
20160228,10,125,expected
20160229,7,134,expected
20160301,6,166,expected
20160302,3,131,expected
20160303,10,160,expected
20160304,5,160,expected
20160305,9,117,expected
20160306,13,106,expected
20160307,14,153,expected
20160308,14,146,expected
20160309,18,150,expected
20160310,30,160,expected
20160311,25,158,expected
20160312,18,125,expected
20160313,15,111,expected
20160314,9,156,expected
20160315,11,141,expected
20160316,9,159,expected
20160317,12,129,expected
20160318,12,136,expected
20160319,15,117,expected
20160320,9,124,expected
20160321,8,173,expected
20160322,12,156,expected
20160323,35,141,unexpected
20160324,41,129,unexpected
20160325,27,135,expected
20160326,17,115,expected
20160327,11,106,expected
20160328,5,173,expected
20160329,7,162,expected
20160330,11,158,expected
20160331,19,159,expected
20160401,19,174,expected
20160402,15,127,expected
20160403,11,132,expected
20160404,8,166,expected
20160405,3,152,expected
20160406,21,167,expected
20160407,9,153,expected
20160408,15,154,expected
20160409,14,123,expected
20160410,12,128,expected
20160411,12,167,expected
20160412,12,151,expected
20160413,17,153,expected
20160414,18,179,expected
20160415,8,172,expected
20160416,28,162,expected
20160417,14,147,expected
20160418,27,192,expected
20160419,18,197,expected
20160420,20,162,expected
20160421,11,156,expected
20160422,34,147,expected
20160423,21,151,expected
20160424,29,95,expected
20160425,16,131,expected
20160426,10,113,expected
20160427,16,122,expected
20160428,6,112,expected
20160429,12,110,expected
20160430,37,145,unexpected
20160501,17,116,expected
20160502,15,154,expected
20160503,6,175,expected
20160504,13,165,expected
20160505,16,153,expected
20160506,6,174,expected
20160507,29,133,expected
20160508,27,131,expected
20160509,16,144,expected
20160510,12,171,expected
20160511,32,167,expected
20160512,29,153,expected
20160513,25,160,expected
20160514,24,107,expected
20160515,14,101,expected
20160516,13,178,expected
20160517,12,138,expected
20160518,10,145,expected
20160519,24,135,expected
20160520,46,130,unexpected
20160521,26,113,expected
20160522,24,111,expected
20160523,27,142,expected
20160524,34,151,expected
20160525,35,148,unexpected
20160526,28,138,expected
20160527,36,150,unexpected
20160528,42,126,unexpected
20160529,41,118,unexpected
20160530,35,95,unexpected
20160531,25,161,expected
20160601,19,147,expected
20160602,24,135,expected
20160603,31,153,expected
20160604,49,116,unexpected
20160605,23,91,expected
20160606,32,161,expected
20160607,33,135,expected
20160608,24,122,expected
20160609,31,137,expected
20160610,38,122,unexpected
20160611,37,77,unexpected
20160612,32,99,expected
20160613,17,70,expected
20160614,35,57,unexpected
20160615,31,141,expected
20160616,34,128,expected
20160617,47,167,unexpected
20160618,52,128,unexpected
20160619,62,123,unexpected
20160620,32,153,expected
20160621,31,134,expected
20160622,29,152,expected
20160623,21,143,expected
20160624,51,140,unexpected
20160625,36,130,unexpected
20160626,39,115,unexpected
20160627,23,132,expected
20160628,15,133,expected
20160629,36,119,unexpected
20160630,33,154,expected
20160701,21,144,expected
20160702,36,133,unexpected
20160703,46,100,unexpected
20160704,35,105,unexpected
20160705,25,143,expected
20160706,21,125,expected
20160707,16,116,expected
20160708,16,124,expected
20160709,30,109,expected
20160710,43,102,unexpected
20160711,28,127,expected
20160712,23,113,expected
20160713,20,119,expected
20160714,33,136,expected
20160715,35,129,unexpected
20160716,21,116,expected
20160717,41,127,unexpected
20160718,18,145,expected
20160719,26,135,expected
20160720,28,132,expected
20160721,12,124,expected
20160722,33,156,expected
20160723,38,127,unexpected
20160724,21,114,expected
20160725,19,148,expected
20160726,33,134,expected
20160727,18,137,expected
20160728,18,142,expected
20160729,22,136,expected
20160730,20,87,expected
20160731,15,115,expected
20160801,21,102,expected
20160802,34,122,expected
20160803,34,131,expected
20160804,17,145,expected
20160805,34,131,expected
20160806,29,96,expected
20160807,28,97,expected
20160808,16,125,expected
20160809,24,127,expected
20160810,14,92,expected
20160811,20,121,expected
20160812,21,129,expected
20160813,25,113,expected
20160814,43,97,unexpected
20160815,20,123,expected
20160816,19,132,expected
20160817,22,124,expected
20160818,22,122,expected
20160819,26,144,expected
20160820,25,96,expected
20160821,20,93,expected
20160822,22,125,expected
20160823,20,128,expected
20160824,25,126,expected
20160825,21,119,expected
20160826,24,144,expected
20160827,42,141,unexpected
20160828,26,93,expected
20160829,20,128,expected
20160830,20,136,expected
20160831,24,117,expected
20160901,11,129,expected
20160902,33,128,expected
20160903,45,100,unexpected
20160904,52,109,unexpected
20160905,47,106,unexpected
20160906,27,123,expected
20160907,24,111,expected
20160908,25,133,expected
20160909,27,136,expected
20160910,37,110,unexpected
20160911,40,99,unexpected
20160912,19,129,expected
20160913,18,132,expected
20160914,17,146,expected
20160915,26,145,expected
20160916,28,141,expected
20160917,49,113,unexpected
20160918,35,94,unexpected
20160919,16,133,expected
20160920,27,128,expected
20160921,31,107,expected
20160922,19,136,expected
20160923,33,131,expected
20160924,24,105,expected
20160925,24,105,expected
20160926,22,121,expected
20160927,11,131,expected
20160928,24,120,expected
20160929,17,136,expected
20160930,14,161,expected
20161001,25,107,expected
20161002,20,95,expected
20161003,22,91,expected
20161004,21,85,expected
20161005,23,134,expected
20161006,17,148,expected
20161007,38,151,unexpected
20161008,29,126,expected
20161009,14,98,expected
20161010,16,116,expected
20161011,16,141,expected
20161012,15,85,expected
20161013,25,164,expected
20161014,26,157,expected
20161015,31,96,expected
20161016,28,97,expected
20161017,27,116,expected
20161018,16,110,expected
20161019,24,126,expected
20161020,18,111,expected
20161021,27,150,expected
20161022,19,105,expected
20161023,20,95,expected
20161024,18,93,expected
20161025,10,112,expected
20161026,11,145,expected
20161027,21,152,expected
20161028,13,148,expected
20161029,22,110,expected
20161030,20,118,expected
20161031,26,130,expected
20161101,11,150,expected
20161102,21,131,expected
20161103,17,147,expected
20161104,22,154,expected
20161105,26,98,expected
20161106,12,99,expected
20161107,25,115,expected
20161108,14,118,expected
20161109,7,126,expected
20161110,14,129,expected
20161111,7,113,expected
20161112,11,109,expected
20161113,15,104,expected
20161114,5,126,expected
20161115,11,141,expected
20161116,12,125,expected
20161117,19,150,expected
20161118,12,160,expected
20161119,27,139,expected
20161120,6,108,expected
20161121,10,142,expected
20161122,12,157,expected
20161123,16,125,expected
20161124,13,90,expected
20161125,8,87,expected
20161126,11,82,expected
20161127,13,89,expected
20161128,13,117,expected
20161129,14,152,expected
20161130,18,153,expected
20161201,15,165,expected
20161202,14,110,expected
20161203,11,122,expected
20161204,12,96,expected
20161205,9,154,expected
20161206,11,118,expected
20161207,15,120,expected
20161208,7,118,expected
20161209,13,121,expected
20161210,16,94,expected
20161211,10,92,expected
20161212,15,128,expected
20161213,6,121,expected
20161214,3,124,expected
20161215,16,145,expected
20161216,7,153,expected
20161217,10,143,expected
20161218,8,91,expected
20161219,13,140,expected
20161220,11,155,expected
20161221,12,117,expected
20161222,7,121,expected
20161223,13,135,expected
20161224,9,102,expected
20161225,14,69,expected
20161226,2,90,expected
20161227,9,99,expected
20161228,5,121,expected
20161229,10,100,expected
20161230,12,108,expected
20161231,4,92,expected
20170101,13,103,expected
20170102,8,83,expected
20170103,8,114,expected
20170104,13,133,expected
20170105,15,128,expected
20170106,9,116,expected
20170107,8,173,expected
20170108,14,71,expected
20170109,14,114,expected
20170110,11,116,expected
20170111,11,129,expected
20170112,13,115,expected
20170113,15,137,expected
20170114,11,92,expected
20170115,7,90,expected
20170116,19,123,expected
20170117,6,124,expected
20170118,18,109,expected
20170119,9,127,expected
20170120,12,126,expected
20170121,19,87,expected
20170122,12,77,expected
20170123,12,143,expected
20170124,10,113,expected
20170125,21,98,expected
20170126,9,110,expected
20170127,9,108,expected
20170128,9,80,expected
20170129,17,89,expected
20170130,20,105,expected
20170131,14,118,expected
20170201,11,114,expected
20170202,14,123,expected
20170203,18,112,expected
20170204,8,117,expected
20170205,7,100,expected
20170206,17,124,expected
20170207,10,135,expected
20170208,17,107,expected
20170209,6,106,expected
20170210,4,134,expected
20170211,7,83,expected
20170212,6,81,expected
20170213,12,129,expected
20170214,12,143,expected
20170215,8,112,expected
20170216,22,138,expected
20170217,7,135,expected
20170218,21,98,expected
20170219,30,84,expected
20170220,14,98,expected
20170221,17,93,expected
20170222,13,103,expected
20170223,17,117,expected
20170224,28,120,expected
20170225,20,95,expected
20170226,16,89,expected
20170227,17,113,expected
20170228,14,112,expected
20170301,13,114,expected
20170302,14,137,expected
20170303,9,150,expected
20170304,18,97,expected
20170305,12,85,expected
20170306,16,118,expected
20170307,9,136,expected
20170308,17,114,expected
20170309,11,132,expected
20170310,16,132,expected
20170311,17,101,expected
20170312,48,107,unexpected
20170313,16,164,expected
20170314,5,68,expected
20170315,10,159,expected
20170316,15,157,expected
20170317,14,138,expected
20170318,24,102,expected
20170319,11,128,expected
20170320,9,148,expected
20170321,25,124,expected
20170322,15,123,expected
20170323,7,151,expected
20170324,8,122,expected
20170325,21,91,expected
20170326,13,94,expected
20170327,12,129,expected
20170328,8,122,expected
20170329,15,139,expected
20170330,12,125,expected
20170331,8,159,expected
20170401,14,111,expected
20170402,30,108,expected
20170403,3,127,expected
