KNUTLEY	847.0
LI	331.0
PELHAM MANOR	305.0
NUTLEY	291.666666667
STATEN  ISLAND	286.333333333
JAMAICA QUEENS	253.0
PALM HARBOR	235.0
SPRINGFIELD	228.0
UNION	193.0
WESTPORT	187.0
JACKSON HEIGHT	177.0
NEW JERCY	173.0
OCEANSIDE NEW YORK	163.0
BRIDGEWATER	147.333333333
New York	144.5
ROCKAWAY BECH	143.0
PARLIN	137.0
NORTH HILLS	125.0
AVENEL	124.0
STONEY BROOKE	119.0
MARONECK	107.0
ST ALBIN	104.0
CLARK	103.0
WOODBRIDGE TOWNSHIP	103.0
FREEHOLD	102.0
FELDEN	101.5
SADDLEBROOK	101.5
BELPORT	95.0
LONG SLAND	95.0
TEREBORO	95.0
WATCHUNG	94.0
HOOBKEN	92.0
SCOTTSPLAIN	91.0
JOURNAL SQUARE	87.0
BELLEROSE VILLAGE	84.0
BALDWIN NY	80.0
WESTBURRY	79.5
SELDEN	77.5
CENTER REACH	77.0
PALLISADES	76.0
JAMAICA, NY	75.0
LAKE GROVE	74.0
PRINSTON	74.0
ATLANTIC CITY	73.0
HOBOKIN	73.0
PERRY TOWN	73.0
ANSONIA	72.0
NEWARKK	72.0
PORT WASHINGTON,	72.0
LENOIA	70.0
LONG  BEACH	70.0
ALBION	69.0
BRONXVILE	69.0
LONG ILAND	69.0
NEW MLFORD	68.0
WANTAGH LI	67.0
EAST GARDEN CITY	66.0
ELIZABETH,	66.0
GREAT NECK, NEW YORK	66.0
NEWARK AIRPORT TERM.	66.0
HIOBOKEN	65.0
FLORAL PARK VILLAGE	64.0
ROSLAND	64.0
SECAUCUS JUNCTION	64.0
LAKEWOOD	63.5
NEW YOK	63.5
FECAUSUS	63.0
EAST MEADOW	62.375
JERSY CITY	62.0
HASBROUK HEIGHTS	61.0
JERICHO, LI	61.0
JOHNSON CITY	61.0
STANDFORD	61.0
BRIGHTON BEACH	60.0
CROTONA PARK	60.0
FORESTHILL	60.0
NEW YORK JFK AIRPORT	60.0
RIDGEWOD	60.0
1	59.0
GARWOOD	59.0
WHITEPLAN	59.0
GREAT NECK NY	58.0
STANFORD	58.0
NEWARK AIRPORT	57.7142857143
LYNNWOOD	57.5454545455
WILLISTON PARK	57.4
CROTON-ON-HUDSON	57.0
EAST SETUAKET	56.0
MANHASSETT	56.0
NORFORD	56.0
JERSEY	55.1428571429
DEDHAM	55.0
SENTEREACH	55.0
HARRISON	54.25
BRONX HILL ROAD	54.0
EWING	54.0
PARSIPPINY	54.0
ST PETE	54.0
TARRY TOWN	54.0
WEST BURRY	54.0
ELIZABETH	53.5
EAST HANNOVER TWP	53.0
EAST MEDOW	53.0
ORNAGE	53.0
WOODNERE	53.0
0	52.6666666667
HASBROUCK	52.3333333333
ARMONK	52.25
GREENWITCH	52.0
HEMPHSTEAD	52.0
MANARONECK	52.0
NOTH WOODMERE	52.0
SAYVILLE	51.5
EAST FETAUKET	51.0
GLENCOVE	51.0
PATCH OFE	51.0
RIVERVALE	51.0
RUTHERFORD?	51.0
ST. JOSEPHS VILLAGE	51.0
WADING RIVER	51.0
CARL PLACE	50.0
CLARA BARTON	50.0
JAMACA	50.0
ROCKLEIGH	50.0
EWR	49.0
LYNBROOK , NASSUA COUNTY	49.0
NEW WARK	49.0
NEWBURNSWICK	49.0
CHESTNUT RIDGE	48.3333333333
BASKING RIDGE	48.0
FLUSHING MEADOWS	48.0
MINOLA	48.0
NEWPORT	48.0
RYEBROOK	48.0
TERRYTOWN	47.75
EDGE WATER	47.0
GRANDVIEW	47.0
KENILWORTH	47.0
LINDHURST	47.0
ORANGETOWN	47.0
OLD WESTBURY	46.5
PASSAIC	46.5
BRIDGE  WATER	46.0
JFK	46.0
LONG BRANCH	46.0
WOOD-RIDGE	46.0
EAST RUTHERFORD	45.9047619048
GLEN HEAD	45.6666666667
RIVER VALE	45.0
WESTCHESTER COUNTY	45.0
HEWLETT	44.875
EAST NORTHPORT	44.6666666667
FAIRFIELD	44.4444444444
SOMMERSET	44.3333333333
EDGE WOOD	44.0
ELIZIBETH	44.0
JERICO	44.0
L.I.	44.0
MANHASETTE	44.0
PRINCETON JUNCTION	44.0
RED BANK	44.0
SOUTH OZONE PK	44.0
MILLBURN	43.5
RYE BROOK	43.5
ROCKVILLE CENTER	43.4615384615
BOHENIA	43.0
FLORHAM PARK	43.0
NORTH BALDWIN	43.0
LAWRENCE	42.8461538462
NASSAU COUNTY	42.3636363636
WHIPPANY	42.3333333333
PORT MONMOUTH	42.0
SATTLEBROOK	42.0
SCEAUCUS	42.0
JERICHO	41.5
PARKCHESTER	41.0
THIELLS	41.0
WEEHAUKEN	41.0
WOODMERE	40.6041666667
RIDGEFIELD	40.5
MALVERNE	40.4545454545
SECACUS	40.4
DOVER	40.3333333333
NORTH PORT	40.3333333333
GOLDENS BRIDGE	40.0
ROCKVILLE ENTER	40.0
SECUACUS	40.0
ISLIP	39.6666666667
OLD GREENWICH	39.5
PALISADES	39.5
TENAFLY	39.4285714286
NORTH MASSAPEQUA	39.0
ROCKVILLE CT.	39.0
WINDSOR	39.0
ROOSEVELT	38.875
Newark	38.5
FOREST HILL	38.0
JEARSEY CITY	38.0
PEARL RIVER	38.0
TARYTOWN	38.0
WOODCLIFF LAKE	38.0
STAMFORD	37.9375
WEST BABYLON	37.75
FAIR LAWN	37.6666666667
SEACACUS	37.6666666667
?	37.0
BEALVIEW	37.0
LA GUARDIA AIRPORTS	37.0
METUCHEN	37.0
MONTVALE	37.0
NEARK	37.0
TUXEDO PARK	37.0
WOODRIDGE	37.0
HACKENSACK	36.7142857143
NEWARK	36.6703910615
NORWALK	36.5454545455
UNION DALE	36.5
GREATNECK	36.25
GARDEN CITY	36.1868131868
NJ	36.0769230769
AMYTVILLE	36.0
EAST  RUTHERFORD NJ	36.0
EAST ROCKWAY	36.0
ELISABETH	36.0
FORTLEE	36.0
GARDEN HILLS	36.0
HASBROOK	36.0
LIDO BEACH	36.0
LINDBROOK	36.0
MONTCLAIR	36.0
N.Y	36.0
N/.A	36.0
QWYNN OAKS	36.0
ROCVILLE	36.0
SUMMIT	36.0
GREENWICH	35.6666666667
FORT JEFFERSON	35.5
COPIAGUE	35.2222222222
SOUTH ORANGE	35.2
WEEHAWKEN	35.05
ATLANTIC BEACH	35.0
BLOOMBRID	35.0
CALDWELL	35.0
CLARKSVILLE	35.0
GLENN COVE	35.0
FAMINGDALE	34.0
FORAL PARK	34.0
HASBROCK	34.0
WAYNE	34.0
GARFIELD	33.6666666667
NORTH BELMORE	33.6666666667
TARRYTOWN	33.5333333333
BERGEN COUNTY	33.5
HALIFAX	33.5
HOBKEN	33.0
LAKE HIAWATHA	33.0
UKNOWN	33.0
GREAT NECK	32.9743589744
ALBANY	32.5172413793
HEMPSTEAD	32.4222222222
UNIONDALE	32.2272727273
PHILADELPHIA	32.1764705882
SCARSDALE	32.0714285714
CARLE   PL	32.0
E	32.0
MAYWOOD	32.0
NEW ROCHELE	32.0
POUND BRIDGE	32.0
ROSLIN HEIGHTS	32.0
LYNBROOK	31.9512195122
TEANECK	31.7777777778
ASBURY PARK	31.5
NEWARD	31.3333333333
CAMBELL HALL	31.0
MASSAPEQUA	31.0
MONSEY	31.0
RAMSEY	31.0
RYBROOK	31.0
SCARDALES	31.0
SEACAUCUS	31.0
SEACUCUS	31.0
EDGEWATER	30.92
MANHASSET	30.8823529412
NEW BRUNSWICK	30.8333333333
CHATHAM	30.0
FLUSING	30.0
HANOVER	30.0
HARLEM	30.0
MANATTAN	30.0
NORTH SALEM	30.0
WESTLAKE	30.0
PELHAM	29.6666666667
HOBOKEN	29.6333333333
HOPEWELL JUNCTION	29.5
LONG BEACH	29.475
OCEANSIDE	29.2105263158
LEVITTOWN	29.1666666667
ROOSEVELT ISLAND	29.1666666667
DEMAREST	29.0
FANWOOD	29.0
LEDGEWOOD	29.0
MOUNT CLAIRE	29.0
RANDALLS ISLAND	29.0
ROSELYN	29.0
RYEBROOKE	29.0
NEW JERSEY	28.8292682927
CRANFORD	28.5
JERSEY CITY	28.48
NANUET	28.2857142857
UNION CITY	28.0555555556
BRICKTOWN	28.0
EAST WINDSOR	28.0
NEW HEMPSTEAD	28.0
SINGAPORE	28.0
WEST ISLIP	28.0
PORT WASHINGTON	27.8823529412
WANTAGH	27.3684210526
CEDARHURST	27.3636363636
NEW ROCHELLE	27.3625
BLOOMFIELD	27.1666666667
UNION HILLSIDE	27.0
ELMONT	26.962962963
PLAINVIEW	26.9444444444
FORT LEE	26.90625
BAYONNE	26.8181818182
ROCKVILLE CENTRE	26.5789473684
NEW CITY	26.5
PALISADES PARK	26.5
RIDGEFIELD PARK	26.4285714286
NEW WINDSOR	26.3333333333
NYC	26.2
CEDAR HURST	26.0
HELMSTEAD	26.0
JERCITY	26.0
LYNBROOK?	26.0
N?A	26.0
NEW HAVEN	26.0
PELHSM	26.0
RONKONKAMA	26.0
ROTKBILLE CENTRE	26.0
MERRICK	25.9583333333
MASSAPEQUA PARK	25.8
EAST BRUNSWICK	25.75
MORRISTOWN	25.7
MELVILLE	25.676056338
BAYSHORE	25.5
BRONXVILLE	25.5
HAUPPAGUE	25.5
PORTCHESTER	25.5
NA	25.2401960784
BAY SHORE	25.0
DOUGLASTON	25.0
GUTTENBURG	25.0
JERESY CITY	25.0
SOMERSET	25.0
WHITE PLAINS	25.0
WYCKOFF	25.0
VALLEY STREAM	24.7803468208
CLIFTON	24.75
LODI	24.75
STATEN	24.75
EAST ATLANTIC BEACH	24.6666666667
WEST NEW YORK	24.5416666667
AMITYVILLE	24.5
WESTFIELD	24.2857142857
BETHPAGE	24.2
LINBROOK	24.2
NIAGARA FALLS	24.2
LYNDHURST	24.1875
IRVINGTON	24.0769230769
BROOKLN	24.0
GREENICH	24.0
MT KISCO	24.0
TAPE LIBERTY	24.0
ISLANDIA	23.9761904762
HAUPPAUGE	23.8947368421
PARSIPPANY	23.5925925926
SOMERS	23.5
LONG ISLAND	23.4432989691
N/A	23.4347826087
EAST ROCKAWAY	23.2
WESTBURY	23.1555555556
FRANKLIN SQUARE	23.0454545455
CHATHEM	23.0
CLINTONDALE	23.0
DAYONNE	23.0
EDISON RT9 EXIT	23.0
GRAND CENTRAL STATION	23.0
LEVITS TOWN	23.0
MENDHAM	23.0
NEWSRK	23.0
WOODMEAR	23.0
OAKLAND GARDENS	22.7598205578
Richmond Hill	22.6840012795
WARWICK	22.6666666667
MINEOLA	22.5833333333
YONKERS	22.5696969697
PATCHOGUE	22.4545454545
WEST HEMPSTEAD	22.4545454545
BRENTWOOD	22.4
EAST ORANGE	22.4
FORT WASHINGTON	22.4
SADDLE BROOK	22.3333333333
NORTH BELLMORE	22.2727272727
BROOKYN	22.25
ALBERTSON	22.2222222222
South Ozone Park	22.1893652071
ROCKAWAY PARK	22.1509122582
BROOKYLN	22.0
EAST RUTHFORD	22.0
GARDEN CITY PAK	22.0
HILLSIDE	22.0
INGLEWOOD	22.0
JERSEY  CITY	22.0
KEARNY	22.0
KINGS POINT	22.0
MANHATTEN	22.0
N BERGEN	22.0
ORANGEBURG	22.0
ROOSEVELT AVENUE	22.0
ROOSEVET ISALND	22.0
WEEHAKEN	22.0
Breezy Point	21.9645476773
LITTLE NECK	21.9505849133
NEW HYDE PARK	21.9479367528
PURCHASE	21.8888888889
LOS ANGELES	21.7777777778
New Hyde Park	21.7411444142
South Richmond Hill	21.7219103653
PARAMUS	21.7142857143
MONROE	21.6666666667
BELLMORE	21.6388888889
FORT LAUDERDALE	21.6
NORTH BERGEN	21.5588235294
ISELIN	21.5
VALLEY COTTAGE	21.5
KEYPORT	21.3333333333
LARCHMONT	21.3333333333
SPRING VALLEY	21.2857142857
TETERBORO	21.25
East Elmhurst	21.1189020961
Flushing	21.0776434531
ALVERNE	21.0
AROUND NEW HYDE PARK EXIT	21.0
CRANBURY	21.0
EAS AMHERST	21.0
EDGEWOOD	21.0
LIVINGSTON	21.0
MONTCLEAR	21.0
NEWIRK	21.0
NORTH PLAIN FIELD	21.0
PELLHAM MANNOR	21.0
RIDEWOOD	21.0
ROSALYN	21.0
SECASCUS	21.0
STONY BROOK	21.0
SUMMERSET	21.0
WEST HARRINGTON	21.0
BELLEROSE	20.9310143914
HEMSTEAD	20.875
Floral Park	20.7331655129
WEST HARRISON	20.6666666667
FARMINGDALE	20.6511627907
BALDWIN	20.5925925926
HUNTINGTON	20.5714285714
NY	20.5203252033
OAKLAND	20.5
RUTHERFORD	20.5
HASBROUCK HEIGHTS	20.3333333333
WEST ORANGE	20.3333333333
NEW YORK CITY	20.2857142857
NASSAU	20.1111111111
INWOOD	20.0909090909
BABLYLON	20.0
BREYER WOOD	20.0
FT. WASHINGTON	20.0
GLEN RIDGE	20.0
Garden City	20.0
HASTINGS	20.0
HAUPPAUGE, SUFFOLK	20.0
MASSEPEQUA	20.0
NEW HIDE PARK	20.0
PATERSON	20.0
REGAL PARK	20.0
RIVER EDGE	20.0
ROCKVILL CENTRE	20.0
SAINT ALBANY	20.0
VALLEY STREAM BLVD.	20.0
VALLEY STREAM, LONG ISLAND	20.0
VALLEY STREET	20.0
W NEW YORK	20.0
WEST WINDSOR	20.0
WESTVILLE	20.0
OSSINING	19.875
Corona	19.8152804401
BAYSIDE	19.7331023388
RYE	19.7142857143
CARLE PLACE	19.6
QUEEENS	19.5
Maspeth	19.3223330775
LAKE SUCCESS	19.2857142857
MT VERNON	19.25
MANHATTAN	19.2079207921
Jackson Heights	19.1595182759
Woodhaven	19.147601862
Elmhurst	19.141409748
LINDENHURST	19.1
ALEXANDRIA	19.0
CONNETICUT	19.0
NEW JERSEYQ	19.0
NO NAME	19.0
PATTERSON	19.0
PLAINFIELD	19.0
WHITING	19.0
GLEN COVE	18.85
College Point	18.7551721505
ANONYMOUS	18.7272727273
ENGLEWOOD	18.619047619
BREEZY POINT	18.563976378
Bayside	18.5246037501
BERGENFIELD	18.5
NEW CANAAN	18.5
GLEN OAKS	18.4514516271
WARREN	18.3333333333
NEW  YORK	18.25
ROSLYN	18.25
SECAUCUS	18.1153846154
WHITESTONE	18.0867558454
WHITEPLAINS	18.0833333333
CAMBRIA HEIGHTS	18.0600416409
Woodside	18.0519048453
CINNAMON	18.0
EAST NORWICH	18.0
SOUTH AMBOY	18.0
WINTER PARK	18.0
Long Island City	17.9963175499
Ozone Park	17.9548069022
FRESH MEADOWS	17.9503536291
HAWTHORNE	17.9166666667
Rego Park	17.8449909961
NORTHPORT	17.8
000	17.75
MOUNT VERNON	17.74
JAMESTOWN	17.6666666667
DOBBS FERRY	17.6
Astoria	17.5962194106
MIDDLE VILLAGE	17.5722928493
PORT JEFFERSON STATION	17.5
Bellerose	17.4742053153
Middle Village	17.4216837215
Whitestone	17.4209863014
CARTERET	17.3333333333
Hollis	17.1687452139
Arverne	17.1155258765
CRANBERRY	17.0
FARMING DALE	17.0
FLORIDA	17.0
LAWERENCE	17.0
NEWWARD	17.0
PORT ELIZABETH	17.0
STATEN ISLANDE	17.0
WEST HEMPTSTEAD	17.0
WILKES BARRES	17.0
NORFOLK	16.9545454545
BOSTON	16.85
SEA CLIFF	16.8333333333
HOWARD BEACH	16.7920662121
Far Rockaway	16.747006227
Howard Beach	16.6887094927
VALLY STREAM	16.6666666667
Jamaica	16.6456522542
FLORAL PARK	16.6104456157
PISCATAWAY	16.6
RIVERSIDE	16.5714285714
WOODBURY	16.515625
RICHFIELD	16.5
SAINT ALBANS	16.4625540502
ROSLYN HEIGHTS	16.4285714286
00	16.3333333333
ENGLEWOOD CLIFFS	16.3333333333
ISLAND PARK	16.3333333333
PRINCETON	16.3333333333
NEW ROCHELL	16.25
PORT CHESTER	16.2307692308
SYOSSET	16.2307692308
SPRINGFIELD GARDENS	16.2280597659
GLENDALE	16.2
NEW MILFORD	16.2
FOREST HILLS	16.1270093045
QUEENS VILLAGE	16.08216383
ROSEDALE	16.0528186321
ANNONYMOUS	16.0
BALDWIN HARBOUR	16.0
BETHLEHEM PA	16.0
BLASDELL	16.0
BOTHEL	16.0
BRIARCLIFF	16.0
BROKKLYN	16.0
CEDAR KNOLLF	16.0
CHERMAN	16.0
DEPW	16.0
DESTIN	16.0
DULSA	16.0
EAST NORTH PORT	16.0
EDIMA	16.0
EDWARD CLIFTON	16.0
ESCONDIBO	16.0
FREE PORT	16.0
HORSHANM	16.0
HUCHINSON	16.0
ILLONOIS	16.0
IRVING DALLAS	16.0
JOHNSOL	16.0
LAGRANGE	16.0
MIDDLE VILLAGE, QUEENS	16.0
MILL VALLEY	16.0
MINNETONKA	16.0
MOONTOWNSHIP	16.0
MORRISVILLE	16.0
NEWTOW	16.0
PARISSIPANY	16.0
PARSIPPANI	16.0
PENSACOLA	16.0
PHONEIX	16.0
PHONIX	16.0
POM COAST	16.0
PORCHESTER	16.0
PORT SMITH	16.0
PREVOSE	16.0
RED OAK	16.0
SANDY	16.0
SAVANNAH	16.0
ST LOUIS PARK	16.0
TAMARAC	16.0
TAMARACK	16.0
TAMARC	16.0
TORRANCE	16.0
WASHINGTON DC	16.0
WEKESBARRE,	16.0
WEST BURLIN	16.0
WEST MINSTER	16.0
WING FARMINGDALE	16.0
Rockaway Park	15.9969921194
Ridgewood	15.9475299777
Sunnyside	15.9158098087
Glen Oaks	15.8978968183
Queens Village	15.6768064101
BRICK	15.6666666667
NORTH BABYLON	15.6666666667
PITTSBURG	15.6666666667
INDIANAPOLIS	15.5714285714
PHOENIX	15.5263157895
CHERRYHILL	15.5
CLOSTER	15.5
DICKSON	15.5
HAMILTON	15.5
MCALLEN	15.5
NORFORK	15.5
PHEONIX	15.5
PHILIDELPHIA	15.5
PLYMOUTH	15.5
SANTA ROSA	15.5
Little Neck	15.496579602
RONKONKOMA	15.4761904762
MAMARONECK	15.4285714286
AMHURST	15.4
BELLEVUE	15.3333333333
CAROL STREAM	15.3333333333
EDINA	15.3333333333
GETZVILLE	15.3333333333
GREEN BAY	15.3333333333
HORSHAN	15.3333333333
NILES	15.3333333333
SAINT CLOUD	15.3333333333
SANBORN	15.3333333333
ST LOUIS	15.3333333333
WILLMINGTON	15.3333333333
WILMINTON	15.3333333333
WOODLAND HILLS	15.3333333333
JACKSONVILLE	15.3090909091
CLEVELAND	15.2857142857
MEMPHIS	15.2857142857
STATEN ISLAND	15.2559822776
ARCADE	15.25
COON RAPIDS	15.25
DULUTH	15.25
EDEN PRAIRIE	15.25
KATONAH	15.25
SCRANTON	15.25
SYLVANIA	15.25
TRENTON	15.25
OAKS	15.2352941176
OKLAHOMA CITY	15.2222222222
HAZELWOOD	15.2
Oakland Gardens	15.1848313794
BOHEMIA	15.1666666667
CONCORD	15.1666666667
FORT WORTH	15.1666666667
HUSTON	15.1666666667
MINEAPOLIS	15.1666666667
ROCKVILLE	15.1666666667
SANTA ANA	15.1666666667
TEMPE	15.1666666667
X	15.1666666667
SAN ANTONIO	15.1538461538
PEEKSKILL	15.1428571429
Kew Gardens	15.1380406139
CHERRY HILL	15.125
WATERLOO	15.125
WILLIAMSVILLE	15.0909090909
BALTIMORE	15.0833333333
LONGWOOD	15.0666666667
NEWTON	15.0588235294
RENTON	15.0526315789
#200 BREA	15.0
*	15.0
/	15.0
0000 0000	15.0
00000000000	15.0
220	15.0
999	15.0
ABERDEEN	15.0
ADDISION	15.0
ADDISON	15.0
ADENA	15.0
ADINA	15.0
ALANTA	15.0
ALATHA	15.0
ALBERTSON,	15.0
ALEXANDERIA	15.0
ALL THAT IS KNOWN MASPETH QUEENS	15.0
ALLENTOWN	15.0
ALLENVILLE	15.0
ALPHARATTA	15.0
ALTHARETT	15.0
AMELIA	15.0
AMNETYVILLE	15.0
AMURST	15.0
ANAHEIM	15.0
ANAHIEM	15.0
ANDERSON	15.0
ANGLEWOOD	15.0
ANTIOCH	15.0
ANTONIO	15.0
ANYWHERE	15.0
ARETTA	15.0
ARIZONA	15.0
ARLINGTON	15.0
ARLINGTON HEIGHTS	15.0
ASRETTA	15.0
ASTOIA	15.0
ATLANTIC	15.0
ATLATA	15.0
AUGUSTA	15.0
BACDWIN	15.0
BACOI	15.0
BAKERSFIELD	15.0
BALDWIN HARBOR	15.0
BALDWIN PLACE	15.0
BALDWIN, NASSAU	15.0
BALITMORE	15.0
BANNOCKBURN	15.0
BATAZIA	15.0
BAYPORT	15.0
BAYSTATTION	15.0
BAYTOWN	15.0
BAYVILLE	15.0
BAYYON	15.0
BEACHWOOD	15.0
BEAVER TOWN	15.0
BEAVERTON	15.0
BEFDORD	15.0
BELLMOORE	15.0
BELMONT	15.0
BELMOORE	15.0
BELMORE	15.0
BELMORE, LONG ISLAND	15.0
BELMOUNT	15.0
BELTSZILLE	15.0
BENSALEM	15.0
BENTON HARBOR	15.0
BERGEN	15.0
BETHAPAGE	15.0
BEVERTON	15.0
BIRMINGHAM,	15.0
BISON	15.0
BLAIN	15.0
BLLOMINGTON	15.0
BLOOMIGTON	15.0
BLOOMINGDALE	15.0
BLOOMINGFIELD	15.0
BLOOMINTON	15.0
BLUE BELL	15.0
BLUEPOINT	15.0
BOCA RACON	15.0
BOCARATON	15.0
BOCAROPON	15.0
BOGART	15.0
BOHIEMA	15.0
BOORHEES	15.0
BOTHELL	15.0
BOWLING BROOK	15.0
BOWLING GREEN	15.0
BRAIN TREE	15.0
BRANDON	15.0
BREA	15.0
BRIARCLIFF MANOR	15.0
BRISTOL	15.0
BROOKSVILLE	15.0
BROOKVILLE	15.0
BUFFALLO	15.0
BUFFALO GROOVE	15.0
BUFFALO GROVE	15.0
BUFFALY	15.0
BUFFOLA	15.0
BURBANK	15.0
BURKE	15.0
BURLINGTON ORLANDO	15.0
BURMINGHAM	15.0
BUSHKILL	15.0
BUTLER	15.0
CALIFORNIA	15.0
CANCUN 2R	15.0
CANOGA	15.0
CANOGA PARK	15.0
CANOOGA PARK	15.0
CANTON	15.0
CAPITAL HEIGHTS	15.0
CARLASBAD	15.0
CARLETON	15.0
CARLEY PLACE	15.0
CARLFEAD	15.0
CARLISLE	15.0
CARLSBAD	15.0
CARLSDAD	15.0
CARLSPRINGS	15.0
CARLTON	15.0
CARMACK	15.0
CAROL PLACE	15.0
CAROL STREME	15.0
CAROLL STREAM	15.0
CARROLLTON	15.0
CARROLTON	15.0
CARROLTOWN	15.0
CARRY TOWN	15.0
CARSON	15.0
CARSON CITY	15.0
CARTHAGE	15.0
CASPER	15.0
CASTLEBURY	15.0
CATONAH	15.0
CEDAR FALLS	15.0
CENTER LINE	15.0
CENTER MORICHES	15.0
CENTEREACH	15.0
CENTRAL STREAM MORICHES	15.0
CHAMPAIGN	15.0
CHANDLER	15.0
CHARLESTON, NEVIS	15.0
CHARLOTTES	15.0
CHASKA	15.0
CHATSWORTH	15.0
CHEEKPOWA	15.0
CHEEKTOWAGA	15.0
CHEEPOWAA	15.0
CHESAPEAKE	15.0
CHESTER	15.0
CHESTER FIELD	15.0
CHESTERFIELD	15.0
CHINO	15.0
CINCINATTI	15.0
CITY OF INDUSTRY	15.0
CITY OF INTERESION	15.0
CLARKVILLE	15.0
CLAVERTON	15.0
CLEAR WATER	15.0
CLEARMONT	15.0
CLEVAND	15.0
CLEVLAND	15.0
CLIFF SIDE	15.0
CLIFFSIDE	15.0
CLIFFWOOD	15.0
CLIFSIDE PARK	15.0
CLIMONT	15.0
CO-OP CITY SECTION 5	15.0
COCKEYSVILLE	15.0
COCONUT	15.0
COIAGUE	15.0
COL.ANVURES	15.0
COLD SPRINGS HARBOR	15.0
COLLEGE STATION	15.0
COLMBUS	15.0
COLOADO SPRINGS	15.0
COLOMBUS	15.0
COLOMBUS OHIO	15.0
COLUMBUS OHIO	15.0
COLUMUS	15.0
COMACK	15.0
COMMAC	15.0
CONNECTICUT	15.0
CONYMANS HOLLOW	15.0
COONRATIDS	15.0
COPAGUE	15.0
COPPELL	15.0
CORAM	15.0
CORDOVA	15.0
CORRAM	15.0
COSTA MESA	15.0
COSTA MESSA	15.0
COUBERSTORT	15.0
COURT JEFF STA	15.0
COURT JEFFERSON	15.0
CRANSORD	15.0
CRANTON	15.0
CROTON	15.0
CROWNPOINT	15.0
DANA POINT CALIFORNIA	15.0
DATONA	15.0
DAVIS	15.0
DC	15.0
DEAR PARK	15.0
DECATUR	15.0
DELLMORE	15.0
DELMORE	15.0
DELUTH	15.0
DENBER	15.0
DENMORE	15.0
DENVER COLORADO	15.0
DES MOINES	15.0
DES MOINS	15.0
DES MONES	15.0
DES PLAINS	15.0
DES-PLAINES	15.0
DESPLAINES	15.0
DFD	15.0
DICKISON CITY	15.0
DICKSHILLS	15.0
DICKSON CITY	15.0
DIG HARBOR	15.0
DOBER	15.0
DOWNEY	15.0
DUBLIN	15.0
DUMONT	15.0
EAGAN	15.0
EAGLEWOOD CLIFF	15.0
EAST AURORA	15.0
EAST BRANCH	15.0
EAST HARTFORD	15.0
EAST ISLIP	15.0
EAST MEADOWN	15.0
EAST MIDDLE	15.0
EAST SANBORN	15.0
EASTE ELMHURST	15.0
EATON TOWN	15.0
EDANSTON ILL	15.0
EDEN PRARIE	15.0
EDEN PRIARY	15.0
EDENTON	15.0
EIMHURST	15.0
EL  DORADO	15.0
EL DORADO HILLS	15.0
ELIZBETH	15.0
ELK GROVE VILLAGE	15.0
ELLEN	15.0
ELMHERST	15.0
ELMIRA	15.0
ELMSFRD	15.0
ELMSORD	15.0
ELMSORDD	15.0
ELMUNT	15.0
ELMWOOD PARK	15.0
EMHURST	15.0
ENGLEWOOD CLIFTON	15.0
ENGLWOOD	15.0
ESDONDIDO	15.0
EVANSTON	15.0
EVENPRAIRIE	15.0
EVERETT	15.0
EXPORT	15.0
FAIRLAWN	15.0
FAIRPORT	15.0
FAR ROACKAWAY	15.0
FAR ROCKWA	15.0
FARMDALE	15.0
FARMER'S BRANCH	15.0
FARMERS BRANCH	15.0
FARMERSBRANCHE	15.0
FARMINDELE	15.0
FARMINGDAE	15.0
FARMINGDALE NY	15.0
FARMIONGDALE	15.0
FARMNGDALE	15.0
FAWNWOOD	15.0
FISHKILL	15.0
FITZGERALD	15.0
FLATBUSH	15.0
FLORAL PAK	15.0
FLORENCE	15.0
FOLSOM	15.0
FORT COLLINS	15.0
FORT JEFFERSON CITY	15.0
FORT JEFFERSON STATION	15.0
FORT LAUDERDAL	15.0
FORT MEYERS	15.0
FORT MILL	15.0
FORTJEFFERSON	15.0
FRAKLIN SQUARE	15.0
FRANKIN SQUARE	15.0
FRANKLIN  SQUARE	15.0
FRANKLIN SQ	15.0
FRANKLYN PARK	15.0
FRANKLYN SQ	15.0
FREDERICKSBURG	15.0
FRESNO	15.0
FRISCO	15.0
FRMNGDALE	15.0
FT LAUDERDALE	15.0
FT. JEFFERSON STATION	15.0
FT. PIERCE	15.0
GARDEN CITY PARK	15.0
GARNERVILLE	15.0
GEENVILLE	15.0
GEPZVILLE	15.0
GERMANTOWN	15.0
GETTSVILLE	15.0
GIBSONTON	15.0
GIG HARBOR	15.0
GLEN ALLEN	15.0
GLEN CLOVE	15.0
GLEN COVER	15.0
GLENCLOVE	15.0
GLENN ALLEN	15.0
GRAND RAPIDS	15.0
GRANTSPASS	15.0
GRAPE VINE	15.0
GRAY	15.0
GRAY NECK	15.0
GREAT  NECK	15.0
GREAT FALLS	15.0
GREELEY	15.0
GREEN	15.0
GREEN ALLEN	15.0
GREEN VILLAGE	15.0
GREENBOX	15.0
GREENBOXO	15.0
GREENSBORO	15.0
GREENSVILLE	15.0
GREENVIEW	15.0
GREENVILE	15.0
GREENVILLA	15.0
GREENWOOD LAKE	15.0
GROE CITY	15.0
GROVE CITY	15.0
HALBROOK	15.0
HALESITE	15.0
HALLANDALE	15.0
HALLANDALE BEACH	15.0
HAMILITON	15.0
HAMMOND	15.0
HAPPAGUE	15.0
HARRIMAN	15.0
HARRISBERG	15.0
HARRISBUG	15.0
HARRISBURGH	15.0
HARSHAM	15.0
HARTHORNE	15.0
HARTHWORNE	15.0
HASBROCK HEIGHTS	15.0
HATBORO	15.0
HAUPPAGE	15.0
HAUPPAUGD	15.0
HAUPPEUGE	15.0
HAUPPOUGH	15.0
HAUTPAUGE	15.0
HAWPHORNE	15.0
HAWTHORN	15.0
HAWTORNE	15.0
HAYWARD	15.0
HECKVELLE	15.0
HEMPSTEAD AVENUE	15.0
HEMPSTEAD BAY	15.0
HEMPSTEAD VILLAGE	15.0
HEMSTED VILLAGE	15.0
HENDERSON	15.0
HERIETTA	15.0
HERSHEY	15.0
HEWLETT BAY PARK	15.0
HI NELLA	15.0
HI-NELLA	15.0
HICKSVILE	15.0
HIDE PARK	15.0
HIGHLND PARK	15.0
HINELLA	15.0
HOFFMAN	15.0
HOFFMAN ESTATE	15.0
HOFFMAN ESTATES	15.0
HOLTVILLE	15.0
HOLYOKE	15.0
HOPKINTON	15.0
HORFHAM	15.0
HORSAM	15.0
HORSEHAM	15.0
HORSEHEADS	15.0
HOUSON	15.0
HOUTON	15.0
HOWARD	15.0
HOWELL	15.0
HUNGTINGTON	15.0
HUNT BALLY	15.0
HUNTIGTON STATION	15.0
HUNTINGTION	15.0
HUNTINGTON BEACH	15.0
HUNTINGTON NEW YORK	15.0
HUNTNGTON STATION	15.0
HUNTSVILLE	15.0
HUTCHINSON	15.0
IFLANDIA	15.0
INDIAN WELLS	15.0
INDIANA WELCH	15.0
INDIANAPOLLIS	15.0
INDUSTRY	15.0
INGELWOOD CLIFFS	15.0
INGLEWOOD CLIFF	15.0
IRVIE	15.0
IRVINE	15.0
IRVING	15.0
ISLANCIA	15.0
ISLANDA	15.0
ITHACA	15.0
ITHICA	15.0
JACKONVILLE	15.0
JACKSO VILLE	15.0
JACKSON VILLE	15.0
JACKSONSVILLE	15.0
JACKSONVILE	15.0
JACKSONVILL	15.0
JACKSONVILLE FL	15.0
JACKSONVILLE FLORIDA	15.0
JACKVILLE	15.0
JAMAICA ESTATE	15.0
JAMESBURG	15.0
JEFFERSON CITY	15.0
JERSEY AVE	15.0
JHACKSONVILLE	15.0
KALISPELL	15.0
KANSAS	15.0
KEANSBURG	15.0
KENNASAN	15.0
KENNESAW	15.0
KENNSHAW	15.0
KISCO	15.0
KNOX VALLEY	15.0
KOMACK	15.0
LA CROSSE	15.0
LAFAYETTE	15.0
LAGRANGEVILLE	15.0
LAKE ARIEL	15.0
LAKE MARY	15.0
LAKE RONKONKOMA	15.0
LAKE SUCESSS	15.0
LAKE WORTH	15.0
LAKEGROVE	15.0
LAKEWOOD RANCH	15.0
LAKEWORTH	15.0
LANGHORNE	15.0
LARGO	15.0
LAS  VEGAS	15.0
LAS VAGAS	15.0
LAUREL	15.0
LAUREL HOLLOW	15.0
LAUREL PARK	15.0
LAURELSON	15.0
LAURENCE	15.0
LEHIGH	15.0
LEHIGH VALLEY	15.0
LEVINGTON	15.0
LEVIT TOWN	15.0
LEVITT TOWN	15.0
LEYNNWOOD	15.0
LIBERMORE	15.0
LINDEHURSTN	15.0
LINDEN HURSH	15.0
LINDENHRST	15.0
LINDENURST, LONG ISLAND	15.0
LINDWOOD	15.0
LINHOPE	15.0
LINHURST	15.0
LINWOOD	15.0
LIVERMOORE	15.0
LIVERPOOL	15.0
LIVETTOWN	15.0
LIVINGTONS	15.0
LOCKAWANNA	15.0
LOCKPORT	15.0
LOCUST	15.0
LOG BEACH	15.0
LOMBARD	15.0
LONDON	15.0
LONG ISLAND  CITY	15.0
LONGBEACH RD	15.0
LORFORK	15.0
LOS ANGELAS	15.0
LOS ANGELOS	15.0
LOS ANGELOUS	15.0
LOS ANGLES	15.0
LOS ANGOLES	15.0
LOS GATOS	15.0
LOS VEGAS	15.0
LUISVILLE	15.0
LYME	15.0
LYNDENHURST	15.0
LYNNWOOD,	15.0
LYNNWOOOD	15.0
MAHOPAC	15.0
MAHOPOC	15.0
MAMHASSET	15.0
MANALABAN	15.0
MANCHESTER	15.0
MANHASSETT HILLS	15.0
MARANTE	15.0
MARENO VALLEY	15.0
MARETTA	15.0
MARGATE	15.0
MARGATE ROAD	15.0
MARIEPTA	15.0
MARIETTA	15.0
MARRIETTA	15.0
MARRITA	15.0
MASTECH	15.0
MASTETH	15.0
MASTIC BEACH	15.0
MATAWAN	15.0
MAUMEE	15.0
MCALLES	15.0
MCCARRAN	15.0
MECHANICSBURG	15.0
MEDFORD NEW YORK, SUFFOLK COUNTY	15.0
MELBOURNE	15.0
MELVERN	15.0
MELVILE	15.0
MELVILL	15.0
MEMPIS	15.0
MENDOTA  HEIGHTS	15.0
MENEAPOLIS	15.0
MENIFEE	15.0
MENOMONEE FALLS	15.0
MERINO VALLEY	15.0
METAIRE	15.0
METAIRIE	15.0
MIDDLE VILLAGE,	15.0
MIDDLEBORO	15.0
MIDDLEVILLAGE	15.0
MIDLOTHIAN	15.0
MILLER PLACE	15.0
MILLSTONE	15.0
MILWAUKEE	15.0
MINEAPPOLIS	15.0
MINESOTA	15.0
MINIOPOLIS	15.0
MINNEAPPOLOUS	15.0
MINNETONJA	15.0
MINNIAPILIS	15.0
MINNIAPOLIS	15.0
MINNIAPPOLIS	15.0
MIRALOMA	15.0
MIRAMAR	15.0
MISSIFFAUGA	15.0
MISSOULA	15.0
MOBILE	15.0
MODESTO	15.0
MONTBILLE	15.0
MONTEREY	15.0
MONTEREY PARK	15.0
MONTGOMERY	15.0
MONTOURSVILLE	15.0
MORDANDILLE	15.0
MOREELL	15.0
MORGAN HILL	15.0
MORWALK	15.0
MOUNT BURNIN	15.0
MOUNT LAUREL	15.0
MT SINAI	15.0
MT. SINAI	15.0
MT.VERNON	15.0
MTKA	15.0
MULLICA HILL	15.0
MUNSTER	15.0
MURRIETA	15.0
N	15.0
N MASSAPEQUA	15.0
N. CANTON	15.0
N.A	15.0
NA/	15.0
NARCROSS	15.0
NASSU	15.0
NATICK	15.0
NATIONAL TENNESSEE	15.0
NAUGATUCK	15.0
NAVADA	15.0
NAWELL	15.0
NE W HYDE PARK	15.0
NEEDHAM	15.0
NESA	15.0
NESCONSET	15.0
NEW ALBANY	15.0
NEW BERLIN	15.0
NEW CAMAAN	15.0
NEW HIDE	15.0
NEW HOPE	15.0
NEW HYDE  PARK	15.0
NEW HYDE PRK	15.0
NEW ORLEANS	15.0
NEW ROSCHELLE	15.0
NEW TOWN	15.0
NEW YORK CITY [?]	15.0
NEWARDK	15.0
NEWBURG	15.0
NEWFANE	15.0
NEWHIDE PARK	15.0
NEWHYDE PARK	15.0
NEWPORT BEACH	15.0
NEWTONVILLE	15.0
NEWTOWN	15.0
NIEGRA FALLS	15.0
NONE	15.0
NORCROSS GA	15.0
NOREROSS	15.0
NORMAL	15.0
NORTH FOLK	15.0
NORTH FORK	15.0
NORTH FORT	15.0
NORTH LAKE	15.0
NORTH PROVO	15.0
NORTH RIDGE	15.0
NORTHBROOK	15.0
NORTHFOLK	15.0
NORTHRIDGE	15.0
NORTHWEST	15.0
NORTHWEST PROVO	15.0
NOT AVAIL	15.0
NOT KNOWN	15.0
NOWELL	15.0
NV	15.0
OAK BROOK	15.0
OAK BROOKE	15.0
OAK RIDGE	15.0
OAKAHOMA	15.0
OAKBROOK	15.0
OH	15.0
OKLAHOMA	15.0
OKLAHOMA CITY, OK	15.0
OKSPA	15.0
OLANDO	15.0
OLATHE	15.0
OLD BECHPAGE	15.0
OLD BETHPAGE	15.0
OLDBRIDGE	15.0
ONPARIO	15.0
OOO	15.0
ORANGE BURGS	15.0
ORANGE PARK, FLORIDA	15.0
OTTAWA	15.0
OWENSBORO	15.0
OX	15.0
OXFORD	15.0
P.O. BOX 1233	15.0
P.O. BOX 643	15.0
PACOIMA	15.0
PALATINE	15.0
PALOS VERDES PENINSULA	15.0
PANAMA	15.0
PANAMA CITY	15.0
PARKRIDGE	15.0
PARKVILLE STATION	15.0
PARSITTANY	15.0
PATCHHOGUE	15.0
PAUL	15.0
PEACH TREE CORNERS GEORGIA	15.0
PECK SLIP	15.0
PELLA	15.0
PEONIX	15.0
PEORIA	15.0
PERRINEVILLE	15.0
PERTH AMBOY	15.0
PETALUMA	15.0
PHILA.	15.0
PHILADELHIA	15.0
PHILADEPHIA	15.0
PHILDELPHIA	15.0
PHILEDEPHIA	15.0
PHILLADELPHIA	15.0
PHIONEX	15.0
PHOENNIX	15.0
PHONIEX	15.0
PHOROFARA	15.0
PINE LAKE	15.0
PISCUTAWAY	15.0
PITSBURG	15.0
PLAIN VIEW	15.0
PLAINS	15.0
PLANO	15.0
PLATO	15.0
PLEASANTANTON	15.0
PLEASANTVILLE	15.0
PLEASENTVILLE	15.0
PO BOX 11590 ROCK HILL	15.0
POBOX 3517	15.0
POBOX 64886	15.0
PORT CHESETR	15.0
PORT JEFFERSON STA	15.0
PORT WASHINGTON AVENUE	15.0
PORT WASHINTON	15.0
PORTHCHESTER	15.0
PORTLAND	15.0
POUKEPSIE	15.0
PROVO	15.0
PUEBLO	15.0
PULSA	15.0
QUENS	15.0
QUUENS	15.0
RALEIGH DURHAM	15.0
RAPID CITY	15.0
RARETAN	15.0
RARITAN	15.0
RASPBERRY	15.0
REAT NECK	15.0
RENEON	15.0
RICHARDSON	15.0
RINGOEF	15.0
RISLANDA	15.0
RIVER FOREST	15.0
RIVSERSIDE	15.0
ROBBINSVILLE	15.0
ROBINSVILLE	15.0
ROCHELLE	15.0
ROCK HILL	15.0
ROCK HILLS	15.0
ROCKAWAY  BLVD	15.0
ROCKAWAY  PARK	15.0
ROCKCHESTER	15.0
ROCKHILL	15.0
ROCKLYN CENTER	15.0
ROCKVILLA CENTER	15.0
ROCKVILLE CENRE	15.0
RODCHESTER	15.0
ROHWAY	15.0
RONKOMKOMA	15.0
ROSELAND	15.0
ROSELIE	15.0
ROSELLE	15.0
ROSEVILLE	15.0
ROSYLN	15.0
ROSYLYN HIGHTS	15.0
SA	15.0
SACRAMENTO	15.0
SACREMENTO	15.0
SAINT	15.0
SAINT CHARLES	15.0
SAINT LOUIS PARK	15.0
SAINT PAUL	15.0
SAINT PAULS	15.0
SAIRPORT	15.0
SAITN JOSEPHS	15.0
SALLS	15.0
SAN ANOTNIO	15.0
SAN ANTIONIO	15.0
SAN ANTOINIO	15.0
SAN ANTOINO	15.0
SAN DIAGO	15.0
SAN HOSE	15.0
SANDIEGO	15.0
SANDSTON	15.0
SANTA ANNA	15.0
SANTIAGO	15.0
SARPORT	15.0
SAUK RAPIDS	15.0
SC0TTSDALE	15.0
SCARATON	15.0
SCHAUMBURG	15.0
SCHAUMBURGIL	15.0
SEAGIRT	15.0
SELINA	15.0
SEWAREN	15.0
SHAKER HEIGHTS	15.0
SHAKER HIGHTS	15.0
SHELDON	15.0
SHELTER ISLAND HIGHT	15.0
SHERMAN	15.0
SHERWOOD	15.0
SHIRLEY	15.0
SIOUX FALL	15.0
SIUX CITY	15.0
SKOKIE	15.0
SKOKYE	15.0
SLEEPY HIOLLOW	15.0
SLYVANIA	15.0
SMITH TOWN	15.0
SOMONA	15.0
SONAMA	15.0
SONOMA	15.0
SOUND BEACH	15.0
SOUTH DAYTONA	15.0
SOUTH FIELD	15.0
SOUTH HAMPTON	15.0
SOUTH HUNINGTON	15.0
SOUTH PAUL	15.0
SOUTHGATE	15.0
SPRINGDALE	15.0
ST CHARLES	15.0
ST CLOUD	15.0
ST GEORGE	15.0
ST JAMES	15.0
ST LUIS	15.0
ST PAULS	15.0
ST PETERBURG	15.0
ST PUL	15.0
ST.  PAUL	15.0
ST. CHARLES	15.0
ST. CLOUD	15.0
ST. JOHNS	15.0
ST. PAULS	15.0
ST. PETERSBURG	15.0
ST. TAUL	15.0
ST.LOUIS	15.0
STATE CHARLES	15.0
STATEN ISNALND	15.0
STE	15.0
STOCKTON	15.0
SUCCESS DRIVE	15.0
SUFFERN	15.0
SUFFIX	15.0
SUMMERS	15.0
SUMMERVILLE	15.0
SUNSET	15.0
SYIFFET	15.0
SYLAVANIA	15.0
SYOOSSET	15.0
SYOSET	15.0
SYOSSETT	15.0
SYSSET	15.0
TALAHASSEE	15.0
TAMPA	15.0
TAMPON SPRINGS	15.0
TAPPAN	15.0
TARZANA	15.0
TAYLOR	15.0
TEME	15.0
THEEKTOWAGA	15.0
THORN WOOD	15.0
THORNWOOD	15.0
THOROFAIR	15.0
THOROFARE	15.0
THOROSARE	15.0
THRONWOOD	15.0
TINLEY	15.0
TINLEY PARK	15.0
TONAWANDA	15.0
TORONTO	15.0
TRAVIS	15.0
TROY HILLS	15.0
TRUJILLO ALTO	15.0
TUCKAHOE	15.0
TUCKER	15.0
TUCSON	15.0
TUCWILA	15.0
TUIPEA BUFFALO GROVE	15.0
TUSCAN	15.0
TUSLA	15.0
TUSTIN	15.0
TWINS BURG	15.0
TWINSBURG	15.0
UNKNWN	15.0
UNKONWB	15.0
UNKOWN	15.0
UNKWN	15.0
UNN	15.0
UUNKNOWN	15.0
VALEY STREAM	15.0
VALLEY STEAM	15.0
VALLEY STREAMS	15.0
VALLEY VIEW	15.0
VALLYSTREAM	15.0
VERMONT	15.0
VILLA PARK	15.0
VILLAPARK	15.0
VILLE	15.0
VIRGINIA BCH	15.0
VLLA PARK	15.0
VRIGINIA BEACH	15.0
W HEMPSTEAD	15.0
WALKILL	15.0
WALLINGTON	15.0
WALTHAM	15.0
WARRENVILLE	15.0
WARRINGTON	15.0
WATTINGERS FALLS	15.0
WAUWATOSA	15.0
WESBURY	15.0
WEST  BUREY	15.0
WEST BERRY	15.0
WEST BOROUGH	15.0
WEST DES MOINES	15.0
WEST HAMPSTEAD	15.0
WEST HAMPTON	15.0
WEST LINWOOD	15.0
WEST LYNNWOOD	15.0
WEST MORELAND	15.0
WESTBOROUGH	15.0
WESTCHESTOR	15.0
WESTLAKE OH	15.0
WESTON	15.0
WHARTON	15.0
WHEATRIDGE	15.0
WHITE PLAINS ROAD	15.0
WHITEFULTHUR T STRINNY	15.0
WHYOMING	15.0
WILIMINGTON	15.0
WILKES	15.0
WILKES BARRY	15.0
WILKES-BEARRE	15.0
WILLAIMSVILLE	15.0
WILLIAM VILLE	15.0
WILLIAMSBURG  MI 49690	15.0
WILLIAMSDILLE	15.0
WILLIAMSVILLIE	15.0
WILLIFTON PARK	15.0
WILLIMINGTON	15.0
WILLINGTON	15.0
WILLOW	15.0
WINNIPEG	15.0
WINSTON-SALEM	15.0
WINTERBINE	15.0
WINTERVILLE	15.0
WIXOM	15.0
WIXON	15.0
WLLINGTON	15.0
WOBURN	15.0
WOOD DALE	15.0
WOOD LAND HILLS	15.0
WOODALE	15.0
WOODBERY PO BOX 9004	15.0
WOODBOURNE	15.0
WOODBRIDGE	15.0
WOODLAND HILL	15.0
WOODLANE HILL	15.0
WOODSBURY	15.0
WOODSTOCK	15.0
WORTH	15.0
WYOMISSING	15.0
XX	15.0
XXXXXXXXXXXXXXX	15.0
YAPHANK	15.0
YONKER	15.0
YORKTOWN	15.0
YORKTOWN HEIGHTS	15.0
Forest Hills	14.9670957187
BLOOMINGTON	14.9555555556
FREEPORT	14.9183673469
OYSTER BAY	14.8333333333
HORSHAM	14.7878787879
BIRMINGHAM	14.7647058824
MINNEAPOLIS	14.7586206897
FLUSHING	14.75497286
HOLLIS	14.6953411706
SEAFORD	14.6666666667
CHICAGO	14.6470588235
LAS VEGAS	14.625
COLUMBUS	14.6172839506
FAIRFAX	14.5
GREENVILLE	14.5
ROANOKE	14.5
Saint Albans	14.4978987138
SAN DIEGO	14.4375
JACKSON HEIGHTS	14.4315040026
BROOKLYN	14.3521925977
HOUSTON	14.3456790123
SPARKS	14.3157894737
TOLEDO	14.2941176471
ST. PAUL	14.2666666667
Fresh Meadows	14.2155598295
NORWELL	14.2115384615
SALEM	14.1818181818
PLEASANTON	14.1764705882
MIDDLETOWN	14.125
FAR ROCKAWAY	14.1122460882
ATLANTA	14.0943396226
LIVERMORE	14.0714285714
RIDGEWOOD	14.0614360551
ELMSFORD	14.0384615385
HARRISBURG	14.0208333333
AVERNE	14.0
GUTTENBERG	14.0
KINSTON	14.0
MT. VERNON	14.0
NEW ROSHELL	14.0
PLAINVIEUW (NEW YORK	14.0
SMITHTOWN	14.0
TRIBORO STATION	14.0
WAPPINGER FALLS	14.0
WILLIAMSPORT	14.0
YONKKERS	14.0
JAMAICA	13.9318295098
SIOUX FALLS	13.8333333333
UNKNOWN	13.8301886792
AMHERST	13.8181818182
Springfield Gardens	13.7574651773
MAHWAH	13.75
SOLON	13.7
NASHVILLE	13.625
DALLAS	13.6206896552
NORCROSS	13.6
BUFFALO	13.5921052632
NEWBURGH	13.5555555556
WILMINGTON	13.55
REGO PARK	13.5053228296
LITTLE FERRY	13.5
SOUTH OZONE PARK	13.4752520276
ST PAUL	13.4444444444
BROOKHAVEN	13.4
HIGHLAND PARK	13.4
ASTORIA	13.3544151364
KINGS PARK	13.3333333333
EAST ELMHURST	13.3249328283
Cambria Heights	13.3183196985
ENGLEWOOD CLIFF	13.2857142857
HICKSVILLE	13.2745098039
SOUTH RICHMOND HILL	13.2537236962
BROJTON	13.0
CHAPPAQUA	13.0
FORT LAUDERALE	13.0
JUPITER	13.0
LA MESA	13.0
NEW PROVIDENCE	13.0
OAK HARBOR	13.0
PEMBROKE PINES	13.0
QUEEN	13.0
RAEFORD	13.0
TOMS RIVER	13.0
WHITE PLANS	13.0
NEW YORK	12.9258604704
TREVOSE	12.9230769231
SYRACUSE	12.9
BOCA RATON	12.875
OVERLAND PARK	12.8571428571
SOUTH GATE	12.8571428571
WESTCHESTER	12.8461538462
AUSTIN	12.8
EDISON	12.8
RICHMOND HILL	12.7895954568
CARMEL	12.75
PORT JEFFERSON	12.75
MASPETH	12.7045319219
DENVER	12.6923076923
OCEAN SIDE	12.6666666667
SOUTH FLORAL PARK	12.6666666667
WAPPINGERS FALLS	12.6666666667
SUNNYSIDE	12.6185833205
NYACK	12.6
ESCONDIDO	12.5
JACKSON	12.5
NORTH WOODMERE	12.5
SAN FRANCISCO	12.5
TULSA	12.5
VALLEYSTREAM	12.5
COLLEGE POINT	12.4484159523
MASON	12.4
COMMACK	12.3953488372
ORLANDO	12.375
OZONE PARK	12.3523074246
DEER PARK	12.3333333333
POMONA	12.3333333333
ARVERNE	12.3287430984
HOLBROOK	12.3
WESTBERRY	12.25
Rosedale	12.1891188338
HUNTINGTON STATION	12.1111111111
KEW GARDENS	12.0583601213
ANDOVER	12.0
GREENWOOD VILLAGE	12.0
KANSAS CITY	12.0
LOCAL	12.0
MADISON	12.0
MILFORD	12.0
OMAHA	12.0
POWDER SPRINGS	12.0
SCOTRUN	12.0
ST. LOUIS	12.0
STONY POINT	12.0
UTUADO	12.0
WAPPINGERS FALL	12.0
WARWCK	12.0
WILLINGBORO	12.0
BRONX	11.9155788723
MIAMI	11.8333333333
EL PASO	11.75
CINCINNATI	11.6666666667
PLANTATION	11.6666666667
WILKES BARRE	11.625
LONG ISLAND CITY	11.5935417186
WILKES-BARRE	11.5714285714
ROCHESTER	11.5625
BELTSVILLE	11.5
CHELSEA	11.5
LYNWOOD	11.5
NORTH TONAWANDA	11.5
SAN DEIGO	11.5
HARTSDALE	11.4444444444
MELLVILLE	11.4
ELMHURST	11.3663590381
BKLYN	11.3333333333
HAVERHILL	11.25
HOLLYWOOD	11.25
ISLANDER	11.25
NORTHVALE	11.25
SEATTLE	11.25
DEERFIELD BEACH	11.2
/A	11.0
CLERMONT	11.0
CORAL SPRINGS	11.0
DIXHILLS	11.0
FORT MYERS	11.0
FREDERICK	11.0
LONG CITY	11.0
MADSION	11.0
NEW YERSEY	11.0
POMPANO	11.0
ROCKLAND COUNTY	11.0
WHITPLAINS	11.0
WOODSIDE	10.9816021257
WOODHAVEN	10.8582438694
LINDEN	10.8571428571
CHARLOTTE	10.7272727273
CLEARWATER	10.6666666667
LOUISVILLE	10.6666666667
SUNRISE	10.6666666667
WILLIAMSTOWN	10.6666666667
WOODBERRY	10.6363636364
AURORA	10.5
BINGHAMTON	10.5
BRIARWOOD	10.5
CLIFFSIDE PARK	10.5
MAHATTAN	10.5
MANALAPAN	10.5
MEDFORD	10.5
NEW JERSY	10.5
NEWPORT NEWS	10.5
POMPANO BEACH	10.5
POUGHKEEPSIE	10.5
SARASOTA	10.4285714286
CENTRAL ISLIP	10.4
BEDFORD	10.3333333333
BELLEVILLE	10.3333333333
KNOXVILLE	10.3333333333
LOWELL	10.3333333333
PITTSBURGH	10.3333333333
SLEEPY HOLLOW	10.3333333333
WARRENTON	10.3333333333
ARDSLEY	10.125
BEACON	10.0
BETHLEHEM	10.0
BRADENTON	10.0
DELRAY BEACH	10.0
DEPEW	10.0
FARMINGVILLE	10.0
FLUHNG	10.0
HICKVILLE	10.0
HOLTSVILLE	10.0
LEVITOWN	10.0
MANHATAN	10.0
MARION RD	10.0
MONROE TOWNSIP	10.0
NEWYORK	10.0
NIAGRA FALLS	10.0
PORRINGTON	10.0
PORT RICHEY	10.0
REDBANK	10.0
ROCKY MOUNT	10.0
SAINT JAMES	10.0
SOMERVILLE	10.0
UNK	10.0
VESTAL	10.0
VINELAND	10.0
WASHINGTON	10.0
CORONA	9.90188935777
SALT LAKE CITY	9.75
RIVERDALE	9.66666666667
FARMINDALE	9.5
N/	9.5
ROCKY POINT	9.5
THOUSAND OAKS	9.5
WANTAUGH	9.5
OLD BRIDGE	9.33333333333
VIRGINIA BEACH	9.33333333333
QUEENS	9.24685402685
BELLROSE	9.0
CENTRAL VALLEY	9.0
COOPER STATION	9.0
COVINA	9.0
CUMANCK	9.0
DURHAM	9.0
FLEETWOOD	9.0
MENANDS	9.0
MOORE	9.0
NEW MEXICO	9.0
NEW PORT RICHY	9.0
NORTH WOODNERE	9.0
OLD BETH PAGE	9.0
ROCKCHEASTER	9.0
SCOTCH PLAINS	9.0
SECACUSE	9.0
SHORT HILLS	9.0
SPRIGFIELD GARDEN	9.0
WESTHEMPSTEAD	9.0
BABYLON	8.57142857143
CLINTON	8.5
DES PLAINES	8.5
HAMDEN	8.5
LONGISLAND	8.5
MONTICELLO	8.5
SANDIAGO	8.5
SYOSETT	8.5
BRIDGEPORT	8.4
AVENTURA	8.0
BREAT NECK	8.0
CO OP CITY	8.0
CORNWELL	8.0
DAVEY	8.0
ELMFORD	8.0
GOSHEN	8.0
HAMPTON	8.0
HOBOEKEN	8.0
MARLTON	8.0
MOUNT PLEASENT	8.0
MOUNT VERON	8.0
NEWYOK	8.0
NY JAMAICA	8.0
OMESTEAD	8.0
PONOMA	8.0
REDDING	8.0
SHREWSBURY	8.0
SOUTH PORT	8.0
SUN CITY	8.0
UTICA	8.0
WESTERLEIGH	8.0
WHEATON	8.0
WURTSBORO	8.0
WEST PALM BEACH	7.88888888889
ROUND ROCK	7.75
ALPHARETTA	7.66666666667
AMITTYVILLE	7.5
BROKLYN	7.5
BRONX NY	7.5
CAMBRIDGE	7.5
CITY ISLAND	7.5
COLUMBIA	7.5
EASTON	7.5
ENGELWOOD CLIFFS	7.5
FRANKLIN	7.5
HARTFORD	7.5
MACOMB	7.5
MENDOTA HEIGHTS	7.5
MIAMI BEACH	7.5
MOUNT SINAI	7.5
NORWOOD	7.5
POST FALLS	7.5
RENO	7.5
STATEN ISAND	7.5
TEXAS	7.5
MAPLEWOOD	7.25
ANA HEIM	7.0
BOLTIMORE	7.0
CARDISS	7.0
CHULA VISTA	7.0
CLIFFHILL PARK,	7.0
DELTONA	7.0
EASTPOINT	7.0
FLUSH MEADOWS	7.0
RICHMOND  HILL	7.0
SADLEBROOK	7.0
SPRING	7.0
STONE MOUNTAIN	7.0
TRIANGLE	7.0
RICHMOND	6.875
CLARKSTON	6.5
LEONIA	6.5
BK	6.33333333333
NEW	6.33333333333
CAMDEN	6.0
CASTLETON	6.0
COLD SPRING HARBOR	6.0
EDEN PRAIRE	6.0
GRACIE STATION	6.0
JAMIAICA	6.0
KINGS PORT	6.0
KINGSTON	6.0
MALT BONER	6.0
NAUG.	6.0
PALM BAY	6.0
PALM BEACH	6.0
PEQUANNOCK	6.0
PERTHAMDOY	6.0
PHIL	6.0
PHILADELPIA	6.0
ROCHLLE PARK	6.0
SUISUN CITY	6.0
WAYLAND	6.0
WHTESTONE	6.0
	5.95088981017
CORTLANDT MANOR	5.33333333333
QNS	5.33333333333
VALHALLA	5.33333333333
BELLEVIEW	5.0
BERGUN	5.0
CROTON HUDSON	5.0
DOYLES TOWN	5.0
GREAT RIVER	5.0
HIGH POINT	5.0
JAMICA	5.0
LANCASTER	5.0
LAURENS	5.0
LITTLE ROCK	5.0
LONG ISLANE	5.0
NEW PORT RICHEY	5.0
NEWARK NJ	5.0
NORTH BERGAN	5.0
OCEAN	5.0
PEESKILL	5.0
PT LOOKOUT	5.0
RICHMON HILL	5.0
RICHMOND NY	5.0
SANDERSVILLE	5.0
SCOTTSDALE	5.0
SECAUCAS	5.0
SURF CITY	5.0
TITUSVILLE	5.0
VAUXHALL	5.0
WEEHAWKIN	4.5
BARNEGAT	4.0
CHESTERSPRING	4.0
DOUGLASVILLE	4.0
EAST SETAUKET	4.0
EUCLID	4.0
GARLAND	4.0
GREENS BOROUGH	4.0
HAMILTON TOWNSHIP	4.0
HEOENIX	4.0
HEWLETT TOWN	4.0
HIGHLAND	4.0
MOHEGAN	4.0
MONMOUTH	4.0
PLOVER	4.0
PORT JEFFERSON STATI	4.0
PROVIDENCE	4.0
SECAUCAUS	4.0
VALLEY SPRING	4.0
VANCOUVER	4.0
VOORHEES	4.0
WANTGAH	4.0
WASHINTON, D.C.	4.0
SAG HARBOR	3.75
BX	3.6
STATN ISLAND	3.5
WEST HEMSTEAD	3.5
WEST NYACK	3.5
CENTRAL PARK	3.37469586375
NEWWARK	3.2
BROOKYN NY	3.0
COLORADO SPRINGS	3.0
EAST ISLANDIA	3.0
EAST OWALL	3.0
LOUISGILLE	3.0
MOUNT HOLLY	3.0
NORTH CHARLESTON	3.0
NORTH PLAINFIELD	3.0
OLEANS	3.0
PATCHOUGE	3.0
RICHARDFIELD PARK	3.0
RIVERHEAD	3.0
SCHENECTADY	3.0
SCHENTADY	3.0
SOUTH FALLSBURGH	3.0
SPENCER	3.0
STATE ISLAND	3.0
TANAFLY	3.0
TOBYHANNA	3.0
VALLEYSTEAM	3.0
WEST BABALYON	3.0
WEST BABYLON AVE	3.0
WESTPORT/FAIRFIELD	3.0
WILMININGTON	3.0
EASTCHESTER	2.5
PORTSMOUTH	2.5
ALLEN TOWN	2.0
ALTAVENA	2.0
BEDFORD HILLS	2.0
BROOLYN	2.0
BROX	2.0
CEDERHURST	2.0
COLUBMUS	2.0
CYPRESS	2.0
DOBS FERRY	2.0
EAST ELMURST	2.0
FRESH MEDOWS RD	2.0
GARDEN GROVE	2.0
GREAT BARRINGTON	2.0
HASTINGS- ON HUDISON	2.0
ISLIN	2.0
KATANAH	2.0
LANDOVER	2.0
LITTELE NECK	2.0
MORNINGSIDE STATION	2.0
NEW YOR	2.0
PORTLAND MANOR	2.0
ROOSERVELT	2.0
SCARDALE	2.0
SEAFOR	2.0
UNION CITY, NJ	2.0
WALNUT CREEK	2.0
BROOKLY	1.6
BREWSTER	1.5
DIX HILLS	1.5
LIC	1.5
QUENNS	1.5
ST. ALBANS	1.5
0000	1.0
ALLEN	1.0
AVON	1.0
BATESBURGE	1.0
BELLEOSE	1.0
BRAINTREE	1.0
BRAIRWOOD	1.0
BROOKILYN	1.0
BUFFALOO GROVE	1.0
CAPE GIARDEAU	1.0
CAROL SPRINGS	1.0
CHESTERFEILD	1.0
COLONIAN	1.0
CORAL GABLES	1.0
EATONTOWN	1.0
FRANKLIN LAKE	1.0
GLENHEAD NY	1.0
HARISHAW	1.0
HILLSBORO BEACH	1.0
HOLBOKEN	1.0
HUNGINGTON	1.0
IRVERING BLVD	1.0
LONG VALLEY	1.0
MANHASSETTE	1.0
MARMARONECK	1.0
MIDDLE VILLIAGE	1.0
MOUNT POCANO	1.0
MT. CLEMENS	1.0
NEW HYDE PARK RD	1.0
NEW JER	1.0
NORCOSS	1.0
ONEONTA	1.0
ORANGE	1.0
PARSITPANY	1.0
PITSBURGH	1.0
PORT ST LUCIE	1.0
PRESCOTT	1.0
RIO GRANDE	1.0
ROCKDALE CENTER	1.0
SOUTH EASTERN	1.0
STATEN ISLAND NY	1.0
TAMARA	1.0
WALDWICK	1.0
WALL	1.0
WATERVILLE	1.0
WEST SAYEVILLE	1.0
WESTBERY	1.0
WESTLACO	1.0
SUFFOLK	0.5
BONX	0.333333333333
311 TEST SERVICE REQ	0.0
ALPINE	0.0
ALTON	0.0
ANTIONO	0.0
ATLANTIC HIGHLANDS	0.0
AUSTIN TOWN	0.0
AVERNE NEW YORK	0.0
BAY RIDGE	0.0
BEAR	0.0
BETH PAGE	0.0
BETHEL	0.0
BLADWIN	0.0
BOLTON LANDING	0.0
BRONXS	0.0
BROOKILLE	0.0
BROOLKYN	0.0
BROXTON	0.0
BRRROKLYN	0.0
BUCKEYE	0.0
BURNSIDE	0.0
CAMARILLO	0.0
CAMBRIA HEIGHS	0.0
CARLE  PLACE	0.0
CARLSTADT	0.0
CARROL STREEM	0.0
COLTS NECK	0.0
DEER PARK,	0.0
DSW AIRPORT	0.0
EAST AMHERST	0.0
EAST ELM HURST	0.0
EAST ELMHURTS	0.0
EAST RUTHEFORD	0.0
EAST TURHERFORD	0.0
EDJEWATER	0.0
ENGLISHTOWN	0.0
ESSEX COUNTY	0.0
FALLBROOK	0.0
FAMINDALE	0.0
FAR ROCKAWY	0.0
FARMINGDEALE	0.0
FARROCKWAY	0.0
FIVE TOWN	0.0
FIVE TOWNS	0.0
FLORA PARK	0.0
FLORAL OARK	0.0
FLUSHING QUEENS	0.0
FORT ST LUCIE	0.0
FRANKLIN LAKES	0.0
FRANLIN SQUARE	0.0
GATES	0.0
GILLETTE,	0.0
GRAND JUNCTION	0.0
GRANTS PASS	0.0
GREAT NECKS	0.0
GREENVALLE	0.0
HALBOCKEN	0.0
HARRINGTON PARK	0.0
HASTINGS ON HUDSON	0.0
HERKIMER	0.0
HIGHLAND MILLS	0.0
HILLSDALE	0.0
HUNTIGTON	0.0
INDIAN VILLAGE	0.0
INDIONAPOLIS	0.0
IRVERNE	0.0
ISELING	0.0
JERSEY CIY	0.0
JERSEY CTY	0.0
JFK AIRPORT	0.0
KE GARDENS HILLS	0.0
KEW GARDEN	0.0
LAPORT	0.0
LAWRENCEVILLE	0.0
LEXINGTON	0.0
LIVINGHURST	0.0
LORAL PARK	0.0
LYNDENURST	0.0
MADISON HEIGHTS	0.0
MAGNOLIA	0.0
MANHASSET HILLS	0.0
MANHATTANVILLE	0.0
MANORVILLE	0.0
MANY	0.0
MASSAURI	0.0
MATHEWS	0.0
MONTPELIER	0.0
MONTROSE	0.0
MOONACHIE	0.0
MORRISTON	0.0
MOUNT KISCO	0.0
MOUT VERNON	0.0
N. MERRICK	0.0
NBLOOMINGTON	0.0
NEW JERSEY CITY	0.0
NEW YORK NEW YORK	0.0
NEWBRUGH	0.0
NN	0.0
NORTH BRANCHBURG	0.0
NORTH BRUNSWICK	0.0
NYPD	0.0
OANGEBURG	0.0
OLD FORGE	0.0
OLD GREENWHICH	0.0
OORT WASHINGTON	0.0
ORADELL	0.0
ORCHARDPARK NY	0.0
PENFIELD	0.0
PETERBOROUGH	0.0
PIEDMONT	0.0
PLYMOUNTH	0.0
POUND RIDGE	0.0
PRATTVILLE	0.0
QUEENS/BROOKLYN	0.0
RADIO CITY STATION	0.0
RAPID	0.0
RD	0.0
RICH FIELD PARK	0.0
RICHMOND COUNTY	0.0
RIDGWOOD	0.0
ROCKAWAY	0.0
ROCKILLE CENTER	0.0
ROSLYN HEIGHT	0.0
SAKURAISHI	0.0
SANTA CLARA	0.0
SATATEN ISLAN	0.0
SATEN ISLAND	0.0
SD	0.0
SEAFORD`	0.0
SEWELL	0.0
SOUTH HACKENSACK	0.0
SOUTH OZONE	0.0
SPARTA	0.0
ST ALBANS	0.0
ST.ALBANS	0.0
STAMPFORD	0.0
STATEN ISAD	0.0
STATEN ISLAD	0.0
STEWART MANOR	0.0
TENNAFLY	0.0
THREE RIVERS	0.0
TOTOWA	0.0
TRUMBULL	0.0
UPPERSADDLE RIVER	0.0
VALLEY VEIW	0.0
WAVERLY	0.0
WEEHOKEN	0.0
WEST HEMPSTEAD,	0.0
WEST SAYVILLE	0.0
WESTCESTER	0.0
WILLAMSVILLE	0.0
WOODLAND PARK	0.0
WOOSIDE	0.0
