Forensic Engineering	537.897897898
NORC Complaint	357.6
Special Projects Inspection Team (SPIT)	211.582587105
New Tree Request	175.764230095
Taxi Compliment	159.377831715
No Child Left Behind	144.485714286
SG-99	138.0
Boilers	135.671782934
Registration and Transfers	123.252873563
Teaching/Learning/Instruction	115.682352941
Health	109.096153846
DOE Complaint or Compliment	105.706992231
Tree Work Permit Request	97.4558823529
Overgrown Tree/Branches	96.7077628231
Discipline and Suspension	96.5729013255
Safety	95.8736318408
Parent Leadership	92.5714285714
Interior Demo	89.625
Root/Sewer/Sidewalk Condition	84.5676168654
Elevator	83.8541433496
Bike Rack Condition	82.9078624079
Building/Use	80.0937290244
Graffiti	71.7376315239
Stalled Sites	69.9407616361
Tanning	67.1428571429
Illegal Tree Damage	65.989979445
Asbestos/Garbage Nuisance	63.0
Special Enforcement	59.3977743608
Street Sign - Missing	56.2984208082
Plumbing	55.6595872571
Noise - Helicopter	46.4102812803
Legal Services Provider Complaint	44.9119496855
School Maintenance	44.6336593646
Drinking Water	44.0180412371
For Hire Vehicle Complaint	41.355653346
Food Establishment	41.24428902
Dead Tree	41.0888648945
Taxi Complaint	39.3795070609
Damaged Tree	38.2368452844
Miscellaneous Categories	38.2156308851
Ferry Permit	37.2763157895
General Construction/Plumbing	37.0378263853
Indoor Sewage	36.2427856302
Fire Alarm - Reinspection	35.5277456647
Fire Alarm - Addition	34.3529411765
BEST/Site Safety	32.856897091
Street Sign - Damaged	31.7957781457
Fire Alarm - New System	31.6510297483
Vacant Lot	31.5486568677
Lifeguard	30.7352941176
Public Payphone Complaint	30.4862119013
Fire Alarm - Replacement	29.7926829268
Highway Sign - Missing	29.718487395
ELEVATOR	28.2887182911
Fire Alarm - Modification	27.9437037037
Electrical	27.9348151474
Mold	27.1387915937
Beach/Pool/Sauna Complaint	26.0401891253
Consumer Complaint	25.4524686526
Transportation Provider Complaint	25.007518797
GENERAL	24.4065026743
Investigations and Discipline (IAD)	24.3422664625
Bottled Water	24.3305084746
Highway Sign - Damaged	24.2865497076
UNSANITARY CONDITION	23.7149648962
Standing Water	23.3982491489
X-Ray Machine/Equipment	22.3225806452
Scaffold Safety	21.6745406824
Harboring Bees/Wasps	20.9405537459
AGENCY	20.4
APPLIANCE	20.1434374769
WATER LEAK	20.0047967325
Special Natural Area District (SNAD)	19.8992248062
FLOORING/STAIRS	19.6921473939
Illegal Animal - Sold/Kept	19.4347826087
OUTSIDE BUILDING	19.4341706366
Municipal Parking Facility	19.3506711409
DOOR/WINDOW	19.3298881166
PAINT/PLASTER	18.8599072277
Sprinkler - Mechanical	18.7567567568
Indoor Air Quality	18.5983229956
NONCONST	17.6994053974
Emergency Response Team (ERT)	17.6863543788
SAFETY	17.3034487668
Curb Condition	17.0206617339
SRDE	17.0
Building Condition	16.7368421053
ELECTRIC	16.4597808669
Water Quality	16.0362217563
Cranes and Derricks	15.6934823091
PLUMBING	15.6172970226
Portable Toilet	14.9166666667
Senior Center Complaint	14.5300411523
CONSTRUCTION	14.5234403839
GENERAL CONSTRUCTION	14.3723353186
Cable Complaint	14.2192874693
PAINT - PLASTER	13.9301166202
Parking Card	13.4049586777
SCRIE	13.326229357
Unleashed Dog	12.7152937026
Sewer	12.5171948584
Public Assembly	11.8306188925
LinkNYC	11.5061728395
Street Sign - Dangling	10.8569569876
STRUCTURAL	10.75
Open Flame Permit	10.7055555556
DOF Property - Payment Issue	10.5440187783
Radioactive Material	10.4923076923
Broken Parking Meter	10.4683403688
Highway Sign - Dangling	10.4636363636
Dead/Dying Tree	10.1721647646
Foam Ban Enforcement	9.9375
Bus Stop Shelter Placement	9.80152256661
Sidewalk Condition	9.44347916884
Trapping Pigeon	9.0
Unsanitary Pigeon Condition	8.92632927611
Illegal Animal Sold	8.89968652038
ATF	8.73786407767
Broken Muni Meter	8.65438404548
Utility Program	8.58570330515
VACANT APARTMENT	8.5
Unsanitary Animal Pvt Property	8.25075620085
DOT Literature Request	8.1825274216
Maintenance or Facility	8.12332583307
Animal Facility - No Permit	8.052734375
HEAP Assistance	7.96443390634
DCA Literature Request	7.86641366224
OEM Literature Request	7.77363636364
Alzheimer's Care	7.69596737653
Ferry Complaint	7.60792430514
Highway Condition	7.49281972809
Street Condition	7.29536250621
Street Light Condition	7.23534301567
Unsanitary Animal Facility	7.06319115324
Water System	6.7954879194
Illegal Animal Kept as Pet	6.78831312018
Trans Fat	6.46666666667
DHS Income Savings Requirement	6.43506493506
Rodent	6.32245737642
DOF Property - Property Value	6.27568922306
Public Assembly - Temporary	6.2380952381
Recycling Enforcement	6.16062028738
Housing Options	6.11937667466
DOF Parking - Payment Issue	5.94632000628
Noise	5.83044936699
DPR Literature Request	5.75
DOF Parking - Tax Exemption	5.69813391877
DHS Advantage - Third Party	5.68518518519
Home Care Provider Complaint	5.63507109005
Electronics Waste	5.5544081381
DOF Property - Reduction Issue	5.47901350435
Asbestos	5.27286027798
Case Management Agency Complaint	5.27127659574
Violation of Park Rules	5.26302729529
Animal in a Park	5.18390524864
Ferry Inquiry	5.08976012381
DHS Advantage - Tenant	5.0246029807
Bereavement Support Group	4.99056603774
DOF Parking - Address Update	4.74028629857
DHS Advantage -Landlord/Broker	4.69519465711
Air Quality	4.68687966384
Standpipe - Mechanical	4.60526315789
Fire Safety Director - F58	4.53062378798
Dirty Conditions	4.52004964233
Poison Ivy	4.46593673966
Bridge Condition	4.41338406446
HEATING	3.82835059474
DOF Property - RPIE Issue	3.7556
Snow	3.7131540441
EAP Inspection - F59	3.46052009456
Home Delivered Meal Complaint	3.3601236476
DOR Literature Request	3.34328358209
Calorie Labeling	3.29508196721
Lost Property	3.28571428571
Public Toilet	3.23913043478
Elder Abuse	3.2147411853
Home Repair	3.18397887324
Traffic Signal Condition	3.06270470859
HEAT/HOT WATER	3.04206798888
Unspecified	3.0
Housing - Low Income Senior	2.93141033823
Weatherization	2.78305963699
Other Enforcement	2.7124905078
DOF Parking - Request Status	2.45998231262
DOF Property - City Rebate	2.30615640599
Food Poisoning	2.23976028477
DFTA Literature Request	2.216
DOF Parking - DMV Clearance	2.20484061393
DCA / DOH New License Application Request	2.17351927547
Derelict Bicycle	2.15688929001
HPD Literature Request	2.11733855681
Adopt-A-Basket	2.103926097
DOF Property - Owner Issue	2.09531589497
DRIE	2.0773993808
Unlicensed Dog	2.0
Overflowing Recycling Baskets	1.68503937008
Eviction	1.61333333333
Home Delivered Meal - Missed Delivery	1.55944798301
Sweeping/Missed	1.50930851064
Sweeping/Inadequate	1.46090534979
Missed Collection (All Materials)	1.39536314876
Lead	1.31660877722
Request Xmas Tree Collection	1.16734074823
DOF Property - Update Account	1.09894321217
Litter Basket / Request	1.09107825387
Sanitation Condition	1.05532769335
DOF Parking - Request Copy	1.03871695276
Industrial Waste	1.02926957898
MOLD	1.0
DOF Property - Request Copy	0.970003239391
Sweeping/Missed-Inadequate	0.931522825725
Collection Truck Noise	0.912850812408
Agency Issues	0.895975405254
DOF Literature Request	0.852513011638
Hazmat Storage/Use	0.84375
Construction	0.840474760677
Water Conservation	0.821262527121
Overflowing Litter Baskets	0.743341146388
Tunnel Condition	0.72
DEP Literature Request	0.581352833638
Hazardous Materials	0.56957480638
Found Property	0.489296636086
DOF Property - State Rebate	0.428571428571
Plant	0.413945278023
Summer Camp	0.352760736196
Literature Request	0.287425149701
Tattooing	0.238912732475
Homeless Person Assistance	0.188852877462
DPR Internal	0.178945434503
Complaint	0.128660159716
Non-Residential Heat	0.115231926452
Derelict Vehicle	0.11129346358
Request for Information	0.0636017974421
Noise - Residential	0.0351276193671
Animal Abuse	0.0331609370246
Homeless Encampment	0.0323000898473
Drug Activity	0.0318181818182
Blocked Driveway	0.0311573659872
Noise - Vehicle	0.0268687915842
Smoking	0.0262703595286
Noise - Street/Sidewalk	0.0261118342095
Illegal Parking	0.0244760943279
Non-Emergency Police Matter	0.0240972521939
Drinking	0.0234064785789
Opinion for the Mayor	0.0221036585366
Bike/Roller/Skate Chronic	0.0218668407311
Disorderly Youth	0.0212134068731
Traffic	0.0162254160363
Compliment	0.0156695156695
Noise - Commercial	0.0149304261
Noise - House of Worship	0.0144546649146
Noise - Park	0.0140352430709
Illegal Fireworks	0.0124309392265
Vending	0.0120197318141
Panhandling	0.0106698280972
Traffic/Illegal Parking	0.00868512849719
Posting Advertisement	0.00864752680733
Urinating in Public	0.00671570195075
Misc. Comments	0.00503778337531
Derelict Vehicles	0.00105659845737
Benefit Card Replacement	1.17027501463e-05
Advocate - Other	0.0
Advocate - RPIE	0.0
Advocate-Business Tax	0.0
Advocate-Co-opCondo Abatement	0.0
Advocate-Commercial Exemptions	0.0
Advocate-Personal Exemptions	0.0
Advocate-Prop Class Incorrect	0.0
Advocate-Prop Refunds/Credits	0.0
Advocate-Property Value	0.0
Advocate-SCRIE/DRIE	0.0
Advocate-UBT	0.0
City Vehicle Placard Complaint	0.0
Comment	0.0
Day Care	0.0
FHE	0.0
For Hire Vehicle Report	0.0
Forms	0.0
Gas Station Discharge Lines	0.0
Hazardous Material	0.0
Healthcare Facilities	0.0
Invitation	0.0
LEAD	0.0
Laboratory	0.0
Meals Home Delivery Required	0.0
Micro Switch	0.0
Mosquitoes	0.0
Noise Survey	0.0
OEM Disabled Vehicle	0.0
Rangehood	0.0
Research Questions	0.0
SNW	0.0
Sewer Maintenance	0.0
Squeegee	0.0
Taxi Report	0.0
Taxpayer Advocate Inquiry	0.0
Water Maintenance	0.0
Window Guard	0.0
