('01/22/2016', '10033', 'Water System')	817
('09/21/2016', '11205', 'Noise - Residential')	497
('09/20/2016', '11205', 'Noise - Residential')	463
('01/22/2016', '10040', 'Water System')	433
('02/01/2017', '11209', 'Water System')	406
('01/22/2016', '10032', 'Water System')	404
('05/03/2016', '11205', 'Noise - Residential')	387
('07/04/2016', '11205', 'Noise - Residential')	369
('11/01/2011', '11357', 'Water System')	367
('10/04/2013', '10022', 'Water System')	322
('02/01/2017', '11228', 'Water System')	319
('06/14/2016', '11205', 'Noise - Residential')	296
('07/03/2016', '11205', 'Noise - Residential')	292
('09/17/2010', '11375', 'Damaged Tree')	289
('10/29/2011', '10314', 'Damaged Tree')	278
('12/01/2014', '11233', 'New Tree Request')	274
('04/27/2013', '11105', 'New Tree Request')	273
('09/17/2010', '11358', 'Damaged Tree')	271
('07/18/2013', '10452', 'Water System')	266
('06/08/2011', '10040', 'Water System')	255
('07/16/2015', '10468', 'Rodent')	254
('06/06/2016', '10314', 'Water System')	243
('01/26/2013', '10308', 'Water System')	236
('07/22/2011', '10452', 'Water System')	225
('08/29/2016', '11205', 'Noise - Residential')	216
('07/05/2016', '11205', 'Noise - Residential')	214
('09/17/2010', '11355', 'Damaged Tree')	212
('09/17/2010', '11367', 'Damaged Tree')	211
('05/03/2013', '11105', 'New Tree Request')	210
('10/30/2011', '10314', 'Damaged Tree')	206
('05/22/2012', '10314', 'Water System')	204
('02/02/2017', '11209', 'Water System')	204
('06/21/2012', '10452', 'Water System')	203
('10/08/2013', '11694', 'New Tree Request')	202
('02/08/2014', '10304', 'Water System')	197
('09/17/2010', '11361', 'Damaged Tree')	196
('05/03/2013', '11220', 'New Tree Request')	190
('12/07/2015', '11366', 'Water System')	182
('09/08/2016', '11205', 'Noise - Residential')	176
('07/21/2011', '10452', 'Water System')	175
('09/17/2010', '11385', 'Damaged Tree')	174
('09/09/2016', '11205', 'Noise - Residential')	173
('10/29/2011', '10312', 'Damaged Tree')	173
('09/17/2010', '11365', 'Damaged Tree')	169
('01/19/2017', '11213', 'Water System')	168
('10/30/2014', '10306', 'Water System')	166
('01/21/2010', '10002', 'Graffiti')	163
('02/23/2013', '11220', 'New Tree Request')	162
('01/19/2017', '11238', 'Water System')	159
('08/28/2011', '11236', 'Sewer')	159
('07/19/2013', '10452', 'Water System')	157
('05/08/2014', '11216', 'New Tree Request')	157
('02/21/2009', '11004', 'Water System')	154
('10/23/2016', '11209', 'Water System')	150
('09/16/2010', '11375', 'Damaged Tree')	149
('04/30/2016', '11205', 'Noise - Residential')	149
('08/06/2013', '11238', 'New Tree Request')	149
('07/09/2016', '10001', 'Noise - Street/Sidewalk')	148
('09/17/2010', '11379', 'Damaged Tree')	146
('01/22/2016', '10034', 'Water System')	146
('09/03/2016', '10033', 'Noise - Street/Sidewalk')	146
('09/23/2011', '10032', 'Noise Survey')	145
('05/11/2010', '10305', 'Water System')	143
('09/20/2010', '11375', 'Damaged Tree')	142
('07/22/2011', '10453', 'Water System')	141
('10/31/2011', '10314', 'Damaged Tree')	141
('01/09/2013', '11234', 'Water System')	140
('02/02/2017', '11228', 'Water System')	140
('07/12/2011', '10040', 'Water System')	138
('01/23/2015', '10011', 'Water System')	138
('05/03/2014', '11216', 'New Tree Request')	135
('07/05/2015', '11221', 'Noise - Residential')	135
('03/08/2013', '11220', 'New Tree Request')	134
('10/30/2011', '10312', 'Damaged Tree')	134
('11/08/2012', '11364', 'Damaged Tree')	132
('10/29/2011', '10309', 'Damaged Tree')	130
('09/16/2010', '11358', 'Damaged Tree')	130
('02/22/2013', '11220', 'New Tree Request')	128
('10/01/2013', '11694', 'Plant')	128
('08/28/2011', '10306', 'Sewer')	126
('07/06/2010', '10040', 'Water System')	125
('05/06/2014', '11213', 'New Tree Request')	123
('03/14/2010', '10306', 'Damaged Tree')	122
('04/28/2010', '10002', 'Graffiti')	121
('09/16/2010', '11365', 'Damaged Tree')	121
('09/16/2010', '11367', 'Damaged Tree')	119
('09/18/2010', '11375', 'Damaged Tree')	119
('03/31/2013', '11220', 'New Tree Request')	119
('09/25/2012', '11101', 'Water System')	118
('10/09/2012', '11234', 'Water System')	118
('12/30/2016', '10001', 'Noise - Street/Sidewalk')	118
('05/02/2014', '11238', 'New Tree Request')	117
('08/06/2013', '11216', 'New Tree Request')	116
('07/22/2011', '11208', 'Water System')	115
('01/30/2011', '11414', 'Water System')	114
('10/29/2012', '10312', 'Damaged Tree')	114
('10/25/2013', '11220', 'New Tree Request')	114
('07/02/2014', '11238', 'New Tree Request')	112
('10/31/2012', '11357', 'Damaged Tree')	112
('01/20/2009', '11234', 'Snow')	111
('12/07/2015', '11365', 'Water System')	109
('09/18/2010', '11358', 'Damaged Tree')	109
('10/09/2013', '11694', 'New Tree Request')	109
('10/30/2012', '11230', 'Damaged Tree')	108
('03/06/2013', '11220', 'New Tree Request')	108
('07/31/2013', '10301', 'Water System')	107
('03/08/2016', '11229', 'New Tree Request')	107
('10/30/2012', '11236', 'Sewer')	106
('04/20/2013', '11220', 'New Tree Request')	105
('01/07/2010', '10002', 'Graffiti')	105
('03/14/2010', '11229', 'Damaged Tree')	104
('09/21/2010', '11375', 'Damaged Tree')	103
('04/26/2013', '11105', 'New Tree Request')	103
('08/23/2011', '11368', 'Graffiti')	103
('01/31/2017', '11249', 'Water System')	103
('01/19/2017', '11215', 'Water System')	103
('05/11/2016', '10003', 'Air Quality')	102
('10/31/2012', '10314', 'Damaged Tree')	102
('05/01/2014', '11208', 'Sewer')	102
('01/05/2013', '10466', 'Water System')	102
('10/03/2013', '10022', 'Water System')	102
('05/07/2016', '10003', 'Broken Muni Meter')	101
('05/07/2016', '10019', 'Broken Muni Meter')	101
('07/20/2015', '11238', 'New Tree Request')	101
('01/25/2010', '10002', 'Graffiti')	100
('10/31/2012', '10312', 'Damaged Tree')	100
('09/03/2016', '11205', 'Noise - Residential')	99
('05/07/2016', '10006', 'Noise - Street/Sidewalk')	99
('08/18/2013', '11216', 'New Tree Request')	98
('05/08/2015', '10029', 'Noise - Commercial')	97
('07/22/2011', '10460', 'Water System')	96
('02/12/2010', '10306', 'Snow')	96
('09/16/2010', '11385', 'Damaged Tree')	96
('07/21/2011', '10453', 'Water System')	95
('03/20/2014', '10305', 'Water System')	95
('07/23/2011', '10453', 'Water System')	95
('10/29/2012', '11426', 'Damaged Tree')	95
('05/01/2014', '10306', 'Sewer')	94
('03/07/2012', '11237', 'Water System')	94
('04/25/2013', '10309', 'Water System')	94
('11/08/2012', '11365', 'Damaged Tree')	94
('08/29/2011', '10312', 'Damaged Tree')	93
('11/08/2012', '11426', 'Damaged Tree')	93
('03/30/2010', '10305', 'Sewer')	92
('10/29/2012', '11230', 'Damaged Tree')	92
('02/09/2012', '11373', 'Water System')	92
('10/30/2012', '11357', 'Damaged Tree')	92
('02/24/2014', '10308', 'Water System')	91
('11/08/2012', '11427', 'Damaged Tree')	91
('03/15/2017', '10314', 'Snow')	91
('11/08/2012', '11432', 'Damaged Tree')	91
('07/07/2010', '10040', 'Water System')	90
('02/19/2009', '11215', 'Street Condition')	90
('07/22/2011', '10468', 'Water System')	89
('03/19/2010', '11420', 'Water System')	89
('04/23/2010', '11229', 'Water System')	89
('04/17/2016', '11205', 'Noise - Residential')	88
('01/01/2015', '10032', 'Noise - Residential')	88
('11/23/2014', '11216', 'Noise - Commercial')	88
('09/16/2010', '11215', 'Damaged Tree')	87
('06/18/2014', '11372', 'New Tree Request')	87
('01/22/2010', '10002', 'Graffiti')	87
('05/22/2012', '10302', 'Water System')	87
('12/14/2012', '11375', 'Water System')	87
('10/30/2012', '11426', 'Damaged Tree')	86
('07/29/2016', '11203', 'New Tree Request')	86
('06/14/2011', '10472', 'PAINT - PLASTER')	86
('01/05/2013', '11694', 'Water System')	86
('09/13/2012', '11378', 'Water System')	86
('10/30/2012', '11432', 'Damaged Tree')	85
('10/30/2011', '10309', 'Damaged Tree')	85
('08/29/2011', '10306', 'Sewer')	85
('09/20/2010', '11367', 'Damaged Tree')	84
('01/30/2013', '11414', 'Water System')	84
('10/31/2012', '11420', 'Damaged Tree')	84
('06/21/2012', '10468', 'Water System')	84
('07/18/2016', '10314', 'Damaged Tree')	83
('10/31/2012', '11414', 'Damaged Tree')	83
('11/27/2014', '10312', 'Water System')	83
('08/28/2011', '11210', 'Damaged Tree')	83
('01/24/2011', '11218', 'Snow')	83
('07/03/2015', '11372', 'Noise - Commercial')	83
('11/07/2011', '11368', 'Graffiti')	83
('03/14/2010', '10312', 'Damaged Tree')	82
('04/28/2015', '11216', 'Noise - Commercial')	82
('04/21/2013', '11220', 'New Tree Request')	82
('07/12/2016', '11209', 'Street Condition')	82
('09/17/2010', '11215', 'Damaged Tree')	82
('09/17/2010', '11374', 'Damaged Tree')	81
('08/28/2011', '10312', 'Damaged Tree')	81
('05/07/2016', '10024', 'Broken Muni Meter')	81
('12/29/2016', '10001', 'Noise - Street/Sidewalk')	81
('10/30/2012', '11209', 'Damaged Tree')	81
('11/08/2012', '11362', 'Damaged Tree')	81
('10/30/2012', '11358', 'Damaged Tree')	80
('10/29/2012', '11357', 'Damaged Tree')	80
('07/06/2010', '10031', 'Water System')	80
('10/30/2012', '11234', 'Damaged Tree')	80
('09/18/2010', '11365', 'Damaged Tree')	80
('06/27/2010', '10040', 'Water System')	80
('08/29/2011', '11234', 'Damaged Tree')	80
('07/06/2010', '10468', 'Water System')	80
('07/22/2011', '10034', 'Water System')	80
('12/17/2014', '11238', 'New Tree Request')	80
('11/08/2012', '11385', 'Damaged Tree')	80
('08/30/2016', '11205', 'Noise - Residential')	80
('07/05/2010', '10040', 'Water System')	79
('03/25/2017', '11385', 'Street Sign - Damaged')	79
('06/20/2012', '10452', 'Water System')	79
('06/22/2012', '11208', 'Water System')	79
('04/30/2014', '11208', 'Sewer')	79
('08/25/2016', '10314', 'Water System')	79
('12/07/2014', '10029', 'Noise - Commercial')	78
('10/04/2013', '11219', 'New Tree Request')	78
('11/13/2012', '11697', 'General Construction/Plumbing')	78
('10/30/2012', '11229', 'Damaged Tree')	78
('03/03/2015', '10474', 'Graffiti')	78
('06/23/2010', '10040', 'Water System')	78
('01/12/2014', '10314', 'Missed Collection (All Materials)')	78
('10/31/2012', '11230', 'Damaged Tree')	78
('08/04/2010', '10307', 'Water System')	78
('09/18/2013', '10464', 'Rodent')	78
('05/09/2016', '11249', 'Water System')	78
('08/29/2011', '11236', 'Sewer')	78
('11/08/2012', '11004', 'Damaged Tree')	77
('02/05/2010', '10009', 'Graffiti')	77
('02/08/2016', '11694', 'Sewer')	77
('03/05/2014', '11365', 'Water System')	77
('10/30/2012', '10312', 'Damaged Tree')	77
('11/01/2012', '10312', 'Damaged Tree')	77
('04/24/2013', '11220', 'New Tree Request')	77
('09/16/2010', '11361', 'Damaged Tree')	76
('01/27/2010', '11235', 'Street Condition')	76
('07/10/2013', '10461', 'Street Condition')	76
('04/01/2013', '11220', 'New Tree Request')	76
('12/31/2010', '11234', 'Snow')	76
('06/22/2010', '11691', 'Water System')	76
('10/31/2012', '11234', 'Damaged Tree')	76
('07/23/2011', '11208', 'Water System')	75
('10/31/2012', '11432', 'Damaged Tree')	75
('07/06/2010', '10453', 'Water System')	75
('09/20/2010', '11358', 'Damaged Tree')	75
('08/15/2011', '11236', 'Sewer')	75
('11/08/2012', '11366', 'Damaged Tree')	75
('11/08/2012', '11413', 'Damaged Tree')	75
('08/04/2015', '11692', 'DOOR/WINDOW')	74
('01/03/2015', '10464', 'Overgrown Tree/Branches')	74
('10/30/2012', '11364', 'Damaged Tree')	74
('10/31/2011', '11368', 'Graffiti')	74
('05/07/2016', '11362', 'Street Sign - Damaged')	74
('11/06/2015', '10128', 'Noise')	74
('12/17/2014', '11216', 'New Tree Request')	73
('04/26/2013', '11220', 'New Tree Request')	73
('05/31/2016', '11375', 'Water System')	73
('05/27/2010', '11214', 'Dirty Conditions')	73
('10/30/2012', '11210', 'Damaged Tree')	73
('09/22/2016', '11229', 'New Tree Request')	73
('06/29/2016', '10031', 'PAINT/PLASTER')	73
('02/21/2015', '11357', 'Water System')	73
('08/22/2016', '11214', 'Water System')	73
('10/29/2012', '11432', 'Damaged Tree')	73
('10/30/2012', '11366', 'Damaged Tree')	73
('01/08/2013', '11356', 'Water System')	73
('01/05/2014', '11235', 'Water System')	73
('04/30/2012', '10452', 'GENERAL CONSTRUCTION')	73
('09/17/2010', '11354', 'Damaged Tree')	73
('07/19/2013', '10453', 'Water System')	72
('03/14/2010', '11234', 'Damaged Tree')	72
('08/29/2011', '10314', 'Damaged Tree')	72
('03/12/2013', '10314', 'Water System')	72
('08/25/2011', '11368', 'Graffiti')	72
('05/01/2014', '11414', 'Sewer')	72
('08/28/2011', '10314', 'Sewer')	72
('08/28/2011', '11234', 'Damaged Tree')	72
('05/12/2010', '11208', 'Water System')	72
('08/13/2016', '10452', 'Water System')	72
('01/15/2014', '10472', 'PAINT - PLASTER')	72
('12/28/2016', '10001', 'Noise - Street/Sidewalk')	72
('08/14/2011', '10305', 'Sewer')	72
('10/31/2012', '11210', 'Damaged Tree')	72
('02/12/2010', '10312', 'Snow')	71
('07/07/2010', '10468', 'Water System')	71
('02/04/2010', '11411', 'Water System')	71
('01/16/2017', '11367', 'Water System')	71
('12/16/2014', '11214', 'New Tree Request')	71
('09/19/2010', '11367', 'Damaged Tree')	71
('10/31/2012', '11412', 'Damaged Tree')	71
('09/17/2010', '11238', 'Damaged Tree')	71
('10/01/2016', '11205', 'Noise - Residential')	70
('05/04/2011', '10032', 'Graffiti')	70
('11/01/2012', '10314', 'Damaged Tree')	70
('05/06/2014', '11216', 'New Tree Request')	70
('12/01/2014', '11216', 'New Tree Request')	70
('07/07/2010', '11208', 'Water System')	70
('12/21/2014', '10029', 'Noise - Commercial')	70
('11/01/2012', '11234', 'Damaged Tree')	70
('04/01/2011', '11210', 'PLUMBING')	70
('04/19/2013', '11220', 'New Tree Request')	69
('11/24/2016', '10454', 'Water System')	69
('06/22/2012', '10468', 'Water System')	69
('07/20/2015', '11216', 'New Tree Request')	69
('07/09/2013', '10461', 'Street Condition')	69
('08/30/2011', '10312', 'Damaged Tree')	69
('11/01/2011', '11354', 'Water System')	69
('03/19/2010', '11101', 'Street Condition')	69
('05/25/2010', '11375', 'Water System')	69
('03/09/2013', '11220', 'New Tree Request')	69
('05/29/2016', '11368', 'Noise - Residential')	69
('06/15/2014', '11419', 'Noise - Residential')	69
('08/29/2011', '10306', 'Damaged Tree')	69
('10/22/2010', '11377', 'Water System')	69
('07/22/2011', '10472', 'Water System')	69
('07/19/2013', '11229', 'New Tree Request')	68
('02/24/2013', '11220', 'New Tree Request')	68
('10/31/2011', '10312', 'Damaged Tree')	68
('11/08/2012', '11420', 'Damaged Tree')	68
('08/29/2011', '11434', 'Damaged Tree')	68
('01/13/2010', '11411', 'Water System')	68
('08/15/2011', '10306', 'Sewer')	68
('03/22/2017', '11364', 'Street Condition')	67
('08/11/2011', '11368', 'Graffiti')	67
('11/04/2010', '11103', 'Graffiti')	67
('06/09/2011', '10463', 'Water System')	67
('08/15/2011', '11234', 'Sewer')	67
('03/19/2014', '11419', 'General Construction/Plumbing')	67
('07/07/2010', '10031', 'Water System')	67
('12/05/2011', '10461', 'NONCONST')	67
('10/30/2012', '11223', 'Damaged Tree')	67
('07/29/2013', '11365', 'New Tree Request')	67
('12/27/2012', '10306', 'Sewer')	67
('12/14/2016', '10001', 'Water System')	67
('08/28/2011', '10310', 'Sewer')	67
('04/16/2012', '11222', 'Graffiti')	67
('07/22/2011', '10452', 'PLUMBING')	67
('08/14/2011', '10306', 'Sewer')	67
('05/14/2012', '11206', 'Graffiti')	67
('01/23/2015', '10011', 'PLUMBING')	67
('11/23/2013', '11223', 'Water System')	67
('11/08/2012', '11428', 'Damaged Tree')	67
('10/31/2012', '11413', 'Damaged Tree')	67
('10/29/2012', '11358', 'Damaged Tree')	66
('10/29/2012', '11234', 'Damaged Tree')	66
('03/11/2015', '10314', 'Street Condition')	66
('09/06/2015', '11420', 'Noise - Residential')	66
('02/05/2010', '10314', 'Water System')	66
('09/01/2011', '10314', 'Water System')	66
('09/16/2010', '11355', 'Damaged Tree')	66
('10/29/2012', '10314', 'Damaged Tree')	66
('03/11/2016', '11222', 'Water System')	66
('07/23/2011', '10034', 'Water System')	66
('11/16/2012', '11697', 'General Construction/Plumbing')	66
('10/21/2010', '11377', 'Water System')	66
('02/22/2011', '10025', 'Street Condition')	66
('10/30/2012', '11365', 'Damaged Tree')	66
('01/10/2009', '11377', 'Water System')	66
('04/25/2013', '11105', 'New Tree Request')	66
('11/01/2011', '10314', 'Damaged Tree')	66
('03/26/2009', '11219', 'Street Condition')	66
('09/17/2010', '11368', 'Damaged Tree')	66
('05/24/2015', '10040', 'Noise - Street/Sidewalk')	66
('09/27/2011', '11368', 'Graffiti')	66
('07/04/2015', '10310', 'Noise - Residential')	65
('04/01/2011', '11203', 'GENERAL CONSTRUCTION')	65
('06/20/2011', '11434', 'Water System')	65
('08/28/2011', '11230', 'Damaged Tree')	65
('08/29/2011', '11412', 'Damaged Tree')	65
('10/29/2012', '10306', 'Damaged Tree')	65
('11/10/2010', '10024', 'Lead')	65
('07/20/2015', '10040', 'Water System')	65
('08/30/2011', '11234', 'Damaged Tree')	65
('09/18/2013', '10003', 'Broken Muni Meter')	65
('10/21/2016', '11209', 'Water System')	65
('10/29/2012', '11236', 'Sewer')	65
('04/20/2016', '11221', 'New Tree Request')	65
('03/02/2011', '10002', 'Street Condition')	65
('10/30/2012', '11385', 'Damaged Tree')	64
('10/31/2012', '11236', 'Damaged Tree')	64
('09/05/2015', '11692', 'DOOR/WINDOW')	64
('04/12/2015', '10032', 'Noise - Residential')	64
('07/08/2012', '11208', 'Water System')	64
('09/17/2010', '11360', 'Damaged Tree')	64
('10/30/2012', '11412', 'Damaged Tree')	64
('11/08/2012', '10312', 'Damaged Tree')	64
('11/18/2012', '10314', 'Water System')	64
('02/03/2015', '10314', 'Snow')	64
('08/14/2016', '10452', 'Water System')	64
('07/15/2014', '10032', 'PAINT/PLASTER')	64
('07/31/2011', '11368', 'Graffiti')	64
('03/25/2017', '11235', 'New Tree Request')	64
('11/08/2012', '11358', 'Damaged Tree')	63
('02/12/2010', '10309', 'Snow')	63
('10/06/2011', '11423', 'Water System')	63
('09/17/2010', '11221', 'Damaged Tree')	63
('02/25/2009', '11220', 'Street Condition')	63
('05/04/2012', '11367', 'Dirty Conditions')	63
('06/18/2011', '11355', 'Water System')	63
('09/18/2010', '11355', 'Damaged Tree')	63
('10/18/2011', '11368', 'Graffiti')	63
('11/08/2012', '11435', 'Damaged Tree')	63
('07/24/2011', '11208', 'Water System')	63
('10/31/2012', '11365', 'Damaged Tree')	63
('02/21/2009', '11426', 'Water System')	63
('09/18/2010', '11367', 'Damaged Tree')	63
('09/17/2010', '10307', 'Damaged Tree')	63
('10/31/2012', '11375', 'Damaged Tree')	63
('06/19/2016', '10040', 'Noise - Street/Sidewalk')	62
('08/02/2012', '10466', 'Dirty Conditions')	62
('10/29/2012', '11413', 'Damaged Tree')	62
('10/30/2012', '11375', 'Damaged Tree')	62
('10/21/2014', '10039', 'Water System')	62
('04/01/2011', '11203', 'PLUMBING')	62
('10/30/2012', '11004', 'Damaged Tree')	62
('10/29/2012', '10305', 'Damaged Tree')	62
('05/10/2013', '11232', 'New Tree Request')	62
('05/24/2015', '10468', 'Noise - Residential')	62
('08/29/2011', '11420', 'Damaged Tree')	62
('10/30/2012', '11422', 'Damaged Tree')	62
('01/28/2016', '11209', 'Water System')	62
('08/23/2013', '10314', 'Water System')	62
('06/24/2010', '10465', 'Damaged Tree')	62
('03/27/2015', '11236', 'Dirty Conditions')	62
('04/13/2010', '11377', 'Water System')	61
('03/10/2009', '10312', 'Street Condition')	61
('03/12/2015', '10314', 'Street Condition')	61
('07/18/2012', '11363', 'Water System')	61
('07/17/2013', '11233', 'PAINT - PLASTER')	61
('08/14/2011', '11234', 'Sewer')	61
('05/08/2013', '11214', 'Sewer')	61
('09/15/2010', '10002', 'Graffiti')	61
('10/17/2011', '11225', 'GENERAL CONSTRUCTION')	61
('05/11/2016', '11205', 'Noise - Residential')	61
('09/16/2010', '11379', 'Damaged Tree')	61
('01/18/2012', '11357', 'Water System')	61
('06/21/2012', '10453', 'Water System')	61
('08/14/2011', '11236', 'Sewer')	61
('06/07/2010', '11367', 'Water System')	61
('06/28/2013', '10011', 'Dirty Conditions')	61
('09/18/2010', '11361', 'Damaged Tree')	61
('03/14/2013', '10474', 'Graffiti')	60
('10/30/2012', '10469', 'Damaged Tree')	60
('02/11/2010', '10312', 'Snow')	60
('01/20/2009', '11210', 'Snow')	60
('02/01/2015', '10029', 'Noise - Commercial')	60
('05/31/2013', '11235', 'Water System')	60
('12/16/2014', '10017', 'Noise')	60
('02/11/2010', '10306', 'Snow')	60
('09/07/2015', '11226', 'Noise - Residential')	60
('06/19/2016', '11221', 'Noise - Residential')	60
('03/17/2015', '10314', 'Street Condition')	60
('11/21/2011', '10462', 'PAINT - PLASTER')	60
('03/24/2014', '11419', 'General Construction/Plumbing')	60
('03/07/2012', '11385', 'Water System')	60
('04/03/2015', '11216', 'Noise - Commercial')	60
('10/31/2012', '11229', 'Damaged Tree')	60
('12/06/2016', '10456', 'Noise - Residential')	60
('10/06/2011', '11432', 'Water System')	60
('05/19/2014', '10019', 'New Tree Request')	60
('10/30/2012', '10314', 'Damaged Tree')	60
('11/08/2012', '11215', 'Damaged Tree')	59
('01/21/2015', '11229', 'New Tree Request')	59
('08/15/2012', '11385', 'Sewer')	59
('05/11/2010', '11373', 'Graffiti')	59
('07/22/2011', '10040', 'Water System')	59
('07/07/2010', '11368', 'Water System')	59
('05/29/2016', '11208', 'Noise - Residential')	59
('01/14/2017', '10011', 'Water System')	59
('01/08/2014', '11419', 'General Construction/Plumbing')	59
('10/31/2012', '11358', 'Damaged Tree')	59
('08/29/2011', '11385', 'Damaged Tree')	59
('08/28/2011', '11426', 'Damaged Tree')	59
('02/26/2009', '11220', 'Street Condition')	59
('07/19/2013', '10040', 'Water System')	59
('01/04/2017', '10452', 'Graffiti')	59
('07/07/2010', '11206', 'Water System')	59
('03/13/2016', '10017', 'Water System')	59
('10/29/2012', '11210', 'Damaged Tree')	59
('08/29/2011', '11411', 'Damaged Tree')	59
('06/09/2011', '10031', 'Water System')	59
('08/27/2016', '10456', 'Noise - Street/Sidewalk')	59
('01/01/2015', '10029', 'Noise - Commercial')	59
('10/21/2010', '11104', 'Water System')	58
('08/23/2014', '10460', 'Noise - Residential')	58
('04/15/2015', '11223', 'Street Condition')	58
('03/01/2013', '11220', 'New Tree Request')	58
('07/26/2014', '10461', 'Dirty Conditions')	58
('11/08/2012', '11434', 'Damaged Tree')	58
('09/19/2010', '11375', 'Damaged Tree')	58
('02/21/2015', '11360', 'Water System')	58
('03/14/2010', '11210', 'Damaged Tree')	58
('03/04/2010', '11219', 'Street Condition')	58
('12/15/2014', '10461', 'Graffiti')	58
('01/04/2017', '10016', 'Noise')	58
('03/12/2010', '10306', 'Street Condition')	58
('02/25/2013', '11220', 'New Tree Request')	58
('11/04/2010', '11106', 'Graffiti')	58
('02/11/2010', '10314', 'Snow')	58
('10/30/2012', '11427', 'Damaged Tree')	58
('10/10/2014', '11216', 'Noise - Commercial')	58
('03/14/2010', '10314', 'Damaged Tree')	57
('10/29/2012', '11223', 'Damaged Tree')	57
