Sunday, Noise - Residential	291150
Saturday, Noise - Residential	284634
Friday, Noise - Residential	153398
Monday, HEATING	151031
Tuesday, HEATING	148442
Thursday, HEATING	148152
Wednesday, HEATING	145963
Thursday, Street Light Condition	144844
Wednesday, Street Light Condition	143502
Tuesday, Street Light Condition	143187
Friday, HEATING	142116
Tuesday, Street Condition	137439
Wednesday, Street Condition	134836
Monday, Street Light Condition	134533
Saturday, HEATING	133973
Friday, Street Light Condition	133894
Thursday, Street Condition	132119
Monday, Noise - Residential	126217
Sunday, HEATING	125124
Monday, Street Condition	122088
Tuesday, PLUMBING	112391
Thursday, Noise - Residential	111864
Monday, HEAT/HOT WATER	110575
Monday, PLUMBING	109926
Wednesday, PLUMBING	107176
Wednesday, Noise - Residential	106872
Tuesday, Noise - Residential	106446
Friday, Street Condition	104683
Tuesday, HEAT/HOT WATER	103138
Tuesday, GENERAL CONSTRUCTION	101034
Thursday, PLUMBING	99558
Monday, GENERAL CONSTRUCTION	97697
Wednesday, GENERAL CONSTRUCTION	97631
Saturday, HEAT/HOT WATER	96695
Friday, HEAT/HOT WATER	94955
Sunday, HEAT/HOT WATER	92654
Thursday, GENERAL CONSTRUCTION	90123
Friday, PLUMBING	90020
Thursday, HEAT/HOT WATER	89211
Wednesday, HEAT/HOT WATER	88559
Saturday, Blocked Driveway	82085
Sunday, Blocked Driveway	81011
Friday, Blocked Driveway	80685
Monday, Blocked Driveway	79708
Friday, GENERAL CONSTRUCTION	79217
Tuesday, Blocked Driveway	78868
Wednesday, Water System	78341
Thursday, Water System	78019
Thursday, Blocked Driveway	77976
Tuesday, Water System	77156
Wednesday, Blocked Driveway	76293
Friday, Water System	73363
Tuesday, PAINT - PLASTER	72679
Monday, Water System	70678
Wednesday, PAINT - PLASTER	70208
Monday, PAINT - PLASTER	69723
Tuesday, Illegal Parking	68342
Thursday, Illegal Parking	67824
Friday, Illegal Parking	66126
Monday, Illegal Parking	65299
Wednesday, Illegal Parking	64869
Thursday, PAINT - PLASTER	64005
Tuesday, Traffic Signal Condition	60935
Wednesday, Traffic Signal Condition	60521
Sunday, Street Condition	59318
Friday, PAINT - PLASTER	57097
Thursday, Traffic Signal Condition	56996
Sunday, Illegal Parking	55925
Saturday, Noise - Street/Sidewalk	54422
Monday, Traffic Signal Condition	54366
Sunday, Noise - Commercial	53843
Saturday, Noise - Commercial	53484
Saturday, Illegal Parking	53393
Tuesday, Noise	53165
Wednesday, Noise	53115
Saturday, Water System	52538
Friday, Traffic Signal Condition	52346
Tuesday, NONCONST	51431
Saturday, PLUMBING	51027
Monday, NONCONST	49718
Thursday, Noise	49687
Saturday, Noise	49682
Wednesday, NONCONST	49510
Wednesday, Sewer	49058
Tuesday, Sewer	48742
Sunday, Noise - Street/Sidewalk	47881
Tuesday, Dirty Conditions	46597
Sunday, Water System	45916
Saturday, Street Condition	45863
Tuesday, ELECTRIC	45827
Thursday, NONCONST	45599
Wednesday, Dirty Conditions	45462
Monday, Noise	45022
Tuesday, UNSANITARY CONDITION	44758
Monday, Sewer	44744
Thursday, Sewer	44718
Wednesday, ELECTRIC	44649
Monday, ELECTRIC	44117
Thursday, Dirty Conditions	44034
Monday, UNSANITARY CONDITION	44016
Sunday, PLUMBING	43788
Tuesday, General Construction/Plumbing	43565
Wednesday, UNSANITARY CONDITION	43242
Friday, Sewer	43035
Monday, Dirty Conditions	42987
Wednesday, General Construction/Plumbing	42502
Friday, Noise	42362
Thursday, General Construction/Plumbing	41803
Thursday, ELECTRIC	40994
Friday, NONCONST	40864
Tuesday, PAINT/PLASTER	39760
Monday, General Construction/Plumbing	39689
Friday, Dirty Conditions	39420
Thursday, UNSANITARY CONDITION	39406
Monday, Damaged Tree	38518
Monday, PAINT/PLASTER	38226
Wednesday, PAINT/PLASTER	37938
Friday, General Construction/Plumbing	37789
Saturday, GENERAL CONSTRUCTION	37495
Tuesday, Building/Use	37454
Friday, ELECTRIC	36960
Wednesday, Building/Use	36514
Monday, DOF Literature Request	36341
Saturday, Broken Muni Meter	36206
Monday, Sanitation Condition	35860
Thursday, Building/Use	35371
Friday, Noise - Commercial	35336
Tuesday, Sanitation Condition	35104
Tuesday, DOF Literature Request	34921
Friday, UNSANITARY CONDITION	34800
Thursday, PAINT/PLASTER	34684
Monday, Building/Use	34184
Wednesday, Sanitation Condition	33964
Tuesday, Damaged Tree	33933
Thursday, Damaged Tree	33320
Friday, Noise - Street/Sidewalk	33306
Thursday, Sanitation Condition	33192
Wednesday, Damaged Tree	33054
Monday, Rodent	32665
Friday, Building/Use	32174
Tuesday, Rodent	31982
Wednesday, DOF Literature Request	31960
Friday, Sanitation Condition	31412
Friday, PAINT/PLASTER	31142
Wednesday, Rodent	31058
Thursday, DOF Literature Request	30642
Sunday, Noise	30422
Sunday, GENERAL CONSTRUCTION	30075
Saturday, Traffic Signal Condition	29894
Thursday, Rodent	29423
Sunday, Traffic Signal Condition	29334
Friday, Missed Collection (All Materials)	29212
Friday, Damaged Tree	28213
Friday, DOF Literature Request	27752
Wednesday, Broken Muni Meter	27472
Saturday, PAINT - PLASTER	27454
Tuesday, Broken Muni Meter	26636
Monday, Noise - Street/Sidewalk	26626
Thursday, Noise - Commercial	26618
Friday, Rodent	26513
Saturday, Sewer	26399
Thursday, Broken Muni Meter	26355
Friday, Broken Muni Meter	25865
Thursday, Noise - Street/Sidewalk	25779
Thursday, Missed Collection (All Materials)	25352
Wednesday, Noise - Street/Sidewalk	24948
Monday, Broken Muni Meter	24757
Wednesday, Missed Collection (All Materials)	24476
Tuesday, Noise - Street/Sidewalk	23674
Tuesday, Missed Collection (All Materials)	23564
Tuesday, Consumer Complaint	22796
Sunday, Sewer	22748
Thursday, Graffiti	22702
Monday, Noise - Commercial	22417
Monday, Consumer Complaint	22410
Wednesday, Graffiti	22263
Wednesday, Consumer Complaint	22145
Wednesday, Noise - Commercial	22101
Saturday, ELECTRIC	22004
Sunday, PAINT - PLASTER	21958
Tuesday, DOOR/WINDOW	21745
Monday, Derelict Vehicle	21730
Friday, Taxi Complaint	21703
Saturday, Missed Collection (All Materials)	21569
Tuesday, Graffiti	21441
Saturday, Noise - Vehicle	21429
Tuesday, Derelict Vehicle	21404
Saturday, Dirty Conditions	21218
Wednesday, Derelict Vehicle	21092
Wednesday, DOOR/WINDOW	21021
Saturday, NONCONST	21010
Thursday, Consumer Complaint	20978
Sunday, Damaged Tree	20964
Sunday, Noise - Vehicle	20858
Friday, Consumer Complaint	20844
Monday, DOOR/WINDOW	20840
Thursday, Derelict Vehicle	20717
Saturday, Sanitation Condition	20659
Tuesday, Derelict Vehicles	20486
Saturday, Street Light Condition	20153
Thursday, Taxi Complaint	20002
Sunday, Sanitation Condition	19975
Sunday, Missed Collection (All Materials)	19947
Sunday, Dirty Conditions	19738
Sunday, Street Light Condition	19722
Monday, Derelict Vehicles	19673
Monday, Overgrown Tree/Branches	19622
Tuesday, WATER LEAK	19602
Tuesday, Noise - Commercial	19550
Saturday, UNSANITARY CONDITION	19478
Friday, Graffiti	19429
Wednesday, Derelict Vehicles	19316
Thursday, Derelict Vehicles	19276
Tuesday, Overgrown Tree/Branches	19209
Monday, Taxi Complaint	19179
Wednesday, Taxi Complaint	19030
Sunday, Taxi Complaint	19016
Saturday, Damaged Tree	18939
Thursday, DOOR/WINDOW	18913
Sunday, ELECTRIC	18811
Friday, Derelict Vehicle	18767
Monday, WATER LEAK	18668
Wednesday, Overgrown Tree/Branches	18640
Tuesday, Taxi Complaint	18500
Monday, Graffiti	18407
Sunday, UNSANITARY CONDITION	18291
Wednesday, New Tree Request	18250
Saturday, Taxi Complaint	18246
Wednesday, WATER LEAK	18209
Sunday, NONCONST	18187
Friday, Noise - Vehicle	18094
Monday, New Tree Request	17520
Tuesday, New Tree Request	17450
Thursday, Overgrown Tree/Branches	17355
Friday, DOOR/WINDOW	16935
Friday, Derelict Vehicles	16848
Monday, SCRIE	16778
Thursday, New Tree Request	16618
Saturday, Rodent	16603
Monday, DOF Property - Reduction Issue	16507
Monday, Benefit Card Replacement	16452
Tuesday, Benefit Card Replacement	16358
Tuesday, GENERAL	16319
Tuesday, DOF Property - Reduction Issue	16225
Friday, New Tree Request	16157
Thursday, WATER LEAK	16119
Sunday, Rodent	15985
Friday, Overgrown Tree/Branches	15727
Monday, GENERAL	15724
Wednesday, GENERAL	15671
Tuesday, SCRIE	15590
Tuesday, APPLIANCE	15471
Tuesday, FLOORING/STAIRS	15410
Saturday, General Construction/Plumbing	15387
Monday, APPLIANCE	15213
Wednesday, DOF Property - Reduction Issue	15131
Wednesday, Benefit Card Replacement	15108
Saturday, PAINT/PLASTER	15023
Saturday, Building/Use	14838
Friday, WATER LEAK	14817
Thursday, Noise - Vehicle	14766
Wednesday, FLOORING/STAIRS	14732
Thursday, DOF Property - Reduction Issue	14715
Wednesday, SCRIE	14703
Monday, Noise - Vehicle	14701
Wednesday, APPLIANCE	14592
Monday, FLOORING/STAIRS	14485
Thursday, GENERAL	14377
Friday, Snow	14182
Wednesday, Noise - Vehicle	14175
Thursday, Benefit Card Replacement	13999
Thursday, Snow	13995
Friday, DOF Property - Reduction Issue	13827
Thursday, DOF Parking - Payment Issue	13792
Thursday, SCRIE	13748
Tuesday, Noise - Vehicle	13660
Thursday, FLOORING/STAIRS	13571
Wednesday, Snow	13516
Thursday, APPLIANCE	13513
Monday, Root/Sewer/Sidewalk Condition	13335
Monday, DOF Parking - Payment Issue	12993
Sunday, PAINT/PLASTER	12988
Monday, DOF Property - Owner Issue	12981
Friday, GENERAL	12883
Tuesday, DOF Property - Owner Issue	12804
Tuesday, Root/Sewer/Sidewalk Condition	12790
Friday, SCRIE	12749
Saturday, Derelict Vehicle	12578
Wednesday, DOF Parking - Payment Issue	12411
Wednesday, Root/Sewer/Sidewalk Condition	12249
Friday, DOF Parking - Payment Issue	12237
Wednesday, DOF Property - Owner Issue	12183
Friday, APPLIANCE	12158
Monday, Maintenance or Facility	12158
Saturday, Consumer Complaint	12125
Tuesday, DOF Parking - Payment Issue	12110
Sunday, Building/Use	12081
Friday, FLOORING/STAIRS	12071
Tuesday, Maintenance or Facility	12012
Monday, Elevator	11955
Friday, Benefit Card Replacement	11810
Tuesday, Elevator	11663
Wednesday, Maintenance or Facility	11649
Tuesday, Snow	11452
Thursday, Root/Sewer/Sidewalk Condition	11305
Sunday, Derelict Vehicle	11060
Thursday, DOF Property - Owner Issue	11045
Monday, Dead Tree	11012
Sunday, General Construction/Plumbing	11008
Thursday, Maintenance or Facility	10953
Wednesday, Elevator	10878
Monday, Snow	10660
Tuesday, Dead Tree	10659
Friday, Root/Sewer/Sidewalk Condition	10486
Monday, DOF Property - Request Copy	10486
Wednesday, Dead Tree	10447
Friday, Maintenance or Facility	10335
Thursday, Elevator	10312
Friday, DOF Property - Owner Issue	10311
Monday, Missed Collection (All Materials)	10252
Tuesday, DOF Property - Request Copy	9989
Thursday, Dead Tree	9886
Tuesday, Air Quality	9817
Wednesday, Air Quality	9724
Tuesday, Food Establishment	9683
Saturday, Derelict Vehicles	9531
Thursday, Air Quality	9492
Wednesday, Homeless Person Assistance	9461
Monday, Food Establishment	9412
Wednesday, Food Establishment	9335
Wednesday, DOF Property - Request Copy	9293
Saturday, WATER LEAK	9214
Monday, DHS Advantage - Tenant	9147
Saturday, DOOR/WINDOW	9059
Sunday, Consumer Complaint	9016
Tuesday, DHS Advantage - Tenant	8978
Thursday, Homeless Person Assistance	8974
Friday, Elevator	8933
Thursday, Food Establishment	8866
Saturday, Maintenance or Facility	8845
Tuesday, Special Enforcement	8803
Tuesday, Homeless Person Assistance	8800
Friday, Dead Tree	8758
Friday, Food Establishment	8747
Saturday, Snow	8745
Wednesday, Sidewalk Condition	8726
Sunday, Maintenance or Facility	8712
Tuesday, Sidewalk Condition	8674
Sunday, WATER LEAK	8651
Monday, Air Quality	8644
Thursday, Sidewalk Condition	8529
Friday, Air Quality	8492
Thursday, DOF Property - Request Copy	8489
Saturday, Homeless Person Assistance	8469
Friday, Homeless Person Assistance	8449
Sunday, Derelict Vehicles	8442
Saturday, New Tree Request	8432
Wednesday, DHS Advantage - Tenant	8317
Sunday, New Tree Request	8313
Monday, Sidewalk Condition	8202
Sunday, Homeless Person Assistance	8122
Wednesday, Lead	8112
Friday, DOF Property - Request Copy	8002
Wednesday, Special Enforcement	7951
Friday, Sidewalk Condition	7929
Tuesday, Housing - Low Income Senior	7921
Monday, Housing - Low Income Senior	7816
Thursday, DHS Advantage - Tenant	7798
Monday, Street Sign - Damaged	7682
Tuesday, DOF Property - Payment Issue	7632
Tuesday, Street Sign - Damaged	7603
Sunday, DOOR/WINDOW	7590
Wednesday, Housing - Low Income Senior	7565
Tuesday, Other Enforcement	7469
Wednesday, Street Sign - Damaged	7403
Thursday, Housing - Low Income Senior	7356
Monday, DOF Property - Payment Issue	7330
Monday, Homeless Person Assistance	7274
Thursday, Special Enforcement	7271
Monday, Special Enforcement	7189
Friday, Special Enforcement	7157
Saturday, Overgrown Tree/Branches	7133
Tuesday, DHS Advantage -Landlord/Broker	7128
Monday, Other Enforcement	7097
Thursday, Street Sign - Damaged	7061
Wednesday, DOF Property - Payment Issue	6984
Thursday, Lead	6886
Saturday, GENERAL	6883
Friday, Street Sign - Damaged	6843
Saturday, Elevator	6821
Wednesday, Non-Emergency Police Matter	6782
Wednesday, Other Enforcement	6750
Sunday, Snow	6726
Friday, DHS Advantage - Tenant	6687
Thursday, Other Enforcement	6602
Thursday, DOF Property - Payment Issue	6589
Tuesday, Non-Emergency Police Matter	6535
Thursday, Non-Emergency Police Matter	6531
Monday, Non-Emergency Police Matter	6462
Sunday, Elevator	6449
Sunday, Street Sign - Damaged	6441
Tuesday, Lead	6351
Monday, DHS Advantage -Landlord/Broker	6349
Wednesday, DHS Advantage -Landlord/Broker	6323
Friday, Non-Emergency Police Matter	6278
Friday, Housing - Low Income Senior	6071
Tuesday, Indoor Air Quality	6063
Friday, Other Enforcement	6061
Wednesday, Indoor Air Quality	6061
Tuesday, Construction	6053
Monday, Indoor Air Quality	6045
Friday, Lead	5954
Saturday, Noise - Park	5944
Friday, DOF Property - Payment Issue	5941
Saturday, Food Establishment	5914
Wednesday, Highway Condition	5904
Wednesday, Plumbing	5903
Sunday, Benefit Card Replacement	5870
Saturday, Benefit Card Replacement	5853
Sunday, GENERAL	5830
Wednesday, Construction	5766
Monday, Lead	5749
Thursday, Indoor Air Quality	5748
Tuesday, Plumbing	5748
Thursday, DHS Advantage -Landlord/Broker	5739
Tuesday, Highway Condition	5689
Sunday, Noise - Park	5683
Friday, Electrical	5627
Thursday, Highway Condition	5626
Thursday, Construction	5624
Saturday, APPLIANCE	5605
Sunday, Food Establishment	5520
Monday, Water Conservation	5508
Tuesday, Fire Safety Director - F58	5489
Saturday, Graffiti	5403
Thursday, Plumbing	5391
Friday, Indoor Air Quality	5379
Saturday, FLOORING/STAIRS	5375
Monday, Construction	5356
Monday, Highway Condition	5355
Tuesday, Street Sign - Missing	5344
Sunday, Overgrown Tree/Branches	5292
Saturday, Street Sign - Damaged	5287
Tuesday, Water Conservation	5245
Wednesday, Fire Safety Director - F58	5196
Monday, Plumbing	5181
Friday, Traffic	5174
Sunday, Graffiti	5163
Friday, DHS Advantage -Landlord/Broker	5154
Wednesday, Street Sign - Missing	5128
Saturday, Air Quality	5120
Wednesday, SAFETY	5089
Monday, Street Sign - Missing	5085
Monday, SAFETY	5058
Tuesday, SAFETY	5022
Monday, DCA / DOH New License Application Request	5001
Monday, Animal Abuse	4997
Tuesday, Animal Abuse	4988
Wednesday, Water Conservation	4988
Friday, Animal Abuse	4973
Wednesday, Animal Abuse	4957
Wednesday, Electrical	4932
Thursday, Street Sign - Missing	4920
Saturday, Non-Emergency Police Matter	4917
Tuesday, DCA / DOH New License Application Request	4895
Friday, Highway Condition	4859
Friday, Plumbing	4853
Tuesday, Electrical	4805
Sunday, Noise Survey	4778
Friday, Vending	4766
Monday, Electrical	4761
Thursday, Animal Abuse	4757
Thursday, Fire Safety Director - F58	4750
Thursday, Traffic	4701
Sunday, APPLIANCE	4682
Thursday, Electrical	4656
Thursday, SAFETY	4655
Friday, Construction	4644
Monday, Fire Safety Director - F58	4596
Wednesday, DCA / DOH New License Application Request	4581
Sunday, FLOORING/STAIRS	4495
Tuesday, Special Projects Inspection Team (SPIT)	4481
Thursday, Water Conservation	4467
Friday, Street Sign - Missing	4465
Saturday, Vending	4436
Monday, Special Projects Inspection Team (SPIT)	4425
Thursday, DCA / DOH New License Application Request	4339
Saturday, DOF Literature Request	4334
Wednesday, Traffic	4312
Thursday, Vending	4294
Saturday, Animal Abuse	4291
Wednesday, Vending	4245
Friday, SAFETY	4214
Sunday, Non-Emergency Police Matter	4201
Friday, Water Conservation	4175
Thursday, Special Projects Inspection Team (SPIT)	4166
Wednesday, Special Projects Inspection Team (SPIT)	4153
Saturday, Dead Tree	4120
Friday, For Hire Vehicle Complaint	4119
Wednesday, For Hire Vehicle Complaint	4066
Tuesday, Vending	4043
Tuesday, Traffic	4006
Thursday, For Hire Vehicle Complaint	3979
Sunday, Air Quality	3923
Sunday, Animal Abuse	3907
Monday, Food Poisoning	3903
Friday, Fire Safety Director - F58	3899
Monday, Vending	3898
Monday, For Hire Vehicle Complaint	3874
Tuesday, For Hire Vehicle Complaint	3861
Tuesday, Homeless Encampment	3829
Wednesday, Homeless Encampment	3778
Tuesday, Litter Basket / Request	3756
Friday, DCA / DOH New License Application Request	3750
Monday, Homeless Encampment	3739
Tuesday, Food Poisoning	3714
Friday, Special Projects Inspection Team (SPIT)	3660
Saturday, Noise Survey	3651
Monday, Litter Basket / Request	3639
Sunday, Highway Condition	3577
Saturday, Lead	3529
Wednesday, Litter Basket / Request	3527
Saturday, Root/Sewer/Sidewalk Condition	3494
Wednesday, Hazardous Materials	3489
Sunday, Dead Tree	3465
Thursday, Food Poisoning	3462
Wednesday, Food Poisoning	3451
Sunday, Other Enforcement	3434
Thursday, Homeless Encampment	3413
Tuesday, Hazardous Materials	3412
Saturday, Other Enforcement	3410
Friday, Food Poisoning	3392
Saturday, Sidewalk Condition	3331
Tuesday, Broken Parking Meter	3315
Monday, Traffic	3290
Thursday, Hazardous Materials	3283
Wednesday, Broken Parking Meter	3267
Thursday, Litter Basket / Request	3260
Thursday, Broken Parking Meter	3211
Friday, Homeless Encampment	3169
Monday, Agency Issues	3144
Wednesday, Agency Issues	3140
Tuesday, Vacant Lot	3119
Friday, Hazardous Materials	3113
Sunday, Vending	3104
Tuesday, Agency Issues	3098
Monday, Vacant Lot	3066
Thursday, Agency Issues	3064
Saturday, Indoor Air Quality	3026
Saturday, Traffic	3012
Friday, Broken Parking Meter	3009
Monday, Hazardous Materials	3003
Saturday, Highway Condition	2972
Monday, HPD Literature Request	2945
Wednesday, Unsanitary Animal Pvt Property	2882
Monday, Unsanitary Animal Pvt Property	2879
Monday, Housing Options	2877
Wednesday, HPD Literature Request	2876
Sunday, Lead	2862
Tuesday, Asbestos	2847
Monday, Broken Parking Meter	2843
Friday, Agency Issues	2833
Tuesday, Unsanitary Animal Pvt Property	2824
Sunday, Violation of Park Rules	2806
Friday, Litter Basket / Request	2791
Tuesday, Housing Options	2785
Wednesday, Vacant Lot	2784
Wednesday, Asbestos	2775
Saturday, Street Sign - Missing	2739
Tuesday, HPD Literature Request	2737
Thursday, Asbestos	2716
Saturday, Violation of Park Rules	2709
Thursday, HPD Literature Request	2700
Saturday, For Hire Vehicle Complaint	2696
Tuesday, Standing Water	2695
Tuesday, Illegal Tree Damage	2692
Saturday, Water Conservation	2690
Sunday, Root/Sewer/Sidewalk Condition	2678
Wednesday, Housing Options	2677
Thursday, Vacant Lot	2670
Monday, Asbestos	2636
Sunday, For Hire Vehicle Complaint	2629
Thursday, Housing Options	2603
Monday, Standing Water	2591
Thursday, Unsanitary Animal Pvt Property	2570
Wednesday, Illegal Tree Damage	2567
Sunday, DOF Literature Request	2553
Wednesday, School Maintenance	2504
Friday, Unsanitary Animal Pvt Property	2503
Sunday, Indoor Air Quality	2502
Sunday, Sidewalk Condition	2494
Monday, Illegal Tree Damage	2471
Thursday, Illegal Tree Damage	2470
Wednesday, Standing Water	2469
Sunday, Street Sign - Missing	2461
Tuesday, School Maintenance	2446
Friday, Noise - Park	2433
Friday, Illegal Tree Damage	2431
Thursday, School Maintenance	2425
Friday, Asbestos	2423
Monday, DOT Literature Request	2421
Tuesday, DOT Literature Request	2420
Thursday, Boilers	2404
Tuesday, Boilers	2376
Friday, HPD Literature Request	2372
Monday, Noise - Park	2340
Thursday, Standing Water	2292
Friday, Vacant Lot	2267
Saturday, Food Poisoning	2264
Friday, Housing Options	2259
Wednesday, Boilers	2255
Friday, Traffic/Illegal Parking	2233
Tuesday, Street Sign - Dangling	2220
Tuesday, Smoking	2214
Thursday, Street Sign - Dangling	2198
Sunday, Homeless Encampment	2192
Saturday, Broken Parking Meter	2191
Wednesday, Traffic/Illegal Parking	2183
Monday, Street Sign - Dangling	2177
Monday, Smoking	2169
Thursday, DOT Literature Request	2168
Wednesday, Smoking	2161
Saturday, SAFETY	2158
Monday, Boilers	2146
Saturday, Homeless Encampment	2140
Thursday, Traffic/Illegal Parking	2138
Thursday, Noise - Park	2136
Tuesday, Dead/Dying Tree	2134
Tuesday, Traffic/Illegal Parking	2123
Thursday, Smoking	2108
Wednesday, DOT Literature Request	2108
Wednesday, Street Sign - Dangling	2094
Thursday, DOF Parking - Request Status	2091
Monday, Dead/Dying Tree	2086
Monday, School Maintenance	2056
Friday, Standing Water	2055
Tuesday, Industrial Waste	2053
Wednesday, Noise - Park	2042
Monday, Traffic/Illegal Parking	2035
Wednesday, Industrial Waste	2010
Tuesday, Noise - Park	2008
Sunday, Food Poisoning	2007
Saturday, Special Projects Inspection Team (SPIT)	1991
Friday, Smoking	1971
Sunday, Water Conservation	1964
Thursday, Dead/Dying Tree	1956
Friday, Boilers	1947
Sunday, Traffic	1945
Saturday, Noise - House of Worship	1935
Friday, DOT Literature Request	1925
Wednesday, Dead/Dying Tree	1920
Monday, Animal in a Park	1908
Monday, Non-Residential Heat	1906
Saturday, Drinking	1905
Friday, Noise Survey	1903
Friday, School Maintenance	1903
Sunday, SAFETY	1901
Thursday, Industrial Waste	1889
Monday, DOF Property - Update Account	1886
Tuesday, DOF Property - Update Account	1885
Friday, Street Sign - Dangling	1875
Tuesday, Animal in a Park	1852
Saturday, Hazardous Materials	1850
Sunday, Animal in a Park	1819
Friday, Industrial Waste	1804
Wednesday, DOF Parking - Request Status	1795
Monday, DOF Parking - Request Status	1789
Monday, Industrial Waste	1769
Monday, Violation of Park Rules	1768
Sunday, Drinking	1752
Wednesday, Animal in a Park	1752
Sunday, Traffic/Illegal Parking	1714
Thursday, Animal in a Park	1714
Sunday, Noise - House of Worship	1711
Wednesday, DOF Property - Update Account	1696
Thursday, DOF Parking - Request Copy	1693
Sunday, Special Projects Inspection Team (SPIT)	1692
Tuesday, Non-Residential Heat	1682
Friday, DOF Parking - Request Status	1679
Tuesday, DOF Parking - Request Status	1678
Saturday, Animal in a Park	1672
Wednesday, Non-Residential Heat	1652
Monday, Noise Survey	1646
Saturday, Plumbing	1642
Tuesday, DOF Parking - Request Copy	1640
Friday, Dead/Dying Tree	1639
Saturday, Traffic/Illegal Parking	1621
Friday, Animal in a Park	1610
Wednesday, DOF Parking - Request Copy	1610
Thursday, DOF Property - Update Account	1596
Tuesday, Overflowing Litter Baskets	1586
Friday, Drinking	1585
Saturday, Illegal Tree Damage	1575
Saturday, Unsanitary Animal Pvt Property	1557
Tuesday, Investigations and Discipline (IAD)	1554
Monday, Overflowing Litter Baskets	1549
Wednesday, Noise Survey	1547
Friday, DOF Property - Update Account	1536
Monday, Water Quality	1536
Monday, DOF Parking - Request Copy	1528
Wednesday, Water Quality	1526
Wednesday, Investigations and Discipline (IAD)	1524
Saturday, Agency Issues	1522
Tuesday, Water Quality	1514
Friday, DOF Parking - Request Copy	1489
Saturday, Litter Basket / Request	1487
Thursday, Overflowing Litter Baskets	1469
Wednesday, Violation of Park Rules	1466
Saturday, SCRIE	1465
Thursday, Investigations and Discipline (IAD)	1463
Friday, Overflowing Litter Baskets	1447
Tuesday, Noise Survey	1428
Sunday, Litter Basket / Request	1424
Thursday, Non-Residential Heat	1419
Tuesday, EAP Inspection - F59	1418
Monday, Investigations and Discipline (IAD)	1405
Friday, Violation of Park Rules	1401
Friday, Non-Residential Heat	1394
Wednesday, Overflowing Litter Baskets	1387
Thursday, Violation of Park Rules	1385
Thursday, Water Quality	1369
Sunday, Illegal Tree Damage	1362
Tuesday, Violation of Park Rules	1361
Saturday, Smoking	1359
Thursday, Noise Survey	1350
Saturday, Housing - Low Income Senior	1349
Sunday, Hazardous Materials	1347
Sunday, Smoking	1341
Friday, Water Quality	1328
Saturday, Boilers	1328
Wednesday, BEST/Site Safety	1326
Wednesday, EAP Inspection - F59	1326
Thursday, BEST/Site Safety	1316
Sunday, Unsanitary Animal Pvt Property	1315
Monday, Sweeping/Missed-Inadequate	1310
Thursday, Curb Condition	1306
Sunday, Boilers	1291
Saturday, DCA / DOH New License Application Request	1281
Tuesday, Sweeping/Missed-Inadequate	1280
Saturday, Street Sign - Dangling	1278
Wednesday, Curb Condition	1273
Saturday, HPD Literature Request	1271
Thursday, EAP Inspection - F59	1267
Tuesday, BEST/Site Safety	1265
Monday, EAP Inspection - F59	1248
Friday, Investigations and Discipline (IAD)	1246
Thursday, Sweeping/Missed-Inadequate	1236
Wednesday, Recycling Enforcement	1233
Monday, Recycling Enforcement	1231
Sunday, Plumbing	1228
Saturday, Standing Water	1226
Sunday, Street Sign - Dangling	1224
Wednesday, Indoor Sewage	1223
Monday, Indoor Sewage	1221
Tuesday, Recycling Enforcement	1217
Tuesday, Curb Condition	1195
Tuesday, Derelict Bicycle	1195
Monday, Electronics Waste	1185
Tuesday, Electronics Waste	1182
Thursday, Recycling Enforcement	1181
Monday, BEST/Site Safety	1177
Wednesday, Derelict Bicycle	1177
Tuesday, Indoor Sewage	1173
Wednesday, Noise - Helicopter	1167
Monday, Curb Condition	1160
Monday, Derelict Bicycle	1148
Monday, Drinking	1141
Friday, Curb Condition	1135
Thursday, Noise - Helicopter	1132
Friday, Noise - Helicopter	1122
Saturday, Electrical	1110
Thursday, Drinking	1109
Sunday, DCA / DOH New License Application Request	1107
Friday, Noise - House of Worship	1104
Sunday, Housing - Low Income Senior	1097
Sunday, Agency Issues	1089
Wednesday, Drinking	1086
Tuesday, Noise - Helicopter	1077
Thursday, Indoor Sewage	1073
Tuesday, Public Payphone Complaint	1070
Thursday, Derelict Bicycle	1068
Sunday, Standing Water	1065
Monday, DOF Parking - Tax Exemption	1057
Saturday, Industrial Waste	1052
Sunday, Taxi Report	1052
Friday, Indoor Sewage	1046
Friday, Sweeping/Missed-Inadequate	1039
Sunday, Overflowing Litter Baskets	1036
Friday, Taxi Report	1029
Friday, EAP Inspection - F59	1025
Thursday, Taxi Report	1018
Thursday, Unleashed Dog	1017
Wednesday, Public Payphone Complaint	1017
Sunday, DOT Literature Request	1016
Monday, Elder Abuse	1013
Monday, Noise - Helicopter	1012
Tuesday, DOF Parking - Tax Exemption	1003
Wednesday, Electronics Waste	1003
Tuesday, Taxi Report	996
Tuesday, Drinking	992
Saturday, Asbestos	980
Wednesday, CONSTRUCTION	977
Saturday, Vacant Lot	969
Tuesday, CONSTRUCTION	964
Wednesday, Taxi Report	964
Tuesday, Unleashed Dog	960
Saturday, Taxi Report	957
Saturday, Emergency Response Team (ERT)	950
Wednesday, Elder Abuse	945
Monday, Taxi Report	942
Friday, Recycling Enforcement	938
Sunday, Noise - Helicopter	931
Sunday, HPD Literature Request	925
Tuesday, Elder Abuse	925
Monday, Unleashed Dog	919
Friday, Public Payphone Complaint	917
Friday, Derelict Bicycle	915
Monday, Public Payphone Complaint	914
Wednesday, Unleashed Dog	914
Saturday, Overflowing Litter Baskets	912
Friday, Electronics Waste	910
Thursday, Electronics Waste	910
Sunday, Vacant Lot	909
Wednesday, DOF Parking - Tax Exemption	909
Monday, CONSTRUCTION	906
Friday, Unleashed Dog	891
Thursday, CONSTRUCTION	890
Saturday, DOT Literature Request	888
Sunday, Broken Muni Meter	887
Wednesday, OUTSIDE BUILDING	887
Monday, Unsanitary Pigeon Condition	882
Thursday, Public Payphone Complaint	879
Saturday, DPR Internal	877
Friday, Elder Abuse	864
Wednesday, Sweeping/Missed-Inadequate	862
Friday, CONSTRUCTION	857
Friday, BEST/Site Safety	841
Monday, Taxi Compliment	841
Sunday, SCRIE	840
Tuesday, OUTSIDE BUILDING	840
Saturday, Non-Residential Heat	838
Sunday, DPR Internal	836
Sunday, Electrical	833
Wednesday, OEM Disabled Vehicle	833
Thursday, Elder Abuse	832
Thursday, DOF Parking - Tax Exemption	817
Wednesday, Unsanitary Pigeon Condition	813
Tuesday, Unsanitary Pigeon Condition	807
Friday, Disorderly Youth	805
Monday, Sweeping/Missed	803
Sunday, Industrial Waste	800
Monday, DPR Internal	794
Tuesday, Bridge Condition	788
Friday, Taxi Compliment	786
Tuesday, Sweeping/Missed	786
Saturday, Noise - Helicopter	776
Tuesday, DPR Internal	776
Thursday, Noise - House of Worship	769
Monday, OUTSIDE BUILDING	768
Friday, DOF Parking - Tax Exemption	767
Thursday, Sweeping/Missed	767
Thursday, OUTSIDE BUILDING	765
Thursday, Taxi Compliment	759
Sunday, Dead/Dying Tree	752
Wednesday, Taxi Compliment	742
Monday, Noise - House of Worship	740
Wednesday, DPR Internal	738
Thursday, Unsanitary Pigeon Condition	737
Tuesday, Taxi Compliment	733
Saturday, Dead/Dying Tree	729
Saturday, Disorderly Youth	728
Monday, Bridge Condition	724
Wednesday, Noise - House of Worship	723
Saturday, Water Quality	722
Monday, Ferry Inquiry	721
Thursday, Bridge Condition	720
Wednesday, Bridge Condition	717
Friday, DPR Internal	712
Thursday, DPR Internal	710
Monday, Home Repair	699
Saturday, Electronics Waste	689
Friday, Sweeping/Missed	687
Sunday, Disorderly Youth	685
Sunday, Non-Residential Heat	681
Tuesday, Home Repair	668
Tuesday, Ferry Inquiry	667
Sunday, Asbestos	660
Wednesday, Home Repair	653
Friday, Bridge Condition	647
Sunday, Recycling Enforcement	640
Wednesday, Disorderly Youth	638
Wednesday, Ferry Inquiry	634
Thursday, Disorderly Youth	629
Tuesday, Noise - House of Worship	628
Saturday, Curb Condition	627
Wednesday, Window Guard	623
Thursday, Home Repair	622
Friday, Unsanitary Pigeon Condition	620
Monday, Disorderly Youth	617
Thursday, Ferry Inquiry	612
Tuesday, Disorderly Youth	612
Sunday, Electronics Waste	609
Tuesday, DOF Property - RPIE Issue	602
Monday, Emergency Response Team (ERT)	592
Sunday, Water Quality	591
Friday, Ferry Inquiry	589
Saturday, Recycling Enforcement	589
Wednesday, Request for Information	584
Sunday, Derelict Bicycle	581
Saturday, Indoor Sewage	575
Sunday, Taxi Compliment	571
Tuesday, OEM Disabled Vehicle	568
Friday, OUTSIDE BUILDING	566
Saturday, Housing Options	565
Wednesday, Sweeping/Missed	565
Saturday, Derelict Bicycle	564
Thursday, Window Guard	559
Wednesday, DOF Property - RPIE Issue	558
Monday, Request for Information	550
Saturday, School Maintenance	550
Monday, Window Guard	549
Tuesday, Emergency Response Team (ERT)	537
Friday, Home Repair	535
Monday, ELEVATOR	534
Tuesday, Request for Information	523
Tuesday, DCA Literature Request	521
Thursday, Cranes and Derricks	515
Monday, Found Property	512
Saturday, Taxi Compliment	512
Thursday, Request for Information	507
Thursday, Senior Center Complaint	501
Thursday, DOF Property - RPIE Issue	500
Friday, Found Property	498
Wednesday, DCA Literature Request	497
Saturday, Unleashed Dog	492
Monday, Bike/Roller/Skate Chronic	491
Thursday, Posting Advertisement	489
Wednesday, Emergency Response Team (ERT)	489
Thursday, Emergency Response Team (ERT)	488
Sunday, School Maintenance	487
Thursday, Found Property	483
Sunday, Indoor Sewage	481
Wednesday, Senior Center Complaint	477
Sunday, Unleashed Dog	476
Tuesday, Cranes and Derricks	475
Friday, Window Guard	473
Thursday, Bike/Roller/Skate Chronic	472
Friday, Urinating in Public	471
Tuesday, Bike/Roller/Skate Chronic	469
Monday, Cranes and Derricks	468
Saturday, Fire Safety Director - F58	468
Wednesday, ELEVATOR	468
Wednesday, Found Property	468
Sunday, Curb Condition	467
Tuesday, City Vehicle Placard Complaint	466
Tuesday, ELEVATOR	466
Wednesday, Urinating in Public	464
Friday, Cranes and Derricks	463
Saturday, CONSTRUCTION	462
Monday, Urinating in Public	461
Saturday, Construction	461
Thursday, DCA Literature Request	461
Friday, Emergency Response Team (ERT)	459
Tuesday, Urinating in Public	457
Tuesday, Found Property	455
Monday, Alzheimer's Care	452
Monday, DCA Literature Request	449
Friday, Posting Advertisement	447
Tuesday, Senior Center Complaint	446
Saturday, Bridge Condition	443
Tuesday, Plant	443
Wednesday, Cranes and Derricks	443
Saturday, Unsanitary Pigeon Condition	439
Wednesday, Posting Advertisement	438
Saturday, Found Property	435
Wednesday, Alzheimer's Care	435
Friday, City Vehicle Placard Complaint	433
Wednesday, Mold	433
Friday, DCA Literature Request	431
Thursday, Urinating in Public	431
Sunday, Bridge Condition	429
Tuesday, Mold	428
Sunday, OUTSIDE BUILDING	427
Sunday, Urinating in Public	426
Tuesday, Window Guard	425
Friday, DOF Property - RPIE Issue	424
Friday, Bike/Roller/Skate Chronic	423
Friday, ELEVATOR	422
Monday, Mold	421
Monday, Senior Center Complaint	421
Sunday, Found Property	419
Wednesday, City Vehicle Placard Complaint	419
Saturday, Urinating in Public	417
Friday, Request for Information	416
Sunday, Housing Options	416
Wednesday, Bike/Roller/Skate Chronic	416
Monday, DOF Property - RPIE Issue	413
Sunday, Emergency Response Team (ERT)	413
Saturday, Bike/Roller/Skate Chronic	412
Monday, Posting Advertisement	408
Thursday, OEM Disabled Vehicle	408
Friday, Senior Center Complaint	406
Sunday, Construction	405
Tuesday, Alzheimer's Care	402
Thursday, ELEVATOR	399
Thursday, Mold	399
Thursday, City Vehicle Placard Complaint	396
Monday, City Vehicle Placard Complaint	394
Tuesday, Fire Alarm - Reinspection	394
Saturday, Elder Abuse	388
Saturday, Public Payphone Complaint	387
Saturday, Posting Advertisement	385
Sunday, Unsanitary Pigeon Condition	385
Tuesday, Posting Advertisement	384
Sunday, Bike/Roller/Skate Chronic	381
Wednesday, Fire Alarm - Reinspection	381
Saturday, Ferry Inquiry	378
Tuesday, Request Xmas Tree Collection	377
Wednesday, Request Xmas Tree Collection	377
Tuesday, DOF Parking - DMV Clearance	374
Wednesday, Plant	371
Thursday, Alzheimer's Care	370
Monday, HEAP Assistance	369
Sunday, ELEVATOR	367
Tuesday, Bus Stop Shelter Placement	366
Saturday, OUTSIDE BUILDING	365
Sunday, Elder Abuse	365
Sunday, CONSTRUCTION	362
Thursday, Bus Stop Shelter Placement	362
Saturday, Investigations and Discipline (IAD)	360
Monday, Plant	355
Sunday, Fire Safety Director - F58	354
Monday, Scaffold Safety	350
Friday, Alzheimer's Care	347
Tuesday, HEAP Assistance	347
Thursday, DOF Parking - DMV Clearance	345
Saturday, ELEVATOR	340
Sunday, Posting Advertisement	340
Wednesday, Bus Stop Shelter Placement	340
Thursday, Scaffold Safety	337
Wednesday, Scaffold Safety	337
Monday, DOF Parking - DMV Clearance	336
Wednesday, Panhandling	335
Friday, DOF Parking - DMV Clearance	330
Sunday, Public Payphone Complaint	328
Saturday, BEST/Site Safety	323
Tuesday, Scaffold Safety	323
Monday, Ferry Complaint	320
Friday, Mold	318
Thursday, Request Xmas Tree Collection	316
Tuesday, Illegal Animal Kept as Pet	312
Monday, Cable Complaint	311
Monday, Fire Alarm - Reinspection	311
Friday, HEAP Assistance	310
Wednesday, DOF Parking - DMV Clearance	309
Thursday, Fire Alarm - Reinspection	306
Monday, Bus Stop Shelter Placement	305
Wednesday, HEAP Assistance	304
Monday, Illegal Animal Kept as Pet	303
Monday, Sweeping/Inadequate	303
Tuesday, Cable Complaint	301
Friday, Fire Alarm - Reinspection	296
Wednesday, Cable Complaint	291
Sunday, Plant	289
Wednesday, Illegal Animal Kept as Pet	288
Tuesday, DHS Advantage - Third Party	287
Tuesday, Collection Truck Noise	286
Tuesday, Sweeping/Inadequate	286
Friday, Plant	285
Sunday, Investigations and Discipline (IAD)	284
Thursday, Illegal Animal Kept as Pet	284
Friday, Request Xmas Tree Collection	280
Friday, Scaffold Safety	280
Sunday, Ferry Inquiry	276
Thursday, Ferry Complaint	274
Monday, Utility Program	270
Thursday, HEAP Assistance	270
Friday, Bus Stop Shelter Placement	268
Thursday, Plant	268
Sunday, Illegal Fireworks	266
Thursday, Cable Complaint	266
Tuesday, Utility Program	266
Monday, Panhandling	264
Tuesday, Panhandling	264
Thursday, Panhandling	263
Friday, Illegal Animal Kept as Pet	261
Wednesday, DHS Advantage - Third Party	260
Thursday, DOF Property - City Rebate	257
Saturday, Plant	255
Wednesday, Ferry Complaint	254
Monday, DOF Property - City Rebate	252
Saturday, Illegal Fireworks	252
Wednesday, DOF Property - City Rebate	252
Friday, Cable Complaint	249
Thursday, Opinion for the Mayor	247
Monday, Weatherization	245
Tuesday, DOF Property - City Rebate	245
Friday, Ferry Complaint	244
Wednesday, Utility Program	244
Thursday, DHS Advantage - Third Party	243
Wednesday, Weatherization	243
Tuesday, Ferry Complaint	242
Saturday, Cranes and Derricks	238
Monday, Request Xmas Tree Collection	237
Thursday, Utility Program	236
Monday, Beach/Pool/Sauna Complaint	235
Thursday, Weatherization	234
Monday, DHS Advantage - Third Party	230
Monday, Harboring Bees/Wasps	229
Wednesday, Opinion for the Mayor	228
Tuesday, Beach/Pool/Sauna Complaint	227
Monday, Illegal Fireworks	226
Tuesday, Miscellaneous Categories	226
Friday, DHS Advantage - Third Party	222
Friday, Panhandling	222
Wednesday, OEM Literature Request	221
Friday, Opinion for the Mayor	219
Thursday, Sweeping/Inadequate	219
Monday, OEM Literature Request	217
Thursday, Safety	217
Wednesday, Collection Truck Noise	216
Tuesday, Opinion for the Mayor	214
Thursday, Collection Truck Noise	213
Wednesday, Beach/Pool/Sauna Complaint	209
Monday, Collection Truck Noise	207
Tuesday, DRIE	207
Tuesday, OEM Literature Request	207
Wednesday, Miscellaneous Categories	207
Friday, Utility Program	204
Saturday, Illegal Animal Kept as Pet	204
Tuesday, Weatherization	204
Saturday, Ferry Complaint	203
Monday, Complaint	202
Friday, Sweeping/Inadequate	201
Tuesday, Harboring Bees/Wasps	201
Tuesday, Home Delivered Meal - Missed Delivery	201
Friday, Miscellaneous Categories	200
Friday, OEM Literature Request	200
Monday, Home Delivered Meal - Missed Delivery	199
Saturday, Request Xmas Tree Collection	198
Friday, Beach/Pool/Sauna Complaint	197
Thursday, Beach/Pool/Sauna Complaint	197
Thursday, DRIE	196
Wednesday, Fire Alarm - New System	196
Monday, DRIE	195
Saturday, Collection Truck Noise	195
Saturday, City Vehicle Placard Complaint	193
Sunday, Request Xmas Tree Collection	193
Wednesday, Complaint	192
Friday, DOF Property - City Rebate	191
Saturday, DOF Property - Reduction Issue	188
Thursday, Illegal Fireworks	185
Monday, Miscellaneous Categories	184
Tuesday, Stalled Sites	183
Wednesday, DRIE	183
Sunday, City Vehicle Placard Complaint	182
Thursday, Harboring Bees/Wasps	182
Tuesday, FHE	182
Friday, Illegal Fireworks	181
Monday, DOF Property - Property Value	181
Tuesday, DOF Property - Property Value	180
Monday, Fire Alarm - New System	179
Thursday, Miscellaneous Categories	179
Thursday, OEM Literature Request	179
Friday, Complaint	177
Monday, Opinion for the Mayor	177
Thursday, Complaint	177
Wednesday, Mosquitoes	177
Tuesday, Illegal Fireworks	176
Tuesday, DOE Complaint or Compliment	175
Saturday, Panhandling	174
Wednesday, Bike Rack Condition	173
Wednesday, Harboring Bees/Wasps	173
Friday, Harboring Bees/Wasps	172
Tuesday, Complaint	172
Wednesday, DOE Complaint or Compliment	172
Wednesday, Safety	172
Tuesday, Safety	171
Saturday, Sweeping/Missed-Inadequate	170
Friday, Weatherization	168
Sunday, Broken Parking Meter	168
Thursday, DOE Complaint or Compliment	168
Thursday, Mosquitoes	166
Sunday, Panhandling	165
Tuesday, Mosquitoes	165
Monday, Mosquitoes	164
Sunday, Request for Information	163
Friday, Collection Truck Noise	162
Friday, Fire Alarm - New System	162
Sunday, Illegal Animal Kept as Pet	162
Wednesday, Illegal Fireworks	162
Wednesday, Sweeping/Inadequate	160
Saturday, Mold	159
Thursday, For Hire Vehicle Report	158
Friday, Safety	156
Monday, Poison Ivy	156
Friday, Mosquitoes	155
Monday, DOE Complaint or Compliment	155
Monday, Safety	155
Friday, DOF Property - Property Value	154
Friday, DRIE	154
Friday, Home Delivered Meal - Missed Delivery	154
Saturday, DCA Literature Request	154
Sunday, Ferry Complaint	154
Wednesday, Home Delivered Meal - Missed Delivery	154
Wednesday, For Hire Vehicle Report	153
Monday, Stalled Sites	151
Thursday, Fire Alarm - New System	151
Saturday, Request for Information	150
Tuesday, Bike Rack Condition	150
Wednesday, FHE	150
Saturday, Scaffold Safety	149
Tuesday, For Hire Vehicle Report	149
Tuesday, Fire Alarm - New System	148
Wednesday, DOF Property - Property Value	148
Friday, For Hire Vehicle Report	147
Sunday, BEST/Site Safety	146
Thursday, Stalled Sites	145
Tuesday, Home Delivered Meal Complaint	145
Tuesday, Poison Ivy	145
Wednesday, Drug Activity	144
Wednesday, Fire Alarm - Modification	144
Monday, For Hire Vehicle Report	141
Tuesday, Discipline and Suspension	141
Tuesday, Teaching/Learning/Instruction	141
Wednesday, Stalled Sites	141
Tuesday, Drinking Water	139
Monday, Drinking Water	137
Sunday, Harboring Bees/Wasps	137
Thursday, Bike Rack Condition	137
Thursday, Drinking Water	137
Thursday, Fire Alarm - Modification	137
Friday, DOE Complaint or Compliment	135
Saturday, Cable Complaint	135
Thursday, DOF Property - Property Value	135
Tuesday, Drug Activity	135
Friday, Drug Activity	134
Saturday, Harboring Bees/Wasps	134
Tuesday, Compliment	134
Monday, Fire Alarm - Modification	133
Tuesday, Fire Alarm - Modification	133
Sunday, Opinion for the Mayor	132
Thursday, Poison Ivy	131
Saturday, Home Repair	130
Wednesday, Discipline and Suspension	130
Wednesday, Drinking Water	130
Wednesday, Tattooing	130
Sunday, Scaffold Safety	129
Friday, Bike Rack Condition	128
Thursday, Home Delivered Meal - Missed Delivery	128
Wednesday, Forensic Engineering	128
Wednesday, Teaching/Learning/Instruction	128
Saturday, Window Guard	126
Sunday, Mold	126
Thursday, Drug Activity	126
Monday, Bike Rack Condition	125
Monday, Home Delivered Meal Complaint	125
Monday, Tattooing	125
Thursday, Day Care	125
Thursday, Teaching/Learning/Instruction	125
Wednesday, Day Care	125
Wednesday, Poison Ivy	125
Tuesday, Unsanitary Animal Facility	124
Sunday, DOF Property - Reduction Issue	123
Thursday, Discipline and Suspension	123
Friday, Poison Ivy	122
Sunday, DCA Literature Request	122
Thursday, Tattooing	121
Monday, DEP Literature Request	120
Monday, Drug Activity	120
Monday, Eviction	120
Monday, Teaching/Learning/Instruction	119
Saturday, For Hire Vehicle Report	119
Tuesday, Day Care	116
Wednesday, Municipal Parking Facility	116
Thursday, Municipal Parking Facility	114
Wednesday, Home Delivered Meal Complaint	114
Monday, DOF Parking - Address Update	112
Monday, Discipline and Suspension	112
Tuesday, Municipal Parking Facility	112
Sunday, Drug Activity	111
Thursday, Compliment	111
Tuesday, Special Natural Area District (SNAD)	111
Wednesday, Compliment	111
Friday, Drinking Water	110
Monday, Day Care	110
Saturday, Drug Activity	110
Friday, Compliment	109
Friday, Fire Alarm - Modification	109
Friday, Home Delivered Meal Complaint	109
Thursday, Home Delivered Meal Complaint	109
Monday, Unsanitary Animal Facility	108
Saturday, Alzheimer's Care	106
Sunday, Sweeping/Missed-Inadequate	105
Tuesday, DOF Parking - Address Update	105
Sunday, Beach/Pool/Sauna Complaint	104
Sunday, Complaint	104
Sunday, For Hire Vehicle Report	104
Wednesday, DEP Literature Request	104
Saturday, Complaint	103
Tuesday, DEP Literature Request	103
Monday, Compliment	101
Saturday, Senior Center Complaint	101
Sunday, Home Repair	101
Saturday, Beach/Pool/Sauna Complaint	100
Saturday, Bus Stop Shelter Placement	100
Wednesday, Eviction	100
Wednesday, Unsanitary Animal Facility	100
Sunday, Window Guard	99
Tuesday, Eviction	99
Sunday, Bus Stop Shelter Placement	98
Thursday, DEP Literature Request	98
Tuesday, Tattooing	98
Wednesday, Special Natural Area District (SNAD)	98
Friday, Discipline and Suspension	97
Thursday, DOF Parking - Address Update	97
Monday, Municipal Parking Facility	96
Friday, Tattooing	95
Saturday, Opinion for the Mayor	95
Sunday, Alzheimer's Care	95
Thursday, FHE	95
Friday, Day Care	94
Friday, Special Natural Area District (SNAD)	94
Monday, Special Natural Area District (SNAD)	94
Thursday, Eviction	94
Monday, Animal Facility - No Permit	93
Thursday, Special Natural Area District (SNAD)	93
Wednesday, DOF Parking - Address Update	93
Friday, DEP Literature Request	92
Tuesday, Highway Sign - Damaged	92
Tuesday, Public Assembly	90
Wednesday, Animal Facility - No Permit	90
Friday, Unsanitary Animal Facility	89
Saturday, Sweeping/Missed	89
Wednesday, Highway Sign - Damaged	89
Thursday, Adopt-A-Basket	88
Thursday, Unsanitary Animal Facility	88
Saturday, Safety	87
Friday, Animal Facility - No Permit	85
Wednesday, Parking Card	84
Sunday, Cranes and Derricks	83
Thursday, Animal Facility - No Permit	83
Friday, DOF Parking - Address Update	82
Monday, FHE	82
Tuesday, Animal Facility - No Permit	81
Saturday, Unsanitary Animal Facility	80
Wednesday, Adopt-A-Basket	80
Friday, Eviction	79
Friday, Municipal Parking Facility	79
Saturday, Home Delivered Meal - Missed Delivery	79
Monday, Adopt-A-Basket	78
Sunday, Senior Center Complaint	78
Thursday, Parking Card	78
Friday, Highway Sign - Damaged	76
Saturday, Poison Ivy	76
Tuesday, Adopt-A-Basket	76
Wednesday, Registration and Transfers	76
Sunday, Cable Complaint	75
Sunday, Collection Truck Noise	75
Sunday, Compliment	75
Thursday, Forms	75
Tuesday, Misc. Comments	75
Tuesday, Summer Camp	75
Monday, Highway Sign - Damaged	74
Tuesday, Forms	74
Wednesday, Misc. Comments	74
Friday, Stalled Sites	72
Friday, Teaching/Learning/Instruction	72
Monday, Summer Camp	72
Saturday, Mosquitoes	72
Friday, Adopt-A-Basket	71
Saturday, Drinking Water	71
Friday, OEM Disabled Vehicle	70
Monday, Invitation	70
Tuesday, Parking Card	70
Friday, Forensic Engineering	68
Monday, Registration and Transfers	68
Sunday, Tattooing	68
Thursday, Highway Sign - Damaged	68
Sunday, Poison Ivy	67
Friday, Misc. Comments	66
Sunday, Mosquitoes	66
Friday, Forms	64
Thursday, Forensic Engineering	64
Thursday, Public Assembly	64
Monday, Public Toilet	63
Sunday, Sweeping/Missed	63
Wednesday, Summer Camp	63
Friday, Invitation	62
Monday, DPR Literature Request	62
Saturday, Tattooing	62
Monday, Misc. Comments	61
Saturday, Compliment	61
Thursday, Public Toilet	61
Wednesday, Illegal Animal Sold	61
Sunday, Highway Sign - Damaged	60
Thursday, Registration and Transfers	60
Tuesday, DPR Literature Request	60
Friday, Parking Card	59
Saturday, Day Care	59
Wednesday, Invitation	59
Tuesday, Registration and Transfers	58
Monday, Parking Card	57
Thursday, Misc. Comments	57
Friday, Illegal Animal Sold	56
Saturday, DOF Parking - Payment Issue	56
Saturday, Teaching/Learning/Instruction	56
Saturday, Utility Program	56
Sunday, DOF Parking - Payment Issue	56
Tuesday, Ferry Permit	56
Friday, FHE	55
Saturday, HEAP Assistance	55
Thursday, Invitation	55
Friday, DPR Literature Request	54
Saturday, Highway Sign - Damaged	54
Thursday, Ferry Permit	53
Wednesday, DPR Literature Request	53
Wednesday, Forms	53
Friday, Registration and Transfers	52
Monday, Forms	52
Sunday, Drinking Water	52
Sunday, Bike Rack Condition	51
Wednesday, Public Assembly	51
Wednesday, Public Toilet	51
Friday, Public Assembly	50
Friday, Summer Camp	50
Saturday, Bike Rack Condition	50
Thursday, Health	50
Wednesday, Ferry Permit	50
Monday, Home Care Provider Complaint	49
Thursday, Summer Camp	49
Tuesday, Public Toilet	49
Monday, Illegal Animal Sold	48
Saturday, DOE Complaint or Compliment	48
Saturday, OEM Literature Request	48
Sunday, DOE Complaint or Compliment	48
Tuesday, Health	48
Friday, Health	47
Sunday, Safety	47
Tuesday, Invitation	47
Monday, Ferry Permit	46
Saturday, Animal Facility - No Permit	46
Saturday, Municipal Parking Facility	46
Wednesday, DHS Income Savings Requirement	46
Wednesday, Highway Sign - Missing	46
Wednesday, Home Care Provider Complaint	45
Saturday, Miscellaneous Categories	44
Sunday, Unsanitary Animal Facility	44
Wednesday, Health	44
Friday, Ferry Permit	43
Sunday, Day Care	43
Thursday, Illegal Animal Sold	43
Tuesday, Illegal Animal Sold	43
Wednesday, Bereavement Support Group	43
Saturday, Discipline and Suspension	42
Sunday, Forms	42
Monday, Public Assembly	41
Saturday, EAP Inspection - F59	41
Friday, Bereavement Support Group	40
Monday, Bereavement Support Group	40
Monday, Case Management Agency Complaint	40
Thursday, Open Flame Permit	40
Saturday, Weatherization	39
Sunday, Teaching/Learning/Instruction	39
Monday, Health	38
Tuesday, Bereavement Support Group	38
Friday, Case Management Agency Complaint	37
Monday, Highway Sign - Missing	37
Monday, Legal Services Provider Complaint	37
Sunday, Misc. Comments	37
Thursday, Highway Sign - Missing	37
Tuesday, Case Management Agency Complaint	37
Sunday, Highway Sign - Missing	36
Sunday, Illegal Animal Sold	36
Thursday, Home Care Provider Complaint	36
Friday, Literature Request	35
Monday, Open Flame Permit	35
Saturday, Public Toilet	35
Tuesday, Highway Sign - Missing	35
Tuesday, Home Care Provider Complaint	35
Tuesday, Tree Work Permit Request	35
Saturday, Forensic Engineering	34
Sunday, Animal Facility - No Permit	34
Sunday, Discipline and Suspension	34
Friday, DFTA Literature Request	33
Sunday, Forensic Engineering	33
Sunday, Municipal Parking Facility	33
Tuesday, Open Flame Permit	33
Tuesday, Transportation Provider Complaint	33
Friday, Home Care Provider Complaint	32
Monday, DHS Income Savings Requirement	32
Saturday, DOF Property - Request Copy	32
Saturday, Illegal Animal Sold	32
Sunday, HEAP Assistance	32
Sunday, Public Toilet	32
Thursday, Case Management Agency Complaint	32
Thursday, Legal Services Provider Complaint	32
Tuesday, ATF	32
Tuesday, DHS Income Savings Requirement	32
Wednesday, Legal Services Provider Complaint	32
Wednesday, Literature Request	32
Friday, Open Flame Permit	31
Friday, Public Toilet	31
Thursday, Bereavement Support Group	31
Tuesday, Literature Request	31
Wednesday, Overflowing Recycling Baskets	31
Saturday, Ferry Permit	30
Thursday, DPR Literature Request	30
Wednesday, Open Flame Permit	30
Monday, Calorie Labeling	29
Monday, Transportation Provider Complaint	29
Saturday, DOF Property - Owner Issue	29
Tuesday, Legal Services Provider Complaint	29
Wednesday, Case Management Agency Complaint	29
Sunday, FHE	28
Sunday, OEM Literature Request	28
Monday, Tree Work Permit Request	27
Saturday, Misc. Comments	27
Saturday, Sweeping/Inadequate	27
Sunday, Home Delivered Meal - Missed Delivery	27
Thursday, Literature Request	27
Tuesday, Fire Alarm - Addition	27
Saturday, Registration and Transfers	26
Sunday, Ferry Permit	26
Sunday, Fire Alarm - New System	26
Tuesday, Advocate-Personal Exemptions	26
Tuesday, Bottled Water	26
Wednesday, Lifeguard	26
Friday, Overflowing Recycling Baskets	25
Saturday, Home Delivered Meal Complaint	25
Sunday, Utility Program	25
Wednesday, Fire Alarm - Addition	25
Wednesday, Transportation Provider Complaint	25
Wednesday, Tree Work Permit Request	25
Friday, ATF	24
Friday, Bottled Water	24
Friday, Highway Sign - Missing	24
Monday, Advocate-Personal Exemptions	24
Sunday, Weatherization	24
Thursday, DHS Income Savings Requirement	24
Tuesday, DFTA Literature Request	24
Monday, Literature Request	23
Saturday, FHE	23
Saturday, Forms	23
Saturday, Highway Sign - Missing	23
Sunday, Adopt-A-Basket	23
Thursday, Tree Work Permit Request	23
Wednesday, Calorie Labeling	23
Monday, Fire Alarm - Addition	22
Monday, Highway Sign - Dangling	22
Sunday, Fire Alarm - Reinspection	22
Sunday, Miscellaneous Categories	22
Thursday, Fire Alarm - Addition	22
Thursday, Parent Leadership	22
Tuesday, X-Ray Machine/Equipment	22
Wednesday, ATF	22
Wednesday, X-Ray Machine/Equipment	22
Friday, Advocate-Personal Exemptions	21
Monday, DFTA Literature Request	21
Sunday, DOF Property - Payment Issue	21
Sunday, Invitation	21
Thursday, DFTA Literature Request	21
Thursday, Overflowing Recycling Baskets	21
Wednesday, Bottled Water	21
Saturday, DRIE	20
Saturday, Fire Alarm - Reinspection	20
Saturday, Invitation	20
Saturday, Special Natural Area District (SNAD)	20
Sunday, EAP Inspection - F59	20
Sunday, Home Delivered Meal Complaint	20
Tuesday, Lifeguard	20
Wednesday, Fire Alarm - Replacement	20
Friday, Fire Alarm - Addition	19
Friday, Legal Services Provider Complaint	19
Monday, DOR Literature Request	19
Sunday, Sweeping/Inadequate	19
Tuesday, Overflowing Recycling Baskets	19
Wednesday, DFTA Literature Request	19
Friday, DHS Income Savings Requirement	18
Saturday, DEP Literature Request	18
Sunday, DOF Property - Owner Issue	18
Sunday, Health	18
Thursday, Advocate-Personal Exemptions	18
Thursday, Highway Sign - Dangling	18
Thursday, Transportation Provider Complaint	18
Tuesday, Tunnel Condition	18
Wednesday, Taxpayer Advocate Inquiry	18
Friday, Calorie Labeling	17
Friday, Fire Alarm - Replacement	17
Friday, Highway Sign - Dangling	17
Monday, Bottled Water	17
Saturday, Adopt-A-Basket	17
Saturday, Eviction	17
Saturday, Stalled Sites	17
Sunday, Highway Sign - Dangling	17
Tuesday, Calorie Labeling	17
Tuesday, LinkNYC	17
Wednesday, Sprinkler - Mechanical	17
Friday, Lifeguard	16
Monday, ATF	16
Monday, Fire Alarm - Replacement	16
Monday, Overflowing Recycling Baskets	16
Saturday, OEM Disabled Vehicle	16
Sunday, Eviction	16
Thursday, LinkNYC	16
Tuesday, DOR Literature Request	16
Tuesday, Sprinkler - Mechanical	16
Friday, Transportation Provider Complaint	15
Friday, X-Ray Machine/Equipment	15
Monday, X-Ray Machine/Equipment	15
Saturday, DPR Literature Request	15
Saturday, Health	15
Thursday, Fire Alarm - Replacement	15
Thursday, Taxpayer Advocate Inquiry	15
Thursday, X-Ray Machine/Equipment	15
Wednesday, Tunnel Condition	15
Friday, Advocate - Other	14
Monday, Lifeguard	14
Monday, LinkNYC	14
Monday, Taxpayer Advocate Inquiry	14
Sunday, DOF Property - Request Copy	14
Sunday, DRIE	14
Thursday, Calorie Labeling	14
Thursday, Rangehood	14
Thursday, Sprinkler - Mechanical	14
Wednesday, Advocate-Personal Exemptions	14
Wednesday, DOR Literature Request	14
Wednesday, LinkNYC	14
Friday, Radioactive Material	13
Friday, Tree Work Permit Request	13
Monday, OEM Disabled Vehicle	13
Monday, Radioactive Material	13
Monday, Sprinkler - Mechanical	13
Saturday, DOF Parking - Request Copy	13
Saturday, Literature Request	13
Tuesday, Fire Alarm - Replacement	13
Tuesday, Parent Leadership	13
Wednesday, Highway Sign - Dangling	13
Wednesday, Parent Leadership	13
Friday, Sprinkler - Mechanical	12
Monday, Tunnel Condition	12
Saturday, Calorie Labeling	12
Saturday, Fire Alarm - New System	12
Saturday, Highway Sign - Dangling	12
Sunday, DEP Literature Request	12
Sunday, Fire Alarm - Modification	12
Tuesday, Radioactive Material	12
Wednesday, Rangehood	12
Friday, Parent Leadership	11
Saturday, Bottled Water	11
Saturday, DOF Property - Payment Issue	11
Saturday, Parent Leadership	11
Saturday, Parking Card	11
Saturday, Summer Camp	11
Sunday, Overflowing Recycling Baskets	11
Thursday, Bottled Water	11
Thursday, Lifeguard	11
Thursday, Radioactive Material	11
Thursday, Tunnel Condition	11
Thursday, Water Maintenance	11
Tuesday, Highway Sign - Dangling	11
Tuesday, Rangehood	11
Friday, Taxpayer Advocate Inquiry	10
Monday, Hazmat Storage/Use	10
Monday, Parent Leadership	10
Monday, Rangehood	10
Monday, Standpipe - Mechanical	10
Monday, Trans Fat	10
Saturday, Bereavement Support Group	10
Saturday, Case Management Agency Complaint	10
Sunday, Bereavement Support Group	10
Sunday, Calorie Labeling	10
Sunday, DPR Literature Request	10
Tuesday, Taxpayer Advocate Inquiry	10
Friday, DOR Literature Request	9
Saturday, Transportation Provider Complaint	9
Thursday, ATF	9
Tuesday, Standpipe - Mechanical	9
Wednesday, Radioactive Material	9
Friday, Rangehood	8
Saturday, DOF Parking - Request Status	8
Saturday, LinkNYC	8
Saturday, Public Assembly	8
Sunday, Bottled Water	8
Sunday, DOF Parking - Request Copy	8
Sunday, Home Care Provider Complaint	8
Sunday, Legal Services Provider Complaint	8
Sunday, Lifeguard	8
Sunday, OEM Disabled Vehicle	8
Sunday, Registration and Transfers	8
Sunday, Squeegee	8
Thursday, DOR Literature Request	8
Tuesday, Advocate - Other	8
Tuesday, Illegal Animal - Sold/Kept	8
Tuesday, Squeegee	8
Tuesday, Water Maintenance	8
Wednesday, Advocate - Other	8
Wednesday, Research Questions	8
Wednesday, Trans Fat	8
Friday, Hazmat Storage/Use	7
Friday, LinkNYC	7
Friday, Tunnel Condition	7
Monday, Advocate - Other	7
Monday, No Child Left Behind	7
Saturday, Fire Alarm - Modification	7
Saturday, Lifeguard	7
Saturday, Portable Toilet	7
Saturday, Tree Work Permit Request	7
Saturday, Tunnel Condition	7
Sunday, DOF Property - Update Account	7
Thursday, No Child Left Behind	7
Thursday, Research Questions	7
Thursday, Squeegee	7
Tuesday, Public Assembly - Temporary	7
Wednesday, Advocate-Co-opCondo Abatement	7
Wednesday, Standpipe - Mechanical	7
Friday, NORC Complaint	6
Friday, Research Questions	6
Friday, Standpipe - Mechanical	6
Monday, Building Condition	6
Saturday, Home Care Provider Complaint	6
Saturday, Open Flame Permit	6
Sunday, DOF Parking - Request Status	6
Sunday, Literature Request	6
Sunday, No Child Left Behind	6
Sunday, Special Natural Area District (SNAD)	6
Sunday, Summer Camp	6
Sunday, Tree Work Permit Request	6
Thursday, Standpipe - Mechanical	6
Tuesday, Advocate-Co-opCondo Abatement	6
Tuesday, Hazmat Storage/Use	6
Tuesday, No Child Left Behind	6
Monday, Forensic Engineering	5
Monday, Portable Toilet	5
Saturday, DOF Property - Update Account	5
Saturday, Squeegee	5
Sunday, LinkNYC	5
Sunday, Open Flame Permit	5
Sunday, Radioactive Material	5
Sunday, Tunnel Condition	5
Thursday, Building Condition	5
Thursday, Public Assembly - Temporary	5
Tuesday, Foam Ban Enforcement	5
Tuesday, Research Questions	5
Tuesday, Tanning	5
Wednesday, Building Condition	5
Wednesday, Foam Ban Enforcement	5
Wednesday, Hazmat Storage/Use	5
Wednesday, Tanning	5
Wednesday, Water Maintenance	5
Friday, Advocate-Prop Refunds/Credits	4
Friday, DOF Property - State Rebate	4
Monday, Advocate-Prop Refunds/Credits	4
Monday, Advocate-SCRIE/DRIE	4
Monday, Public Assembly - Temporary	4
Monday, STRUCTURAL	4
Monday, Tanning	4
Saturday, DFTA Literature Request	4
Saturday, DOF Property - City Rebate	4
Saturday, Overflowing Recycling Baskets	4
Sunday, Parent Leadership	4
Sunday, Parking Card	4
Sunday, SRDE	4
Sunday, Transportation Provider Complaint	4
Thursday, Advocate - Other	4
Thursday, Tanning	4
Tuesday, Advocate-Property Value	4
Tuesday, Advocate-SCRIE/DRIE	4
Tuesday, Portable Toilet	4
Tuesday, SRDE	4
Wednesday, Illegal Animal - Sold/Kept	4
Wednesday, No Child Left Behind	4
Wednesday, Public Assembly - Temporary	4
Friday, Advocate-Co-opCondo Abatement	3
Friday, Foam Ban Enforcement	3
Friday, No Child Left Behind	3
Friday, STRUCTURAL	3
Friday, Squeegee	3
Friday, Trans Fat	3
Monday, Illegal Animal - Sold/Kept	3
Monday, Interior Demo	3
Monday, NORC Complaint	3
Monday, Research Questions	3
Monday, Squeegee	3
Saturday, DHS Advantage - Tenant	3
Saturday, Illegal Animal - Sold/Kept	3
Saturday, Rangehood	3
Saturday, Taxpayer Advocate Inquiry	3
Sunday, Case Management Agency Complaint	3
Sunday, DFTA Literature Request	3
Sunday, Fire Alarm - Addition	3
Sunday, Public Assembly	3
Sunday, Trans Fat	3
Thursday, Advocate-Co-opCondo Abatement	3
Thursday, Hazmat Storage/Use	3
Thursday, NORC Complaint	3
Thursday, Trans Fat	3
Tuesday, Advocate-Prop Refunds/Credits	3
Tuesday, STRUCTURAL	3
Tuesday, Trans Fat	3
Wednesday, Advocate-Property Value	3
Wednesday, Healthcare Facilities	3
Wednesday, Portable Toilet	3
Wednesday, STRUCTURAL	3
Wednesday, Squeegee	3
Friday, Healthcare Facilities	2
Friday, Illegal Animal - Sold/Kept	2
Friday, Portable Toilet	2
Friday, Trapping Pigeon	2
Friday, Water Maintenance	2
Monday, Advocate-Co-opCondo Abatement	2
Monday, Advocate-Commercial Exemptions	2
Monday, Advocate-Property Value	2
Monday, SRDE	2
Saturday, DHS Income Savings Requirement	2
Saturday, DOF Parking - Tax Exemption	2
Saturday, DOF Property - RPIE Issue	2
Saturday, Legal Services Provider Complaint	2
Saturday, No Child Left Behind	2
Saturday, Radioactive Material	2
Saturday, STRUCTURAL	2
Saturday, Tanning	2
Saturday, X-Ray Machine/Equipment	2
Sunday, DHS Advantage -Landlord/Broker	2
Sunday, Portable Toilet	2
Sunday, Research Questions	2
Sunday, X-Ray Machine/Equipment	2
Thursday, AGENCY	2
Thursday, DOF Property - State Rebate	2
Thursday, Illegal Animal - Sold/Kept	2
Thursday, Interior Demo	2
Thursday, Laboratory	2
Thursday, Lost Property	2
Thursday, SRDE	2
Thursday, VACANT APARTMENT	2
Tuesday, Advocate-Commercial Exemptions	2
Tuesday, NORC Complaint	2
Wednesday, AGENCY	2
Wednesday, Advocate - RPIE	2
Wednesday, Advocate-Prop Refunds/Credits	2
Wednesday, Advocate-UBT	2
Wednesday, Interior Demo	2
Wednesday, SRDE	2
Friday, Advocate-Commercial Exemptions	1
Friday, Advocate-Prop Class Incorrect	1
Friday, Advocate-Property Value	1
Friday, Advocate-SCRIE/DRIE	1
Friday, Building Condition	1
Friday, Comment	1
Friday, Gas Station Discharge Lines	1
Friday, Hazardous Material	1
Friday, Lost Property	1
Friday, Meals Home Delivery Required	1
Friday, Micro Switch	1
Friday, Public Assembly - Temporary	1
Friday, Tanning	1
Monday, AGENCY	1
Monday, Advocate - RPIE	1
Monday, Advocate-Business Tax	1
Monday, Advocate-Prop Class Incorrect	1
Monday, Advocate-UBT	1
Monday, DOF Property - State Rebate	1
Monday, Foam Ban Enforcement	1
Monday, Gas Station Discharge Lines	1
Monday, VACANT APARTMENT	1
Monday, Water Maintenance	1
Saturday, Advocate-SCRIE/DRIE	1
Saturday, Building Condition	1
Saturday, Comment	1
Saturday, Fire Alarm - Addition	1
Saturday, Foam Ban Enforcement	1
Saturday, Lost Property	1
Saturday, Research Questions	1
Saturday, Sprinkler - Mechanical	1
Saturday, VACANT APARTMENT	1
Sunday, DOF Property - City Rebate	1
Sunday, DOF Property - RPIE Issue	1
Sunday, DOR Literature Request	1
Sunday, Fire Alarm - Replacement	1
Sunday, Hazmat Storage/Use	1
Sunday, Illegal Animal - Sold/Kept	1
Sunday, Lost Property	1
Sunday, Rangehood	1
Sunday, Sprinkler - Mechanical	1
Thursday, Advocate-Business Tax	1
Thursday, Advocate-Property Value	1
Thursday, Advocate-SCRIE/DRIE	1
Thursday, Advocate-UBT	1
Thursday, Asbestos/Garbage Nuisance	1
Thursday, Comment	1
Thursday, Foam Ban Enforcement	1
Thursday, Hazardous Material	1
Thursday, MOLD	1
Thursday, Portable Toilet	1
Thursday, STRUCTURAL	1
Thursday, Unspecified	1
Tuesday, Advocate-UBT	1
Tuesday, Building Condition	1
Tuesday, Forensic Engineering	1
Tuesday, Gas Station Discharge Lines	1
Tuesday, Hazardous Material	1
Tuesday, Interior Demo	1
Tuesday, Lost Property	1
Tuesday, Unlicensed Dog	1
Tuesday, VACANT APARTMENT	1
Wednesday, Advocate-Commercial Exemptions	1
Wednesday, Advocate-SCRIE/DRIE	1
Wednesday, Gas Station Discharge Lines	1
Wednesday, Hazardous Material	1
Wednesday, LEAD	1
Wednesday, Laboratory	1
Wednesday, Lost Property	1
Wednesday, NORC Complaint	1
Wednesday, SG-99	1
Wednesday, SNW	1
Wednesday, Sewer Maintenance	1
Wednesday, VACANT APARTMENT	1
