20090101,2744,20.6,unexpected
20090102,1957,29.7,expected
20090103,1303,34.8,expected
20090104,1136,33.0,expected
20090105,1024,40.8,expected
20090106,1459,36.1,expected
20090107,1257,35.7,expected
20090108,1423,37.9,expected
20090109,1684,31.0,expected
20090110,1804,28.0,expected
20090111,1398,30.2,expected
20090112,1804,27.6,expected
20090113,1468,33.3,expected
20090114,2573,28.0,unexpected
20090115,3332,21.3,unexpected
20090116,4381,15.7,unexpected
20090117,4658,12.6,unexpected
20090118,2230,26.5,unexpected
20090119,1624,29.1,expected
20090120,1665,26.2,expected
20090121,1983,21.9,expected
20090122,1677,26.6,expected
20090123,938,33.3,expected
20090124,1196,36.8,expected
20090125,1758,21.1,expected
20090126,1913,24.4,expected
20090127,1606,28.5,expected
20090128,1412,32.2,expected
20090129,1115,33.4,expected
20090130,1072,30.7,expected
20090131,1457,27.0,expected
20090201,820,34.5,expected
20090202,710,41.5,expected
20090203,1223,35.2,expected
20090204,1633,24.8,expected
20090205,2470,18.6,unexpected
20090206,1736,21.5,expected
20090207,839,31.0,expected
20090208,565,46.6,expected
20090209,792,40.1,expected
20090210,648,39.2,expected
20090211,433,45.8,expected
20090212,730,49.1,expected
20090213,871,44.4,expected
20090214,744,34.9,expected
20090215,735,37.1,expected
20090216,978,33.9,expected
20090217,979,33.2,expected
20090218,911,34.9,expected
20090219,758,44.3,expected
20090220,1478,29.6,expected
20090221,998,32.7,expected
20090222,657,39.4,expected
20090223,1466,32.3,expected
20090224,1404,28.8,expected
20090225,977,30.9,expected
20090226,592,38.1,expected
20090227,475,44.7,expected
20090228,696,41.6,expected
20090301,885,33.2,expected
20090302,2120,25.3,expected
20090303,2341,18.9,unexpected
20090304,1368,24.0,expected
20090305,803,30.5,expected
20090306,449,39.7,expected
20090307,308,49.3,expected
20090308,335,53.1,expected
20090309,659,47.5,expected
20090310,670,39.7,expected
20090311,609,44.3,expected
20090312,873,42.0,expected
20090313,884,33.0,expected
20090314,568,37.1,expected
20090315,439,43.2,expected
20090316,645,42.7,expected
20090317,556,41.4,expected
20090318,417,42.6,expected
20090319,564,44.7,expected
20090320,656,40.1,expected
20090321,651,37.1,expected
20090322,546,42.2,expected
20090323,1077,37.5,expected
20090324,978,36.3,expected
20090325,508,40.9,expected
20090326,513,41.3,expected
20090327,282,49.5,expected
20090328,339,50.2,expected
20090329,453,49.3,expected
20090330,596,50.0,expected
20090331,471,46.8,expected
20100101,770,35.1,expected
20100102,1457,30.5,expected
20100103,2785,19.8,unexpected
20100104,2740,24.1,unexpected
20100105,2036,25.4,expected
20100106,1473,29.4,expected
20100107,1235,32.7,expected
20100108,1225,31.1,expected
20100109,1343,24.8,expected
20100110,1840,21.5,expected
20100111,1766,26.3,expected
20100112,1306,31.6,expected
20100113,1274,28.2,expected
20100114,937,32.3,expected
20100115,724,36.2,expected
20100116,499,42.7,expected
20100117,749,37.3,expected
20100118,704,41.4,expected
20100119,640,40.7,expected
20100120,726,39.0,expected
20100121,803,35.0,expected
20100122,767,36.3,expected
20100123,775,33.5,expected
20100124,715,34.9,expected
20100125,734,49.4,expected
20100126,803,42.8,expected
20100127,976,35.5,expected
20100128,1148,34.3,expected
20100129,2425,21.4,unexpected
20100130,2936,17.5,unexpected
20100131,1902,21.2,expected
20100201,1555,29.4,expected
20100202,1141,30.4,expected
20100203,933,31.9,expected
20100204,932,33.3,expected
20100205,907,33.2,expected
20100206,1252,28.9,expected
20100207,1187,24.0,expected
20100208,1260,28.4,expected
20100209,927,33.0,expected
20100210,1017,32.1,expected
20100211,672,32.4,expected
20100212,764,30.3,expected
20100213,851,28.5,expected
20100214,642,31.2,expected
20100215,763,31.9,expected
20100216,790,32.8,expected
20100217,816,31.0,expected
20100218,715,35.1,expected
20100219,745,38.0,expected
20100220,614,39.2,expected
20100221,536,39.7,expected
20100222,800,36.2,expected
20100223,858,37.5,expected
20100224,792,38.8,expected
20100225,883,36.1,expected
20100226,942,29.3,expected
20100227,701,32.4,expected
20100228,621,35.3,expected
20100301,698,40.7,expected
20100302,597,40.5,expected
20100303,781,37.8,expected
20100304,701,41.1,expected
20100305,652,39.8,expected
20100306,558,41.4,expected
20100307,410,46.7,expected
20100308,459,50.8,expected
20100309,431,52.6,expected
20100310,514,45.2,expected
20100311,576,46.9,expected
20100312,768,45.0,expected
20100313,968,45.0,expected
20100314,706,47.8,expected
20100315,780,43.6,expected
20100316,508,49.3,expected
20100317,324,49.1,expected
20100318,268,50.8,expected
20100319,238,52.9,expected
20100320,206,54.9,expected
20100321,176,51.7,expected
20100322,442,51.1,expected
20100323,537,49.4,expected
20100324,590,50.6,expected
20100325,400,49.4,expected
20100326,825,45.7,expected
20100327,951,34.9,expected
20100328,761,40.1,expected
20100329,623,48.5,expected
20100330,743,46.8,expected
20100331,430,49.0,expected
20100401,268,53.0,expected
20100402,181,50.3,expected
20100403,250,47.5,expected
20100404,226,54.4,expected
20100405,182,58.5,expected
20100406,139,58.3,expected
20100407,134,66.7,expected
20100408,126,61.8,expected
20100409,185,56.1,expected
20100410,406,50.1,expected
20100411,192,57.7,expected
20100412,225,60.3,expected
20100413,412,53.5,expected
20100414,318,51.8,expected
20100415,207,59.9,expected
20100416,492,50.3,expected
20100417,549,48.9,expected
20100418,554,49.7,expected
20100419,568,54.2,expected
20100420,243,56.6,expected
20100421,167,54.4,expected
20100422,171,55.6,expected
20100423,245,56.4,expected
20100424,190,57.3,expected
20100425,476,49.9,expected
20100426,553,50.8,expected
20100427,628,51.7,expected
20100428,967,47.9,expected
20100429,382,57.2,expected
20100430,143,61.7,expected
20100501,114,64.8,expected
20100502,91,64.3,expected
20100503,144,67.2,expected
20100504,84,70.0,expected
20100505,80,64.8,expected
20100506,105,65.0,expected
20100507,80,62.1,expected
20100508,89,62.6,expected
20100509,530,51.6,expected
20100510,799,50.9,expected
20100511,811,50.9,expected
20100512,962,47.7,expected
20100513,336,52.2,expected
20100514,148,60.3,expected
20100515,73,68.1,expected
20100516,75,64.1,expected
20100517,86,63.5,expected
20100518,204,55.1,expected
20100519,172,56.2,expected
20100520,116,63.3,expected
20100521,72,68.7,expected
20100522,63,62.8,expected
20100523,88,66.3,expected
20100524,107,66.1,expected
20100525,96,66.1,expected
20100526,79,72.3,expected
20100527,87,73.8,expected
20100528,83,60.6,expected
20100529,63,63.8,expected
20100530,48,74.7,expected
20100531,55,74.8,expected
20100601,73,72.5,expected
20100602,80,74.1,expected
20100603,60,71.1,expected
20100604,59,79.8,expected
20100605,54,78.5,expected
20100606,62,79.5,expected
20100607,95,67.9,expected
20100608,60,68.5,expected
20100609,100,62.3,expected
20100610,66,63.7,expected
20100611,53,64.4,expected
20100612,50,65.8,expected
20100613,67,70.3,expected
20100614,97,68.2,expected
20100615,67,70.5,expected
20100616,76,66.7,expected
20100617,79,72.4,expected
20100618,47,72.7,expected
20100619,50,69.7,expected
20100620,35,74.7,expected
20100621,95,83.8,expected
20100622,78,77.1,expected
20100623,68,80.5,expected
20100624,48,85.3,expected
20100625,60,80.2,expected
20100626,38,77.6,expected
20100627,31,79.5,expected
20100628,74,84.7,expected
20100629,70,83.0,expected
20100630,66,73.2,expected
20100701,81,72.4,expected
20100702,45,72.5,expected
20100703,42,75.3,expected
20100704,37,81.5,expected
20100705,54,85.4,expected
20100706,57,86.4,expected
20100707,60,87.1,expected
20100708,71,79.6,expected
20100709,47,79.6,expected
20100710,59,78.3,expected
20100711,51,79.4,expected
20100712,59,79.2,expected
20100713,70,77.9,expected
20100714,53,77.1,expected
20100715,65,77.5,expected
20100716,51,78.6,expected
20100717,51,84.5,expected
20100718,38,85.3,expected
20100719,59,81.8,expected
20100720,60,80.6,expected
20100721,57,81.8,expected
20100722,42,83.0,expected
20100723,45,80.2,expected
20100724,47,87.1,expected
20100725,47,84.2,expected
20100726,76,78.3,expected
20100727,62,80.5,expected
20100728,65,77.2,expected
20100729,60,78.0,expected
20100730,51,75.1,expected
20100731,55,72.9,expected
20100801,50,73.3,expected
20100802,68,74.7,expected
20100803,60,75.8,expected
20100804,49,77.8,expected
20100805,55,82.7,expected
20100806,42,83.6,expected
20100807,57,75.5,expected
20100808,48,77.2,expected
20100809,61,77.9,expected
20100810,57,80.9,expected
20100811,57,81.1,expected
20100812,53,74.5,expected
20100813,55,73.1,expected
20100814,51,71.1,expected
20100815,44,73.4,expected
20100816,76,75.9,expected
20100817,79,80.1,expected
20100818,71,76.8,expected
20100819,60,76.3,expected
20100820,60,80.8,expected
20100821,41,75.3,expected
20100822,43,75.9,expected
20100823,102,69.9,expected
20100824,88,66.9,expected
20100825,92,66.4,expected
20100826,76,74.1,expected
20100827,59,71.3,expected
20100828,59,72.4,expected
20100829,64,76.8,expected
20100830,78,81.0,expected
20100831,57,83.7,expected
20100901,66,83.4,expected
20100902,50,79.9,expected
20100903,47,78.1,expected
20100904,41,78.1,expected
20100905,42,69.6,expected
20100906,51,69.2,expected
20100907,70,72.9,expected
20100908,67,78.5,expected
20100909,72,67.8,expected
20100910,66,66.5,expected
20100911,67,67.8,expected
20100912,61,64.5,expected
20100913,99,62.6,expected
20100914,101,68.6,expected
20100915,93,66.0,expected
20100916,87,63.8,expected
20100917,50,69.2,expected
20100918,71,65.2,expected
20100919,83,66.9,expected
20100920,80,68.6,expected
20100921,98,62.8,expected
20100922,79,69.9,expected
20100923,85,71.8,expected
20100924,91,69.9,expected
20100925,74,77.6,expected
20100926,76,70.1,expected
20100927,111,66.6,expected
20100928,84,72.2,expected
20100929,66,70.5,expected
20100930,73,72.5,expected
20101001,86,68.3,expected
20101002,94,60.3,expected
20101003,276,57.3,expected
20101004,763,55.3,expected
20101005,535,58.2,expected
20101006,286,59.7,expected
20101007,318,61.0,expected
20101008,155,64.0,expected
20101009,102,66.3,expected
20101010,273,57.6,expected
20101011,118,64.4,expected
20101012,146,64.3,expected
20101013,388,57.1,expected
20101014,380,55.3,expected
20101015,987,54.7,expected
20101016,1251,55.0,expected
20101017,817,57.7,expected
20101018,1270,56.9,expected
20101019,1261,53.3,expected
20101020,1118,53.4,expected
20101021,1273,54.8,expected
20101022,1752,51.5,expected
20101023,1153,52.7,expected
20101024,362,59.2,expected
20101025,307,60.1,expected
20101026,214,64.1,expected
20101027,152,65.3,expected
20101028,123,67.0,expected
20101029,799,56.1,expected
20101030,1256,49.9,expected
20101031,1510,52.8,expected
20101101,2623,43.5,unexpected
20101102,2664,43.6,unexpected
20101103,1742,44.4,expected
20101104,1413,49.2,expected
20101105,1101,49.7,expected
20101106,1289,46.8,expected
20101107,1575,44.8,expected
20101108,2336,43.2,unexpected
20101109,1600,46.0,expected
20101110,1196,51.2,expected
20101111,1068,47.8,expected
20101112,730,50.3,expected
20101113,521,52.9,expected
20101114,500,49.3,expected
20101115,626,51.9,expected
20101116,724,53.1,expected
20101117,972,58.3,expected
20101118,1052,51.4,expected
20101119,1416,46.0,expected
20101120,1078,46.6,expected
20101121,1227,44.5,expected
20101122,681,51.6,expected
20101123,501,54.1,expected
20101124,1268,48.6,expected
20101125,893,41.6,expected
20101126,960,49.5,expected
20101127,1780,40.1,expected
20101128,1322,40.0,expected
20101129,1420,40.6,expected
20101130,1027,49.3,expected
20101201,958,55.6,expected
20101202,1586,39.8,expected
20101203,1467,37.2,expected
20101204,1747,36.2,expected
20101205,1797,33.9,expected
20101206,2704,33.3,unexpected
20101207,2702,33.4,unexpected
20101208,2306,32.5,unexpected
20101209,2435,28.4,unexpected
20101210,2099,26.3,expected
20101211,1113,36.7,expected
20101212,746,46.7,expected
20101213,1312,44.6,expected
20101214,2955,23.1,unexpected
20101215,3011,23.7,unexpected
20101216,2446,26.9,unexpected
20101217,1546,29.2,expected
20101218,1255,31.8,expected
20101219,1142,32.6,expected
20101220,1619,31.3,expected
20101221,1718,33.1,expected
20101222,1391,33.4,expected
20101223,1498,33.4,expected
20101224,1041,33.5,expected
20101225,948,30.3,expected
20101226,1424,29.0,expected
20101227,1577,23.2,expected
20101228,1773,28.9,expected
20101229,1378,34.1,expected
20101230,1011,30.5,expected
20101231,726,34.8,expected
20110101,563,37.7,expected
20110102,632,42.4,expected
20110103,1208,34.2,expected
20110104,1069,32.9,expected
20110105,994,35.0,expected
20110106,1106,29.8,expected
20110107,1145,30.8,expected
20110108,1251,27.7,expected
20110109,1166,29.0,expected
20110110,1623,29.3,expected
20110111,1477,28.0,expected
20110112,1442,28.2,expected
20110113,1661,26.2,expected
20110114,1615,21.5,expected
20110115,1136,27.6,expected
20110116,861,33.5,expected
20110117,1543,25.0,expected
20110118,1392,32.9,expected
20110119,906,37.8,expected
20110120,949,34.6,expected
20110121,1245,30.0,expected
20110122,1790,19.6,expected
20110123,1970,20.0,expected
20110124,3288,13.2,unexpected
20110125,1973,28.0,expected
20110126,1379,30.4,expected
20110127,960,33.1,expected
20110128,801,29.4,expected
20110129,722,31.1,expected
20110130,661,31.8,expected
20110131,1131,27.4,expected
20110201,1290,28.2,expected
20110202,1043,32.0,expected
20110203,959,31.2,expected
20110204,929,27.1,expected
20110205,789,32.7,expected
20110206,607,39.7,expected
20110207,611,35.8,expected
20110208,941,36.9,expected
20110209,1639,22.1,expected
20110210,1253,27.9,expected
20110211,959,26.8,expected
20110212,777,32.7,expected
20110213,672,34.1,expected
20110214,673,44.8,expected
20110215,1126,35.6,expected
20110216,760,32.1,expected
20110217,479,44.5,expected
20110218,378,49.0,expected
20110219,1080,46.0,expected
20110220,1327,28.8,expected
20110221,1013,33.3,expected
20110222,1312,25.0,expected
20110223,1145,30.6,expected
20110224,732,33.2,expected
20110225,584,43.2,expected
20110226,596,36.1,expected
20110227,468,42.7,expected
20110228,548,45.5,expected
20110301,712,41.1,expected
20110302,831,41.2,expected
20110303,1176,27.6,expected
20110304,866,31.5,expected
20110305,427,44.4,expected
20110306,491,47.0,expected
20110307,607,45.0,expected
20110308,733,37.1,expected
20110309,889,36.3,expected
20110310,903,42.1,expected
20110311,470,48.8,expected
20110312,461,45.6,expected
20110313,493,46.4,expected
20110314,707,42.3,expected
20110315,750,38.7,expected
20110316,501,44.0,expected
20110317,337,52.6,expected
20110318,210,56.7,expected
20110319,553,54.2,expected
20110320,677,40.5,expected
20110321,860,40.9,expected
20110322,662,46.8,expected
20110323,772,37.5,expected
20110324,764,36.3,expected
20110325,768,36.7,expected
20110326,948,33.6,expected
20110327,884,35.6,expected
20110328,1133,36.2,expected
20110329,883,40.3,expected
20110330,624,42.1,expected
20110331,670,41.1,expected
20110401,551,38.5,expected
20110402,424,46.2,expected
20110403,370,50.5,expected
20110404,387,49.3,expected
20110405,522,49.5,expected
20110406,573,45.8,expected
20110407,548,44.7,expected
20110408,494,43.3,expected
20110409,352,44.8,expected
20110410,397,46.1,expected
20110411,248,50.9,expected
20110412,325,57.5,expected
20110413,679,49.5,expected
20110414,263,55.5,expected
20110415,430,50.1,expected
20110416,863,44.2,expected
20110417,287,54.9,expected
20110418,406,52.6,expected
20110419,582,51.0,expected
20110420,454,50.3,expected
20110421,442,55.2,expected
20110422,719,45.2,expected
20110423,477,47.7,expected
20110424,153,59.8,expected
20110425,169,61.7,expected
20110426,122,59.0,expected
20110427,148,58.4,expected
20110428,147,58.0,expected
20110429,88,62.5,expected
20110430,168,57.7,expected
20110501,201,55.4,expected
20110502,280,53.1,expected
20110503,193,58.3,expected
20110504,401,55.6,expected
20110505,324,55.2,expected
20110506,198,57.1,expected
20110507,123,59.6,expected
20110508,106,62.5,expected
20110509,143,61.7,expected
20110510,151,62.1,expected
20110511,163,58.7,expected
20110512,99,59.3,expected
20110513,109,56.6,expected
20110514,81,58.7,expected
20110515,95,61.3,expected
20110516,170,60.7,expected
20110517,234,58.6,expected
20110518,167,63.6,expected
20110519,127,64.1,expected
20110520,93,60.9,expected
20110521,87,61.7,expected
20110522,87,55.8,expected
20110523,135,58.0,expected
20110524,101,68.8,expected
20110525,79,71.2,expected
20110526,69,66.3,expected
20110527,65,70.0,expected
20110528,53,69.5,expected
20110529,64,69.4,expected
20110530,69,73.4,expected
20110531,95,76.3,expected
20110601,97,70.8,expected
20110602,70,76.6,expected
20110603,79,67.7,expected
20110604,64,68.4,expected
20110605,63,62.8,expected
20110606,56,68.3,expected
20110607,79,73.9,expected
20110608,85,77.6,expected
20110609,94,79.2,expected
20110610,67,75.3,expected
20110611,81,68.0,expected
20110612,62,63.1,expected
20110613,72,66.9,expected
20110614,73,65.0,expected
20110615,84,68.8,expected
20110616,63,72.1,expected
20110617,54,71.0,expected
20110618,54,72.0,expected
20110619,50,74.5,expected
20110620,82,70.8,expected
20110621,82,72.9,expected
20110622,81,72.7,expected
20110623,71,71.3,expected
20110624,54,67.3,expected
20110625,42,70.9,expected
20110626,53,75.6,expected
20110627,49,74.7,expected
20110628,74,75.4,expected
20110629,60,78.0,expected
20110630,50,75.0,expected
20110701,48,75.7,expected
20110702,45,76.0,expected
20110703,46,73.0,expected
20110704,58,75.4,expected
20110705,79,81.3,expected
20110706,64,78.4,expected
20110707,75,80.0,expected
20110708,55,76.9,expected
20110709,47,78.1,expected
20110710,41,77.9,expected
20110711,65,78.8,expected
20110712,70,84.7,expected
20110713,72,85.3,expected
20110714,60,73.8,expected
20110715,70,74.8,expected
20110716,54,77.7,expected
20110717,57,78.1,expected
20110718,67,80.0,expected
20110719,57,82.1,expected
20110720,56,78.3,expected
20110721,43,78.4,expected
20110722,56,87.3,expected
20110723,59,90.1,expected
20110724,52,86.5,expected
20110725,55,75.5,expected
20110726,57,76.2,expected
20110727,50,77.8,expected
20110728,76,78.0,expected
20110729,57,76.9,expected
20110730,52,82.6,expected
20110731,48,81.1,expected
20110801,69,80.4,expected
20110802,75,82.1,expected
20110803,59,78.8,expected
20110804,48,73.3,expected
20110805,40,75.3,expected
20110806,44,76.1,expected
20110807,47,79.2,expected
20110808,55,81.7,expected
20110809,67,77.7,expected
20110810,59,78.4,expected
20110811,50,77.7,expected
20110812,40,75.4,expected
20110813,49,75.8,expected
20110814,79,71.6,expected
20110815,123,74.2,expected
20110816,86,71.5,expected
20110817,63,75.4,expected
20110818,61,74.4,expected
20110819,66,74.8,expected
20110820,31,72.7,expected
20110821,59,75.6,expected
20110822,109,73.5,expected
20110823,66,71.5,expected
20110824,71,71.7,expected
20110825,57,74.6,expected
20110826,27,75.7,expected
20110827,26,75.7,expected
20110828,12,73.6,expected
20110829,121,68.9,expected
20110830,107,70.6,expected
20110831,77,72.4,expected
20110901,68,72.8,expected
20110902,60,68.9,expected
20110903,57,71.1,expected
20110904,57,73.9,expected
20110905,59,73.7,expected
20110906,79,66.4,expected
20110907,91,66.1,expected
20110908,86,70.5,expected
20110909,71,74.1,expected
20110910,55,73.6,expected
20110911,75,67.2,expected
20110912,82,70.5,expected
20110913,68,72.6,expected
20110914,85,74.2,expected
20110915,67,71.6,expected
20110916,88,58.0,expected
20110917,90,59.6,expected
20110918,86,59.9,expected
20110919,108,59.8,expected
20110920,89,64.1,expected
20110921,84,67.5,expected
20110922,79,70.3,expected
20110923,74,70.0,expected
20110924,1,71.8,expected
20110925,93,72.7,expected
20110926,84,71.8,expected
20110927,64,70.6,expected
20110928,72,70.7,expected
20110929,69,70.8,expected
20110930,55,67.7,expected
20111001,74,63.4,expected
20111002,157,58.0,expected
20111003,603,53.3,expected
20111004,551,55.7,expected
20111005,223,64.2,expected
20111006,384,58.8,expected
20111007,314,57.9,expected
20111008,149,61.8,expected
20111009,82,69.3,expected
20111010,101,71.2,expected
20111011,103,68.7,expected
20111012,141,61.8,expected
20111013,153,63.0,expected
20111014,99,66.9,expected
20111015,199,61.7,expected
20111016,217,61.8,expected
20111017,239,62.8,expected
20111018,254,60.8,expected
20111019,247,62.1,expected
20111020,186,65.1,expected
20111021,964,55.6,expected
20111022,1031,54.4,expected
20111023,882,54.4,expected
20111024,970,54.8,expected
20111025,988,57.9,expected
20111026,989,54.6,expected
20111027,1956,54.4,expected
20111028,2986,42.5,unexpected
20111029,2300,40.9,unexpected
20111030,2416,38.6,unexpected
20111031,2147,44.2,unexpected
20111101,1386,49.6,expected
20111102,1222,47.2,expected
20111103,884,50.1,expected
20111104,1307,50.1,expected
20111105,1434,43.5,expected
20111106,919,43.8,expected
20111107,700,48.9,expected
20111108,425,55.5,expected
20111109,403,53.7,expected
20111110,298,57.7,expected
20111111,1521,48.5,expected
20111112,1179,46.8,expected
20111113,638,51.1,expected
20111114,574,56.8,expected
20111115,310,59.7,expected
20111116,432,56.5,expected
20111117,1505,49.6,expected
20111118,1786,41.5,expected
20111119,1173,44.3,expected
20111120,590,54.0,expected
20111121,827,54.1,expected
20111122,1028,49.4,expected
20111123,975,50.0,expected
20111124,753,44.0,expected
20111125,539,50.3,expected
20111126,348,52.1,expected
20111127,394,49.6,expected
20111128,307,57.2,expected
20111129,362,59.1,expected
20111130,1141,50.6,expected
20111201,1397,44.3,expected
20111202,988,43.9,expected
20111203,1187,42.1,expected
20111204,664,43.9,expected
20111205,695,50.2,expected
20111206,492,54.2,expected
20111207,702,54.6,expected
20111208,1612,43.4,expected
20111209,1116,42.2,expected
20111210,1232,45.0,expected
20111211,1539,33.8,expected
20111212,1642,36.8,expected
20111213,1567,38.6,expected
20111214,985,41.9,expected
20111215,670,49.6,expected
20111216,834,50.2,expected
20111217,1092,40.6,expected
20111218,1956,29.1,expected
20111219,1644,33.7,expected
20111220,919,45.8,expected
20111221,616,47.4,expected
20111222,472,54.4,expected
20111223,665,47.8,expected
20111224,987,34.9,expected
20111225,761,35.9,expected
20111226,962,43.6,expected
20111227,933,42.9,expected
20111228,1278,46.2,expected
20111229,1766,30.8,expected
20111230,690,40.8,expected
20111231,420,49.8,expected
20120101,409,46.3,expected
20120102,1052,43.2,expected
20120103,2432,30.3,unexpected
20120104,3746,19.2,unexpected
20120105,1707,32.1,expected
20120106,854,41.2,expected
20120107,473,47.0,expected
20120108,771,46.0,expected
20120109,988,34.7,expected
20120110,913,39.4,expected
20120111,827,40.4,expected
20120112,869,45.4,expected
20120113,1333,40.7,expected
20120114,1703,30.4,expected
20120115,2150,23.9,unexpected
20120116,2442,22.6,unexpected
20120117,1309,39.8,expected
20120118,1200,43.2,expected
20120119,1531,26.3,expected
20120120,1361,32.8,expected
20120121,1763,27.4,expected
20120122,1541,25.0,expected
20120123,1140,39.4,expected
20120124,625,48.7,expected
20120125,771,43.0,expected
20120126,812,37.1,expected
20120127,602,48.2,expected
20120128,648,43.7,expected
20120129,791,40.1,expected
20120130,1065,38.0,expected
20120131,663,43.5,expected
20120201,428,50.4,expected
20120202,699,45.8,expected
20120203,795,37.5,expected
20120204,686,40.8,expected
20120205,732,36.5,expected
20120206,772,39.1,expected
20120207,733,43.2,expected
20120208,1035,36.5,expected
20120209,827,36.5,expected
20120210,677,38.3,expected
20120211,795,36.9,expected
20120212,1332,29.7,expected
20120213,1318,33.1,expected
20120214,723,39.6,expected
20120215,636,42.3,expected
20120216,694,39.7,expected
20120217,566,46.0,expected
20120218,519,41.2,expected
20120219,593,39.8,expected
20120220,882,38.1,expected
20120221,697,37.1,expected
20120222,439,45.5,expected
20120223,427,50.6,expected
20120224,620,42.7,expected
20120225,893,42.6,expected
20120226,901,36.9,expected
20120227,571,40.9,expected
20120228,727,45.9,expected
20120229,747,40.7,expected
20120301,722,41.3,expected
20120302,743,36.8,expected
20120303,466,47.6,expected
20120304,638,44.2,expected
20120305,933,38.5,expected
20120306,1067,32.9,expected
20120307,445,43.3,expected
20120308,313,51.2,expected
20120309,572,47.8,expected
20120310,796,37.2,expected
20120311,454,42.9,expected
20120312,325,48.8,expected
20120313,210,52.6,expected
20120314,234,60.5,expected
20120315,478,47.2,expected
20120316,486,44.7,expected
20120317,324,48.2,expected
20120318,342,48.2,expected
20120319,206,53.1,expected
20120320,213,57.8,expected
20120321,202,57.5,expected
20120322,142,57.3,expected
20120323,133,61.7,expected
20120324,180,55.8,expected
20120325,523,48.4,expected
20120326,953,49.8,expected
20120327,1049,39.6,expected
20120328,378,49.7,expected
20120329,487,56.8,expected
20120330,505,46.5,expected
20120331,772,42.2,expected
20120401,515,45.3,expected
20120402,562,48.1,expected
20120403,430,51.2,expected
20120404,232,61.0,expected
20120405,431,50.7,expected
20120406,556,48.0,expected
20120407,427,51.1,expected
20120408,304,55.7,expected
20120409,359,58.3,expected
20120410,334,55.0,expected
20120411,520,49.0,expected
20120412,358,51.7,expected
20120413,240,53.1,expected
20120414,170,55.2,expected
20120415,89,62.3,expected
20120416,114,62.9,expected
20120417,114,69.3,expected
20120418,172,59.0,expected
20120419,153,54.1,expected
20120420,119,56.5,expected
20120421,97,58.2,expected
20120422,386,52.4,expected
20120423,628,51.6,expected
20120424,747,49.3,expected
20120425,485,52.5,expected
20120426,528,50.5,expected
20120427,759,51.9,expected
20120428,699,47.4,expected
20120429,244,54.1,expected
20120430,420,51.9,expected
20120501,236,57.4,expected
20120502,419,53.7,expected
20120503,274,53.1,expected
20120504,152,57.2,expected
20120505,120,57.0,expected
20120506,127,56.6,expected
20120507,196,54.6,expected
20120508,197,57.9,expected
20120509,150,59.2,expected
20120510,153,61.1,expected
20120511,172,59.7,expected
20120512,96,64.1,expected
20120513,50,65.3,expected
20120514,116,64.2,expected
20120515,117,62.0,expected
20120516,108,63.8,expected
20120517,96,64.5,expected
20120518,74,61.0,expected
20120519,104,62.6,expected
20120520,75,66.2,expected
20120521,116,62.7,expected
20120522,106,63.7,expected
20120523,98,66.4,expected
20120524,110,64.5,expected
20120525,99,65.4,expected
20120526,78,69.4,expected
20120527,64,71.9,expected
20120528,89,74.4,expected
20120529,127,75.9,expected
20120530,82,72.9,expected
20120531,101,72.5,expected
20120601,67,67.2,expected
20120602,71,68.3,expected
20120603,82,67.7,expected
20120604,109,61.9,expected
20120605,95,58.3,expected
20120606,99,61.7,expected
20120607,85,66.7,expected
20120608,68,68.7,expected
20120609,63,72.2,expected
20120610,58,72.6,expected
20120611,86,69.2,expected
20120612,87,66.9,expected
20120613,65,66.7,expected
20120614,74,67.7,expected
20120615,66,68.5,expected
20120616,63,67.5,expected
20120617,68,64.2,expected
20120618,88,61.7,expected
20120619,96,66.4,expected
20120620,76,77.9,expected
20120621,78,88.3,expected
20120622,89,82.2,expected
20120623,78,77.0,expected
20120624,46,75.4,expected
20120625,115,70.9,expected
20120626,83,65.9,expected
20120627,72,73.5,expected
20120628,56,77.4,expected
20120629,132,79.6,expected
20120630,58,84.2,expected
20120701,52,81.8,expected
20120702,80,82.5,expected
20120703,63,80.2,expected
20120704,61,77.8,expected
20120705,78,86.1,expected
20120706,135,79.9,expected
20120707,84,83.5,expected
20120708,72,81.5,expected
20120709,77,77.8,expected
20120710,85,76.1,expected
20120711,59,76.3,expected
20120712,121,75.8,expected
20120713,103,77.2,expected
20120714,56,79.3,expected
20120715,74,78.9,expected
20120716,81,79.6,expected
20120717,59,83.3,expected
20120718,67,84.3,expected
20120719,70,75.1,expected
20120720,90,68.4,expected
20120721,48,68.4,expected
20120722,56,72.2,expected
20120723,70,75.6,expected
20120724,79,82.6,expected
20120725,56,78.4,expected
20120726,63,77.0,expected
20120727,54,79.4,expected
20120728,76,77.4,expected
20120729,62,72.5,expected
20120730,85,72.9,expected
20120731,83,73.6,expected
20120801,112,75.0,expected
20120802,59,77.7,expected
20120803,83,79.7,expected
20120804,53,79.6,expected
20120805,55,81.5,expected
20120806,97,80.0,expected
20120807,88,75.7,expected
20120808,83,77.8,expected
20120809,59,78.6,expected
20120810,57,77.8,expected
20120811,54,78.5,expected
20120812,59,78.8,expected
20120813,101,78.6,expected
20120814,77,76.8,expected
20120815,83,76.7,expected
20120816,83,75.9,expected
20120817,53,77.6,expected
20120818,47,72.6,expected
20120819,86,70.4,expected
20120820,99,71.8,expected
20120821,82,73.6,expected
20120822,108,74.7,expected
20120823,55,74.6,expected
20120824,72,76.0,expected
20120825,72,76.2,expected
20120826,52,73.4,expected
20120827,69,74.6,expected
20120828,92,79.4,expected
20120829,77,74.7,expected
20120830,64,73.5,expected
20120831,57,77.9,expected
20120901,41,80.7,expected
20120902,62,75.1,expected
20120903,53,73.5,expected
20120904,92,73.5,expected
20120905,71,77.7,expected
20120906,83,74.2,expected
20120907,72,76.0,expected
20120908,66,77.1,expected
20120909,67,69.7,expected
20120910,112,67.8,expected
20120911,92,64.0,expected
20120912,82,68.1,expected
20120913,84,69.3,expected
20120914,60,70.0,expected
20120915,79,69.3,expected
20120916,47,66.3,expected
20120917,46,67.0,expected
20120918,103,72.8,expected
20120919,95,67.2,expected
20120920,83,62.1,expected
20120921,70,64.0,expected
20120922,60,65.5,expected
20120923,73,65.7,expected
20120924,117,60.4,expected
20120925,98,63.2,expected
20120926,116,68.5,expected
20120927,69,69.2,expected
20120928,67,68.7,expected
20120929,55,62.5,expected
20120930,74,62.3,expected
20121001,134,62.2,expected
20121002,99,65.6,expected
20121003,96,67.9,expected
20121004,95,69.6,expected
20121005,80,69.3,expected
20121006,85,68.1,expected
20121007,339,54.1,expected
20121008,870,51.0,expected
20121009,822,55.0,expected
20121010,507,60.0,expected
20121011,1095,55.4,expected
20121012,1632,53.6,expected
20121013,1749,46.1,expected
20121014,428,59.7,expected
20121015,298,65.1,expected
20121016,586,57.8,expected
20121017,690,51.6,expected
20121018,413,55.2,expected
20121019,217,64.3,expected
20121020,144,63.7,expected
20121021,251,58.4,expected
20121022,406,60.0,expected
20121023,239,59.1,expected
20121024,326,58.9,expected
20121025,310,58.3,expected
20121026,243,61.5,expected
20121027,209,62.5,expected
20121028,112,58.3,expected
20121029,38,57.1,expected
20121030,9,57.4,expected
20121031,471,48.5,expected
20121101,1259,48.2,expected
20121102,2433,49.4,unexpected
20121103,1900,45.8,expected
20121104,1628,44.7,expected
20121105,2369,43.0,unexpected
20121106,2273,38.0,unexpected
20121107,2921,37.8,unexpected
20121108,2105,37.1,expected
20121109,1487,42.7,expected
20121110,792,47.3,expected
20121111,440,51.5,expected
20121112,506,55.0,expected
20121113,986,52.4,expected
20121114,1446,42.3,expected
20121115,1314,40.2,expected
20121116,1272,41.3,expected
20121117,922,43.5,expected
20121118,881,43.4,expected
20121119,1147,43.1,expected
20121120,967,44.3,expected
20121121,723,46.0,expected
20121122,455,45.5,expected
20121123,566,44.4,expected
20121124,1238,44.8,expected
20121125,1561,37.9,expected
20121126,1438,40.6,expected
20121127,1466,39.0,expected
20121128,1368,37.9,expected
20121129,1330,38.3,expected
20121130,1129,40.4,expected
20121201,958,41.0,expected
20121202,532,44.0,expected
20121203,475,52.4,expected
20121204,497,50.7,expected
20121205,948,52.0,expected
20121206,1401,35.9,expected
20121207,982,38.4,expected
20121208,560,47.6,expected
20121209,595,45.8,expected
20121210,503,49.9,expected
20121211,749,48.9,expected
20121212,956,41.0,expected
20121213,1021,40.1,expected
20121214,876,39.9,expected
20121215,733,41.8,expected
20121216,722,45.0,expected
20121217,900,43.9,expected
20121218,711,48.3,expected
20121219,946,45.2,expected
20121220,846,39.4,expected
20121221,970,48.1,expected
20121222,1475,38.2,expected
20121223,1051,38.7,expected
20121224,844,37.4,expected
20121225,649,37.9,expected
20121226,1789,32.9,expected
20121227,1497,39.8,expected
20121228,1503,33.8,expected
20121229,1196,33.1,expected
20121230,1620,33.0,expected
20121231,1365,32.5,expected
20130101,1048,39.1,expected
20130102,1825,28.7,expected
20130103,1752,29.8,expected
20130104,1297,33.8,expected
20130105,1017,36.9,expected
20130106,764,37.2,expected
20130107,845,42.0,expected
20130108,883,38.6,expected
20130109,660,40.6,expected
20130110,726,45.2,expected
20130111,672,40.0,expected
20130112,562,45.7,expected
20130113,520,43.9,expected
20130114,557,50.3,expected
20130115,945,39.6,expected
20130116,1052,35.8,expected
20130117,617,40.0,expected
20130118,1519,31.9,expected
20130119,1057,37.5,expected
20130120,293,45.6,expected
20130121,1818,31.4,expected
20130122,2743,24.0,unexpected
20130123,2850,15.7,unexpected
20130124,5847,17.7,unexpected
20130125,3377,18.3,unexpected
20130126,2518,20.8,unexpected
20130127,1742,25.0,expected
20130128,1563,30.6,expected
20130129,882,39.0,expected
20130130,651,45.0,expected
20130131,922,48.1,expected
20130201,1366,30.5,expected
20130202,1531,25.0,expected
20130203,1235,26.8,expected
20130204,1563,28.0,expected
20130205,1228,29.4,expected
20130206,975,33.7,expected
20130207,1230,29.6,expected
20130208,1406,33.8,expected
20130209,1227,28.9,expected
20130210,1166,24.2,expected
20130211,932,37.5,expected
20130212,685,42.3,expected
20130213,688,36.7,expected
20130214,646,37.7,expected
20130215,527,39.2,expected
20130216,792,38.8,expected
20130217,1360,30.3,expected
20130218,1846,24.2,expected
20130219,859,37.1,expected
20130220,862,34.9,expected
20130221,1784,29.2,expected
20130222,996,30.5,expected
20130223,686,39.4,expected
20130224,610,40.1,expected
20130225,778,38.2,expected
20130226,745,38.6,expected
20130227,827,43.7,expected
20130228,563,44.3,expected
20130301,582,41.3,expected
20130302,620,38.0,expected
20130303,756,33.7,expected
20130304,1049,34.1,expected
20130305,688,37.9,expected
20130306,1019,39.6,expected
20130307,932,36.4,expected
20130308,838,33.5,expected
20130309,499,42.5,expected
20130310,468,38.4,expected
20130311,581,43.2,expected
20130312,557,48.0,expected
20130313,555,45.4,expected
20130314,931,37.1,expected
20130315,777,36.5,expected
20130316,669,38.3,expected
20130317,686,34.0,expected
20130318,1081,32.3,expected
20130319,811,37.4,expected
20130320,663,39.4,expected
20130321,688,35.5,expected
20130322,719,34.8,expected
20130323,607,39.3,expected
20130324,486,39.2,expected
20130325,747,37.6,expected
20130326,478,41.9,expected
20130327,495,44.6,expected
20130328,516,44.4,expected
20130329,427,47.8,expected
20130330,338,47.4,expected
20130331,364,44.4,expected
20130401,481,49.1,expected
20130402,801,39.6,expected
20130403,757,39.9,expected
20130404,632,38.9,expected
20130405,366,47.3,expected
20130406,463,43.2,expected
20130407,390,43.6,expected
20130408,317,52.7,expected
20130409,288,62.0,expected
20130410,199,59.4,expected
20130411,176,54.3,expected
20130412,721,44.8,expected
20130413,405,45.4,expected
20130414,313,50.9,expected
20130415,490,48.4,expected
20130416,340,50.5,expected
20130417,207,58.2,expected
20130418,275,51.3,expected
20130419,181,55.5,expected
20130420,337,54.8,expected
20130421,668,46.2,expected
20130422,741,45.4,expected
20130423,939,45.4,expected
20130424,316,49.6,expected
20130425,285,53.8,expected
20130426,172,54.0,expected
20130427,214,54.6,expected
20130428,161,53.2,expected
20130429,285,53.2,expected
20130430,227,56.2,expected
20130501,205,53.6,expected
20130502,180,53.8,expected
20130503,153,53.9,expected
20130504,168,52.8,expected
20130505,297,50.4,expected
20130506,250,52.5,expected
20130507,183,57.2,expected
20130508,167,60.7,expected
20130509,187,59.2,expected
20130510,74,63.1,expected
20130511,177,60.8,expected
20130512,122,62.8,expected
20130513,431,53.1,expected
20130514,406,51.2,expected
20130515,173,55.4,expected
20130516,135,63.6,expected
20130517,92,64.5,expected
20130518,122,59.2,expected
20130519,122,56.7,expected
20130520,137,61.9,expected
20130521,116,67.0,expected
20130522,117,65.2,expected
20130523,87,64.7,expected
20130524,158,59.8,expected
20130525,487,49.1,expected
20130526,247,56.6,expected
20130527,129,59.8,expected
20130528,133,58.5,expected
20130529,118,62.7,expected
20130530,88,72.3,expected
20130531,65,73.0,expected
20130601,75,70.9,expected
20130602,85,67.8,expected
20130603,88,67.2,expected
20130604,74,67.4,expected
20130605,93,65.3,expected
20130606,77,62.9,expected
20130607,62,61.8,expected
20130608,64,65.3,expected
20130609,85,70.1,expected
20130610,103,65.9,expected
20130611,90,71.1,expected
20130612,111,72.3,expected
20130613,94,65.6,expected
20130614,82,60.6,expected
20130615,87,70.1,expected
20130616,71,69.5,expected
20130617,97,73.6,expected
20130618,95,70.4,expected
20130619,99,68.1,expected
20130620,90,66.8,expected
20130621,62,68.2,expected
20130622,52,68.2,expected
20130623,61,71.5,expected
20130624,86,76.4,expected
20130625,74,79.7,expected
20130626,96,79.9,expected
20130627,82,76.2,expected
20130628,77,75.5,expected
20130629,44,74.3,expected
20130630,62,73.3,expected
20130701,77,72.8,expected
20130702,66,73.4,expected
20130703,68,74.4,expected
20130704,53,76.8,expected
20130705,52,78.8,expected
20130706,51,81.6,expected
20130707,73,82.5,expected
20130708,92,81.3,expected
20130709,79,78.7,expected
20130710,79,77.6,expected
20130711,74,78.4,expected
20130712,58,75.7,expected
20130713,54,75.4,expected
20130714,41,79.8,expected
20130715,82,84.6,expected
20130716,79,86.9,expected
20130717,80,87.4,expected
20130718,81,86.4,expected
20130719,60,86.3,expected
20130720,38,86.4,expected
20130721,63,81.6,expected
20130722,69,78.4,expected
20130723,74,78.6,expected
20130724,63,81.2,expected
20130725,68,68.4,expected
20130726,52,70.8,expected
20130727,38,73.8,expected
20130728,70,72.7,expected
20130729,94,76.4,expected
20130730,77,76.7,expected
20130731,69,75.5,expected
20130801,72,72.0,expected
20130802,81,75.1,expected
20130803,61,74.7,expected
20130804,36,75.0,expected
20130805,76,72.0,expected
20130806,75,72.4,expected
20130807,74,73.7,expected
20130808,68,74.0,expected
20130809,78,75.8,expected
20130810,39,78.1,expected
20130811,48,73.9,expected
20130812,81,73.8,expected
20130813,71,72.4,expected
20130814,69,70.2,expected
20130815,75,69.2,expected
20130816,57,70.5,expected
20130817,49,72.0,expected
20130818,41,71.1,expected
20130819,89,71.3,expected
20130820,75,75.3,expected
20130821,60,77.2,expected
20130822,95,74.4,expected
20130823,62,76.1,expected
20130824,51,71.6,expected
20130825,49,71.7,expected
20130826,73,73.6,expected
20130827,63,77.9,expected
20130828,55,76.7,expected
20130829,73,75.0,expected
20130830,67,73.8,expected
20130831,54,76.1,expected
20130901,54,76.4,expected
20130902,79,76.0,expected
20130903,97,76.6,expected
20130904,71,74.1,expected
20130905,65,74.2,expected
20130906,71,65.3,expected
20130907,50,66.6,expected
20130908,77,73.8,expected
20130909,86,65.3,expected
20130910,82,73.0,expected
20130911,51,77.5,expected
20130912,59,75.2,expected
20130913,57,72.6,expected
20130914,54,62.4,expected
20130915,73,61.0,expected
20130916,117,65.6,expected
20130917,125,59.0,expected
20130918,87,59.5,expected
20130919,64,63.8,expected
20130920,99,65.8,expected
20130921,65,66.5,expected
20130922,84,67.5,expected
20130923,124,58.9,expected
20130924,126,59.3,expected
20130925,119,63.3,expected
20130926,103,62.3,expected
20130927,96,60.7,expected
20130928,67,64.3,expected
20130929,80,62.2,expected
20130930,102,61.1,expected
20131001,116,67.2,expected
20131002,80,71.1,expected
20131003,89,71.4,expected
20131004,66,69.9,expected
20131005,65,68.4,expected
20131006,73,66.2,expected
20131007,79,70.3,expected
20131008,116,61.9,expected
20131009,188,59.1,expected
20131010,270,59.2,expected
20131011,125,63.6,expected
20131012,90,65.8,expected
20131013,91,61.4,expected
20131014,182,56.5,expected
20131015,190,58.3,expected
20131016,155,59.2,expected
20131017,103,63.7,expected
20131018,118,63.9,expected
20131019,164,58.3,expected
20131020,354,58.6,expected
20131021,501,57.4,expected
20131022,394,60.2,expected
20131023,1589,51.8,expected
20131024,2416,48.1,unexpected
20131025,2141,46.3,expected
20131026,1277,46.9,expected
20131027,798,52.2,expected
20131028,859,50.2,expected
20131029,1109,51.3,expected
20131030,749,51.7,expected
20131031,368,58.8,expected
20131101,187,63.6,expected
20131102,160,59.9,expected
20131103,1099,51.6,expected
20131104,1753,40.5,expected
20131105,1205,45.4,expected
20131106,602,52.4,expected
20131107,617,58.4,expected
20131108,1266,46.4,expected
20131109,974,44.5,expected
20131110,844,50.6,expected
20131111,1052,49.3,expected
20131112,2058,43.9,expected
20131113,2269,34.0,unexpected
20131114,1379,40.9,expected
20131115,747,45.3,expected
20131116,499,49.4,expected
20131117,341,53.4,expected
20131118,361,59.2,expected
20131119,1311,49.2,expected
20131120,1544,38.2,expected
20131121,1119,40.4,expected
20131122,403,52.1,expected
20131123,19,47.8,expected
20131124,3006,29.6,unexpected
20131125,4182,28.3,unexpected
20131126,1580,36.5,expected
20131127,968,50.3,expected
20131128,1108,34.9,expected
20131129,1213,34.8,expected
20131130,1429,31.7,expected
20131201,814,41.9,expected
20131202,709,44.5,expected
20131203,660,43.9,expected
20131204,661,43.7,expected
20131205,459,51.4,expected
20131206,632,50.5,expected
20131207,1071,39.0,expected
20131208,1628,32.2,expected
20131209,1488,35.9,expected
20131210,1498,36.0,expected
20131211,1805,30.4,expected
20131212,2338,27.5,unexpected
20131213,2079,28.3,expected
20131214,1756,28.8,expected
20131215,1144,37.7,expected
20131216,1516,31.8,expected
20131217,1486,28.4,expected
20131218,1297,29.7,expected
20131219,846,36.2,expected
20131220,527,43.0,expected
20131221,345,47.5,expected
20131222,276,53.5,expected
20131223,323,54.3,expected
20131224,875,40.4,expected
20131225,1201,26.4,expected
20131226,1078,32.4,expected
20131227,929,35.8,expected
20131228,620,40.6,expected
20131229,530,43.9,expected
20131230,924,41.0,expected
20131231,1241,26.9,expected
20140101,1134,29.3,expected
20140102,2293,30.1,unexpected
20140103,2972,16.4,unexpected
20140104,3721,15.0,unexpected
20140105,1816,30.6,expected
20140106,1559,46.1,expected
20140107,5089,15.1,unexpected
20140108,4048,14.1,unexpected
20140109,1998,26.2,expected
20140110,1074,31.3,expected
20140111,594,46.0,expected
20140112,641,46.9,expected
20140113,663,39.9,expected
20140114,659,45.6,expected
20140115,674,39.9,expected
20140116,784,40.2,expected
20140117,735,37.0,expected
20140118,829,38.7,expected
20140119,1140,30.5,expected
20140120,1007,39.4,expected
20140121,2125,27.1,expected
20140122,3647,12.7,unexpected
20140123,3888,13.7,unexpected
20140124,3296,15.9,unexpected
20140125,2713,23.9,unexpected
20140126,1984,22.4,expected
20140127,1622,35.5,expected
20140128,2175,19.8,unexpected
20140129,1878,19.0,expected
20140130,1993,21.1,expected
20140131,1119,31.0,expected
20140201,935,36.4,expected
20140202,539,38.9,expected
20140203,1065,37.5,expected
20140204,922,28.8,expected
20140205,1146,32.4,expected
20140206,1308,29.1,expected
20140207,966,28.0,expected
20140208,1217,26.7,expected
20140209,1103,25.7,expected
20140210,1384,26.0,expected
20140211,2043,21.9,expected
20140212,1734,19.2,expected
20140213,1464,30.5,expected
20140214,831,36.1,expected
20140215,799,34.0,expected
20140216,869,27.3,expected
20140217,1232,24.4,expected
20140218,785,31.9,expected
20140219,645,35.7,expected
20140220,460,39.2,expected
20140221,601,39.9,expected
20140222,398,42.0,expected
20140223,383,44.2,expected
20140224,936,40.5,expected
20140225,1057,29.7,expected
20140226,1099,28.4,expected
20140227,1228,25.2,expected
20140228,1796,18.3,expected
20140301,1117,25.6,expected
20140302,809,36.1,expected
20140303,1110,26.8,expected
20140304,1317,19.9,expected
20140305,912,31.2,expected
20140306,1205,25.6,expected
20140307,808,30.1,expected
20140308,458,42.3,expected
20140309,602,44.0,expected
20140310,444,41.7,expected
20140311,411,49.3,expected
20140312,438,47.2,expected
20140313,1285,29.8,expected
20140314,799,29.9,expected
20140315,404,47.6,expected
20140316,788,39.5,expected
20140317,993,30.1,expected
20140318,925,33.4,expected
20140319,757,36.0,expected
20140320,413,47.0,expected
20140321,450,45.3,expected
20140322,365,47.8,expected
20140323,712,43.4,expected
20140324,1142,29.2,expected
20140325,856,31.5,expected
20140326,907,34.6,expected
20140327,734,29.8,expected
20140328,446,42.7,expected
20140329,449,46.9,expected
20140330,561,48.8,expected
20140331,627,43.0,expected
20140401,517,45.6,expected
20140402,517,43.4,expected
20140403,326,48.5,expected
20140404,650,43.6,expected
20140405,371,47.5,expected
20140406,488,44.7,expected
20140407,596,43.9,expected
20140408,417,53.2,expected
20140409,402,53.9,expected
20140410,436,47.9,expected
20140411,222,54.5,expected
20140412,180,58.8,expected
20140413,150,54.4,expected
20140414,212,56.3,expected
20140415,355,53.8,expected
20140416,976,40.2,expected
20140417,792,41.6,expected
20140418,659,40.1,expected
20140419,255,50.7,expected
20140420,304,50.9,expected
20140421,346,48.0,expected
20140422,236,51.7,expected
20140423,435,55.8,expected
20140424,542,51.5,expected
20140425,369,52.4,expected
20140426,305,51.9,expected
20140427,296,52.2,expected
20140428,364,54.0,expected
20140429,814,48.5,expected
20140430,850,45.1,expected
20140501,263,56.6,expected
20140502,171,61.1,expected
20140503,164,59.0,expected
20140504,175,57.5,expected
20140505,298,59.4,expected
20140506,197,60.1,expected
20140507,187,58.0,expected
20140508,261,54.7,expected
20140509,160,58.3,expected
20140510,107,63.1,expected
20140511,103,68.6,expected
20140512,110,66.2,expected
20140513,123,63.7,expected
20140514,125,55.6,expected
20140515,104,63.1,expected
20140516,130,63.9,expected
20140517,128,62.0,expected
20140518,130,61.0,expected
20140519,148,61.8,expected
20140520,128,66.1,expected
20140521,93,69.1,expected
20140522,108,60.3,expected
20140523,92,61.7,expected
20140524,93,60.9,expected
20140525,76,64.7,expected
20140526,84,71.2,expected
20140527,94,75.0,expected
20140528,119,62.8,expected
20140529,118,56.0,expected
20140530,106,60.9,expected
20140531,67,63.4,expected
20140601,103,64.1,expected
20140602,129,65.8,expected
20140603,107,69.5,expected
20140604,112,69.0,expected
20140605,104,67.2,expected
20140606,101,69.6,expected
20140607,61,71.6,expected
20140608,74,72.5,expected
20140609,92,67.0,expected
20140610,116,70.3,expected
20140611,124,67.6,expected
20140612,95,66.4,expected
20140613,65,70.4,expected
20140614,101,71.3,expected
20140615,83,69.2,expected
20140616,106,72.1,expected
20140617,108,73.1,expected
20140618,84,81.8,expected
20140619,107,75.0,expected
20140620,101,73.7,expected
20140621,75,70.5,expected
20140622,84,68.8,expected
20140623,84,71.1,expected
20140624,91,71.4,expected
20140625,87,73.1,expected
20140626,77,77.5,expected
20140627,85,74.2,expected
20140628,44,74.3,expected
20140629,66,72.6,expected
20140630,81,73.3,expected
20140701,87,76.2,expected
20140702,57,77.4,expected
20140703,96,77.2,expected
20140704,65,71.9,expected
20140705,83,73.3,expected
20140706,61,75.4,expected
20140707,109,75.8,expected
20140708,94,78.7,expected
20140709,104,76.5,expected
20140710,99,75.5,expected
20140711,83,76.2,expected
20140712,64,73.1,expected
20140713,77,73.3,expected
20140714,91,75.5,expected
20140715,92,74.0,expected
20140716,103,74.2,expected
20140717,83,74.9,expected
20140718,92,74.5,expected
20140719,38,73.3,expected
20140720,71,71.8,expected
20140721,97,73.4,expected
20140722,76,75.4,expected
20140723,77,76.9,expected
20140724,72,77.7,expected
20140725,65,75.4,expected
20140726,54,74.0,expected
20140727,63,75.9,expected
20140728,90,77.6,expected
20140729,83,72.0,expected
20140730,100,72.3,expected
20140731,64,73.6,expected
20140801,71,75.1,expected
20140802,53,71.1,expected
20140803,59,69.7,expected
20140804,78,74.6,expected
20140805,109,77.3,expected
20140806,67,77.1,expected
20140807,59,76.7,expected
20140808,65,74.3,expected
20140809,70,76.3,expected
20140810,55,77.9,expected
20140811,82,76.2,expected
20140812,76,75.5,expected
20140813,66,74.8,expected
20140814,71,72.9,expected
20140815,67,69.9,expected
20140816,75,70.9,expected
20140817,51,74.6,expected
20140818,82,73.5,expected
20140819,73,71.8,expected
20140820,84,73.4,expected
20140821,75,74.1,expected
20140822,73,71.7,expected
20140823,71,70.0,expected
20140824,48,70.4,expected
20140825,65,74.4,expected
20140826,65,75.8,expected
20140827,62,75.6,expected
20140828,94,76.9,expected
20140829,65,71.0,expected
20140830,64,71.1,expected
20140831,68,76.9,expected
20140901,76,78.3,expected
20140902,82,80.8,expected
20140903,76,80.3,expected
20140904,78,76.9,expected
20140905,55,77.1,expected
20140906,60,78.7,expected
20140907,68,74.0,expected
20140908,91,70.6,expected
20140909,66,69.4,expected
20140910,76,69.3,expected
20140911,85,73.6,expected
20140912,82,71.8,expected
20140913,52,65.6,expected
20140914,54,62.2,expected
20140915,107,63.3,expected
20140916,119,63.8,expected
20140917,83,64.3,expected
20140918,79,66.7,expected
20140919,73,62.7,expected
20140920,74,65.3,expected
20140921,46,71.5,expected
20140922,99,69.1,expected
20140923,96,59.9,expected
20140924,84,64.0,expected
20140925,77,63.1,expected
20140926,72,66.5,expected
20140927,68,70.1,expected
20140928,95,69.5,expected
20140929,118,69.4,expected
20140930,77,67.7,expected
20141001,102,63.8,expected
20141002,120,63.4,expected
20141003,91,62.3,expected
20141004,105,65.9,expected
20141005,559,54.9,expected
20141006,487,58.3,expected
20141007,173,67.7,expected
20141008,178,68.6,expected
20141009,127,63.6,expected
20141010,202,59.7,expected
20141011,487,56.3,expected
20141012,498,54.6,expected
20141013,286,56.8,expected
20141014,153,68.1,expected
20141015,135,70.9,expected
20141016,149,69.1,expected
20141017,124,64.7,expected
20141018,111,64.9,expected
20141019,1280,55.7,expected
20141020,1960,50.1,expected
20141021,578,59.2,expected
20141022,992,56.5,expected
20141023,1780,52.6,expected
20141024,968,55.3,expected
20141025,560,57.3,expected
20141026,568,59.9,expected
20141027,821,57.1,expected
20141028,412,59.0,expected
20141029,323,63.0,expected
20141030,949,54.2,expected
20141031,1455,50.5,expected
20141101,2055,47.8,expected
20141102,2497,44.9,unexpected
20141103,1855,47.8,expected
20141104,635,57.3,expected
20141105,506,58.5,expected
20141106,946,52.3,expected
20141107,1482,50.3,expected
20141108,1620,42.8,expected
20141109,785,49.6,expected
20141110,823,49.3,expected
20141111,546,54.0,expected
20141112,503,59.9,expected
20141113,1777,46.0,expected
20141114,1994,40.2,expected
20141115,2012,38.2,expected
20141116,1640,38.4,expected
20141117,1422,45.3,expected
20141118,3352,37.7,unexpected
20141119,3410,27.6,unexpected
20141120,1723,39.5,expected
20141121,1958,33.7,expected
20141122,1315,34.1,expected
20141123,634,46.4,expected
20141124,448,57.3,expected
20141125,505,56.6,expected
20141126,1127,44.0,expected
20141127,1070,37.3,expected
20141128,1464,35.2,expected
20141129,1445,31.5,expected
20141130,909,47.9,expected
20141201,689,53.6,expected
20141202,1345,40.8,expected
20141203,941,45.3,expected
20141204,1053,42.3,expected
20141205,1071,40.4,expected
20141206,760,48.0,expected
20141207,1513,40.6,expected
20141208,2554,30.7,unexpected
20141209,1541,40.0,expected
20141210,1313,39.7,expected
20141211,1356,35.0,expected
20141212,1238,35.7,expected
20141213,1049,38.2,expected
20141214,882,41.1,expected
20141215,843,40.8,expected
20141216,833,41.2,expected
20141217,630,48.8,expected
20141218,1021,42.3,expected
20141219,954,38.3,expected
20141220,1207,32.8,expected
20141221,1059,34.9,expected
20141222,978,40.3,expected
20141223,737,47.7,expected
20141224,578,49.2,expected
20141225,403,52.3,expected
20141226,592,45.0,expected
20141227,495,44.3,expected
20141228,529,47.1,expected
20141229,971,43.0,expected
20141230,1278,33.6,expected
20141231,1289,30.4,expected
20150101,1163,32.6,expected
20150102,1103,39.3,expected
20150103,922,36.5,expected
20150104,629,47.3,expected
20150105,1410,43.0,expected
20150106,2359,22.1,unexpected
20150107,3740,22.0,unexpected
20150108,5278,13.9,unexpected
20150109,2773,26.1,unexpected
20150110,2528,22.4,unexpected
20150111,1745,25.7,expected
20150112,1132,36.2,expected
20150113,1533,32.1,expected
20150114,1688,24.4,expected
20150115,1063,30.9,expected
20150116,984,34.4,expected
20150117,1459,23.2,expected
20150118,734,36.2,expected
20150119,868,39.7,expected
20150120,928,39.0,expected
20150121,1053,32.4,expected
20150122,936,35.4,expected
20150123,897,33.2,expected
20150124,912,35.4,expected
20150125,729,38.7,expected
20150126,2060,28.4,expected
20150127,1814,24.8,expected
20150128,1591,23.5,expected
20150129,1290,25.4,expected
20150130,1122,35.5,expected
20150131,2663,20.8,unexpected
20150201,1282,27.4,expected
20150202,1601,31.7,expected
20150203,2037,19.7,expected
20150204,1197,30.7,expected
20150205,1366,32.9,expected
20150206,1718,18.6,expected
20150207,1158,29.7,expected
20150208,933,37.2,expected
20150209,1408,28.4,expected
20150210,1105,29.9,expected
20150211,1264,29.6,expected
20150212,1086,31.2,expected
20150213,2459,18.8,unexpected
20150214,1623,24.2,expected
20150215,2857,21.3,unexpected
20150216,4755,11.3,unexpected
20150217,2295,20.4,unexpected
20150218,1617,22.7,expected
20150219,2254,22.1,unexpected
20150220,3472,11.2,unexpected
20150221,2178,20.7,unexpected
20150222,1168,34.2,expected
20150223,1571,29.4,expected
20150224,2292,13.5,unexpected
20150225,1235,27.8,expected
20150226,1202,27.8,expected
20150227,1132,24.9,expected
20150228,1321,23.2,expected
20150301,1141,26.0,expected
20150302,973,32.5,expected
20150303,901,28.6,expected
20150304,808,36.6,expected
20150305,1056,32.8,expected
20150306,1186,20.2,expected
20150307,891,25.5,expected
20150308,597,38.9,expected
20150309,534,42.4,expected
20150310,571,42.3,expected
20150311,436,48.8,expected
20150312,781,46.8,expected
20150313,736,37.1,expected
20150314,502,42.7,expected
20150315,637,45.1,expected
20150316,607,40.9,expected
20150317,590,46.8,expected
20150318,1060,35.2,expected
20150319,775,34.6,expected
20150320,840,35.0,expected
20150321,674,34.6,expected
20150322,602,41.3,expected
20150323,973,32.1,expected
20150324,747,33.7,expected
20150325,667,37.4,expected
20150326,492,45.3,expected
20150327,565,45.3,expected
20150328,701,39.0,expected
20150329,667,34.2,expected
20150330,600,41.7,expected
20150331,660,44.5,expected
20150401,581,41.5,expected
20150402,446,46.3,expected
20150403,373,49.9,expected
20150404,501,50.8,expected
20150405,401,50.2,expected
20150406,462,49.1,expected
20150407,548,51.2,expected
20150408,881,45.3,expected
20150409,832,40.2,expected
20150410,484,44.0,expected
20150411,335,56.1,expected
20150412,371,50.9,expected
20150413,296,51.1,expected
20150414,278,55.8,expected
20150415,281,59.5,expected
20150416,322,56.8,expected
20150417,265,55.6,expected
20150418,172,61.6,expected
20150419,249,55.9,expected
20150420,455,51.1,expected
20150421,290,58.0,expected
20150422,317,55.1,expected
20150423,1089,48.3,expected
20150424,1086,44.5,expected
20150425,597,46.2,expected
20150426,369,50.5,expected
20150427,403,55.0,expected
20150428,355,58.2,expected
20150429,218,62.7,expected
20150430,269,54.9,expected
20150501,291,51.4,expected
20150502,259,51.0,expected
20150503,187,54.6,expected
20150504,199,60.7,expected
20150505,153,66.5,expected
20150506,152,65.5,expected
20150507,118,61.5,expected
20150508,115,59.9,expected
20150509,132,60.8,expected
20150510,101,64.2,expected
20150511,187,67.6,expected
20150512,160,72.7,expected
20150513,162,67.0,expected
20150514,181,59.8,expected
20150515,153,60.6,expected
20150516,125,62.5,expected
20150517,139,69.5,expected
20150518,184,63.4,expected
20150519,136,62.4,expected
20150520,128,63.5,expected
20150521,153,56.3,expected
20150522,143,62.8,expected
20150523,195,60.0,expected
20150524,114,62.2,expected
20150525,120,66.1,expected
20150526,151,68.2,expected
20150527,119,66.3,expected
20150528,109,65.5,expected
20150529,83,71.4,expected
20150530,90,68.7,expected
20150531,82,69.4,expected
20150601,147,61.9,expected
20150602,138,53.4,expected
20150603,112,57.7,expected
20150604,92,59.2,expected
20150605,82,60.0,expected
20150606,80,66.2,expected
20150607,85,64.1,expected
20150608,99,65.7,expected
20150609,103,70.1,expected
20150610,111,74.0,expected
20150611,106,74.6,expected
20150612,93,77.9,expected
20150613,83,79.5,expected
20150614,104,75.0,expected
20150615,141,71.9,expected
20150616,134,68.5,expected
20150617,105,74.3,expected
20150618,91,67.0,expected
20150619,80,74.3,expected
20150620,95,72.1,expected
20150621,100,76.6,expected
20150622,102,81.8,expected
20150623,78,78.9,expected
20150624,104,78.7,expected
20150625,89,75.7,expected
20150626,75,74.2,expected
20150627,61,68.4,expected
20150628,80,67.1,expected
20150629,98,71.8,expected
20150630,119,73.2,expected
20150701,133,76.0,expected
20150702,80,76.6,expected
20150703,72,73.1,expected
20150704,44,73.3,expected
20150705,70,74.0,expected
20150706,111,75.2,expected
20150707,108,78.0,expected
20150708,97,79.6,expected
20150709,110,74.8,expected
20150710,72,77.3,expected
20150711,71,78.0,expected
20150712,71,78.4,expected
20150713,84,77.1,expected
20150714,95,75.9,expected
20150715,111,76.6,expected
20150716,97,73.0,expected
20150717,86,72.4,expected
20150718,62,75.9,expected
20150719,74,80.1,expected
20150720,103,85.5,expected
20150721,91,84.0,expected
20150722,72,79.9,expected
20150723,65,78.8,expected
20150724,61,78.3,expected
20150725,54,77.5,expected
20150726,55,78.6,expected
20150727,77,78.5,expected
20150728,66,79.6,expected
20150729,103,84.0,expected
20150730,70,79.2,expected
20150731,63,81.3,expected
20150801,55,81.9,expected
20150802,54,81.3,expected
20150803,83,79.2,expected
20150804,72,80.8,expected
20150805,85,82.1,expected
20150806,86,77.5,expected
20150807,66,76.7,expected
20150808,57,74.9,expected
20150809,52,75.4,expected
20150810,94,74.7,expected
20150811,68,75.7,expected
20150812,60,79.2,expected
20150813,75,77.1,expected
20150814,60,76.8,expected
20150815,46,78.4,expected
20150816,79,80.3,expected
20150817,92,80.5,expected
20150818,92,80.1,expected
20150819,101,80.1,expected
20150820,95,80.7,expected
20150821,88,79.2,expected
20150822,63,77.5,expected
20150823,64,75.8,expected
20150824,93,77.2,expected
20150825,100,79.4,expected
20150826,88,77.2,expected
20150827,74,75.5,expected
20150828,86,73.4,expected
20150829,57,75.5,expected
20150830,74,76.8,expected
20150831,103,80.7,expected
20150901,75,81.1,expected
20150902,77,77.7,expected
20150903,78,80.8,expected
20150904,84,78.5,expected
20150905,59,72.5,expected
20150906,56,71.3,expected
20150907,67,75.8,expected
20150908,94,79.8,expected
20150909,88,79.2,expected
20150910,83,75.5,expected
20150911,68,72.9,expected
20150912,71,73.6,expected
20150913,73,72.5,expected
20150914,111,67.6,expected
20150915,108,71.9,expected
20150916,92,73.7,expected
20150917,84,74.1,expected
20150918,98,73.6,expected
20150919,68,73.0,expected
20150920,69,73.8,expected
20150921,77,65.7,expected
20150922,117,66.8,expected
20150923,123,67.6,expected
20150924,82,69.0,expected
20150925,101,68.3,expected
20150926,66,65.9,expected
20150927,74,62.9,expected
20150928,112,67.6,expected
20150929,121,73.0,expected
20150930,114,73.4,expected
20151001,186,59.9,expected
20151002,1010,53.7,expected
20151003,2421,52.5,unexpected
20151004,1216,58.4,expected
20151005,917,58.3,expected
20151006,440,61.3,expected
20151007,247,63.8,expected
20151008,205,63.7,expected
20151009,151,65.8,expected
20151010,235,60.6,expected
20151011,264,58.2,expected
20151012,200,62.3,expected
20151013,193,66.1,expected
20151014,189,64.5,expected
20151015,360,59.3,expected
20151016,487,60.2,expected
20151017,1941,53.8,expected
20151018,3296,44.9,unexpected
20151019,2968,43.3,unexpected
20151020,974,55.8,expected
20151021,341,61.2,expected
20151022,196,61.1,expected
20151023,495,60.1,expected
20151024,1245,49.1,expected
20151025,537,60.8,expected
20151026,1066,52.7,expected
20151027,1113,50.9,expected
20151028,753,57.3,expected
20151029,297,66.7,expected
20151030,670,57.6,expected
20151031,882,48.8,expected
20151101,428,57.8,expected
20151102,414,58.9,expected
20151103,356,56.5,expected
20151104,240,59.7,expected
20151105,178,59.8,expected
20151106,139,65.3,expected
20151107,151,64.8,expected
20151108,691,54.3,expected
20151109,906,49.8,expected
20151110,712,56.6,expected
20151111,465,54.0,expected
20151112,435,56.1,expected
20151113,2620,57.1,unexpected
20151114,2032,48.7,expected
20151115,1136,47.6,expected
20151116,653,55.8,expected
20151117,1515,49.6,expected
20151118,941,50.2,expected
20151119,553,59.8,expected
20151120,743,59.3,expected
20151121,1144,47.6,expected
20151122,1164,53.2,expected
20151123,2424,42.4,unexpected
20151124,1857,39.1,expected
20151125,1238,42.4,expected
20151126,526,46.0,expected
20151127,334,54.0,expected
20151128,560,54.8,expected
20151129,1298,44.5,expected
20151130,1719,41.3,expected
20151201,1082,47.9,expected
20151202,765,49.8,expected
20151203,963,52.0,expected
20151204,880,47.3,expected
20151205,764,45.0,expected
20151206,714,44.6,expected
20151207,820,46.8,expected
20151208,992,46.1,expected
20151209,825,44.4,expected
20151210,442,54.2,expected
20151211,353,51.8,expected
20151212,263,55.7,expected
20151213,236,57.5,expected
20151214,399,55.2,expected
20151215,501,60.3,expected
20151216,726,51.1,expected
20151217,504,53.9,expected
20151218,844,51.7,expected
20151219,1927,39.2,expected
20151220,1358,39.7,expected
20151221,954,45.8,expected
20151222,398,54.5,expected
20151223,390,54.4,expected
20151224,221,61.6,expected
20151225,159,59.0,expected
20151226,454,55.5,expected
20151227,399,53.8,expected
20151228,1280,45.5,expected
20151229,1245,41.9,expected
20151230,882,43.2,expected
20151231,623,48.4,expected
20160101,949,42.4,expected
20160102,1362,37.6,expected
20160103,1196,40.3,expected
20160104,2720,33.8,unexpected
20160105,5053,19.0,unexpected
20160106,2168,29.5,unexpected
20160107,1154,36.9,expected
20160108,908,39.7,expected
20160109,748,45.0,expected
20160110,613,52.2,expected
20160111,1604,37.6,expected
20160112,1543,32.7,expected
20160113,2449,29.5,unexpected
20160114,1710,29.3,expected
20160115,866,40.2,expected
20160116,547,47.7,expected
20160117,869,39.0,expected
20160118,2166,28.8,unexpected
20160119,3711,22.7,unexpected
20160120,1723,32.3,expected
20160121,1611,32.8,expected
20160122,1933,27.3,expected
20160123,2667,28.7,unexpected
20160124,1604,27.1,expected
20160125,1359,30.8,expected
20160126,1125,38.6,expected
20160127,912,42.7,expected
20160128,774,34.6,expected
20160129,900,37.7,expected
20160130,859,33.5,expected
20160131,610,39.9,expected
20160201,529,48.1,expected
20160202,685,44.5,expected
20160203,586,46.6,expected
20160204,606,52.8,expected
20160205,922,38.9,expected
20160206,837,33.4,expected
20160207,761,37.4,expected
20160208,1046,35.6,expected
20160209,1228,30.3,expected
20160210,1122,34.9,expected
20160211,1839,28.1,expected
20160212,2883,21.5,unexpected
20160213,3661,22.1,unexpected
20160214,5798,8.5,unexpected
20160215,3622,19.3,unexpected
20160216,1324,46.1,expected
20160217,1067,40.0,expected
20160218,1138,34.6,expected
20160219,1107,29.8,expected
20160220,625,46.1,expected
20160221,465,49.4,expected
20160222,731,44.9,expected
20160223,1034,39.3,expected
20160224,873,44.1,expected
20160225,745,50.4,expected
20160226,1045,37.6,expected
20160227,911,32.5,expected
20160228,466,43.2,expected
20160229,526,48.0,expected
20160301,638,46.1,expected
20160302,799,46.7,expected
20160303,1084,31.7,expected
20160304,822,33.3,expected
20160305,816,35.0,expected
20160306,608,36.9,expected
20160307,468,41.5,expected
20160308,356,50.9,expected
20160309,286,49.7,expected
20160310,237,58.7,expected
20160311,224,61.3,expected
20160312,427,48.9,expected
20160313,301,55.1,expected
20160314,924,48.2,expected
20160315,570,48.8,expected
20160316,381,50.1,expected
20160317,466,51.2,expected
20160318,584,52.4,expected
20160319,773,43.8,expected
20160320,958,39.6,expected
20160321,789,39.5,expected
20160322,592,43.0,expected
20160323,309,55.2,expected
20160324,557,49.2,expected
20160325,274,52.0,expected
20160326,519,47.3,expected
20160327,621,44.2,expected
20160328,421,48.5,expected
20160329,991,50.7,expected
20160330,607,43.6,expected
20160331,347,52.5,expected
20160401,202,55.8,expected
20160402,331,53.3,expected
20160403,959,41.8,expected
20160404,872,41.7,expected
20160405,1275,33.7,expected
20160406,796,37.3,expected
20160407,401,50.9,expected
20160408,635,48.4,expected
20160409,680,40.4,expected
20160410,669,39.6,expected
20160411,423,48.0,expected
20160412,427,52.1,expected
20160413,406,46.6,expected
20160414,345,46.9,expected
20160415,340,48.3,expected
20160416,313,50.4,expected
20160417,217,53.0,expected
20160418,248,59.7,expected
20160419,160,62.8,expected
20160420,221,57.9,expected
20160421,171,54.0,expected
20160422,135,60.7,expected
20160423,120,63.8,expected
20160424,209,55.8,expected
20160425,167,54.9,expected
20160426,320,56.5,expected
20160427,399,49.6,expected
20160428,456,51.8,expected
20160429,629,51.0,expected
20160430,363,51.0,expected
20160501,666,48.8,expected
20160502,571,49.1,expected
20160503,498,53.2,expected
20160504,651,50.5,expected
20160505,537,50.7,expected
20160506,647,50.6,expected
20160507,326,51.1,expected
20160508,195,54.3,expected
20160509,202,60.8,expected
20160510,209,57.4,expected
20160511,160,59.5,expected
20160512,129,62.4,expected
20160513,132,57.4,expected
20160514,132,63.4,expected
20160515,294,55.5,expected
20160516,523,53.0,expected
20160517,205,59.0,expected
20160518,204,57.3,expected
20160519,145,57.3,expected
20160520,114,61.4,expected
20160521,130,58.0,expected
20160522,139,59.3,expected
20160523,148,61.4,expected
20160524,111,64.9,expected
20160525,125,71.1,expected
20160526,111,73.9,expected
20160527,93,69.2,expected
20160528,78,70.9,expected
20160529,68,70.4,expected
20160530,98,68.4,expected
20160531,112,70.1,expected
20160601,111,73.0,expected
20160602,87,65.7,expected
20160603,77,64.8,expected
20160604,73,68.8,expected
20160605,80,68.1,expected
20160606,89,73.1,expected
20160607,83,74.7,expected
20160608,94,64.9,expected
20160609,99,63.7,expected
20160610,90,68.4,expected
20160611,66,70.0,expected
20160612,77,80.7,expected
20160613,99,67.1,expected
20160614,102,69.6,expected
20160615,77,73.2,expected
20160616,99,68.9,expected
20160617,80,69.6,expected
20160618,58,68.6,expected
20160619,44,70.6,expected
20160620,81,69.5,expected
20160621,84,78.1,expected
20160622,92,80.1,expected
20160623,78,77.1,expected
20160624,67,75.5,expected
20160625,63,73.1,expected
20160626,63,73.2,expected
20160627,92,73.2,expected
20160628,97,72.5,expected
20160629,102,77.5,expected
20160630,62,78.1,expected
20160701,71,73.9,expected
20160702,49,74.4,expected
20160703,46,75.1,expected
20160704,53,74.5,expected
20160705,81,77.6,expected
20160706,89,81.8,expected
20160707,98,79.2,expected
20160708,68,78.5,expected
20160709,81,68.7,expected
20160710,55,73.3,expected
20160711,88,73.6,expected
20160712,82,72.8,expected
20160713,88,74.9,expected
20160714,67,78.0,expected
20160715,82,83.5,expected
20160716,71,82.2,expected
20160717,68,79.1,expected
20160718,94,80.3,expected
20160719,84,79.6,expected
20160720,86,76.2,expected
20160721,81,76.9,expected
20160722,79,79.6,expected
20160723,56,87.5,expected
20160724,80,83.4,expected
20160725,75,78.3,expected
20160726,80,81.7,expected
20160727,74,82.0,expected
20160728,72,79.9,expected
20160729,70,77.2,expected
20160730,46,77.3,expected
20160731,83,76.6,expected
20160801,79,73.5,expected
20160802,59,73.7,expected
20160803,73,72.2,expected
20160804,75,72.4,expected
20160805,82,74.1,expected
20160806,72,77.2,expected
20160807,72,80.5,expected
20160808,108,79.7,expected
20160809,91,78.2,expected
20160810,89,78.6,expected
20160811,85,82.4,expected
20160812,89,83.2,expected
20160813,77,85.0,expected
20160814,74,87.4,expected
20160815,124,83.7,expected
20160816,98,81.8,expected
20160817,76,81.9,expected
20160818,74,79.1,expected
20160819,77,79.6,expected
20160820,65,78.9,expected
20160821,55,79.7,expected
20160822,84,75.6,expected
20160823,71,71.5,expected
20160824,72,74.7,expected
20160825,98,75.5,expected
20160826,82,80.9,expected
20160827,59,81.3,expected
20160828,56,78.2,expected
20160829,93,80.7,expected
20160830,106,77.2,expected
20160831,94,77.4,expected
20160901,81,75.9,expected
20160902,71,73.1,expected
20160903,72,73.6,expected
20160904,61,71.9,expected
20160905,75,72.4,expected
20160906,100,76.2,expected
20160907,113,75.5,expected
20160908,115,76.6,expected
20160909,93,82.5,expected
20160910,61,80.1,expected
20160911,76,79.1,expected
20160912,101,70.4,expected
20160913,98,70.0,expected
20160914,102,74.3,expected
20160915,85,69.3,expected
20160916,74,65.9,expected
20160917,71,65.7,expected
20160918,59,73.7,expected
20160919,75,72.6,expected
20160920,110,72.6,expected
20160921,96,73.3,expected
20160922,89,72.8,expected
20160923,74,70.8,expected
20160924,59,66.7,expected
20160925,69,61.9,expected
20160926,132,62.2,expected
20160927,115,69.8,expected
20160928,123,65.0,expected
20160929,138,61.6,expected
20160930,159,60.6,expected
20161001,209,60.1,expected
20161002,163,60.7,expected
20161003,143,64.9,expected
20161004,153,64.6,expected
20161005,197,59.7,expected
20161006,147,60.2,expected
20161007,116,61.0,expected
20161008,134,62.4,expected
20161009,315,59.5,expected
20161010,1099,55.4,expected
20161011,1027,53.7,expected
20161012,464,57.0,expected
20161013,306,59.1,expected
20161014,651,56.0,expected
20161015,350,54.3,expected
20161016,166,60.1,expected
20161017,625,66.7,expected
20161018,161,67.5,expected
20161019,140,72.8,expected
20161020,100,66.8,expected
20161021,116,67.6,expected
20161022,1319,54.9,expected
20161023,1405,53.7,expected
20161024,1416,58.6,expected
20161025,2845,50.6,unexpected
20161026,2878,46.3,unexpected
20161027,2182,45.9,unexpected
20161028,1546,51.5,expected
20161029,907,49.5,expected
20161030,288,65.6,expected
20161031,928,53.0,expected
20161101,800,49.0,expected
20161102,425,58.6,expected
20161103,280,63.2,expected
20161104,533,58.3,expected
20161105,632,53.7,expected
20161106,439,56.3,expected
20161107,1825,47.6,expected
20161108,647,52.0,expected
20161109,660,55.0,expected
20161110,977,50.2,expected
20161111,1218,54.7,expected
20161112,1542,44.3,expected
20161113,748,49.0,expected
20161114,726,50.9,expected
20161115,965,51.3,expected
20161116,681,52.3,expected
20161117,560,55.6,expected
20161118,613,53.7,expected
20161119,476,53.4,expected
20161120,2135,43.6,expected
20161121,2988,39.8,unexpected
20161122,2325,40.3,unexpected
20161123,1257,40.2,expected
20161124,733,44.1,expected
20161125,590,49.1,expected
20161126,659,49.6,expected
20161127,791,45.3,expected
20161128,904,45.3,expected
20161129,642,54.6,expected
20161130,719,55.8,expected
20161201,902,54.6,expected
20161202,1125,46.5,expected
20161203,1041,45.8,expected
20161204,1139,43.5,expected
20161205,1029,43.9,expected
20161206,1167,43.3,expected
20161207,1023,43.5,expected
20161208,1218,42.6,expected
20161209,2096,37.1,expected
20161210,1888,33.2,expected
20161211,1771,32.5,expected
20161212,1314,42.0,expected
20161213,1361,41.0,expected
20161214,1431,41.2,expected
20161215,3152,30.4,unexpected
20161216,3657,22.5,unexpected
20161217,1931,31.2,expected
20161218,1037,47.2,expected
20161219,1932,31.2,expected
20161220,1968,27.0,expected
20161221,1396,34.9,expected
20161222,935,42.0,expected
20161223,751,42.8,expected
20161224,653,42.1,expected
20161225,602,45.0,expected
20161226,909,38.9,expected
20161227,622,53.7,expected
20161228,1059,42.6,expected
20161229,1016,39.2,expected
20161230,959,39.3,expected
20161231,884,37.9,expected
20170101,534,45.6,expected
20170102,852,39.5,expected
20170103,993,43.3,expected
20170104,841,46.4,expected
20170105,1497,33.6,expected
20170106,1269,32.0,expected
20170107,2108,25.3,expected
20170108,2561,21.4,unexpected
20170109,3270,19.6,unexpected
20170110,2078,27.0,expected
20170111,804,45.4,expected
20170112,491,49.9,expected
20170113,762,50.4,expected
20170114,1155,32.2,expected
20170115,969,34.7,expected
20170116,1023,34.7,expected
20170117,796,40.2,expected
20170118,705,41.4,expected
20170119,664,43.4,expected
20170120,637,43.5,expected
20170121,569,44.0,expected
20170122,605,46.4,expected
20170123,1333,44.0,expected
20170124,1059,38.5,expected
20170125,741,42.3,expected
20170126,641,45.4,expected
20170127,879,42.4,expected
20170128,1034,37.1,expected
20170129,797,37.6,expected
20170130,1037,35.6,expected
20170131,1295,29.7,expected
20170201,846,38.1,expected
20170202,806,40.1,expected
20170203,1002,31.8,expected
20170204,1271,28.7,expected
20170205,837,35.3,expected
20170206,742,41.5,expected
20170207,709,39.7,expected
20170208,574,47.7,expected
20170209,2098,35.4,expected
20170210,1605,24.3,expected
20170211,889,36.6,expected
20170212,1032,35.7,expected
20170213,1215,36.7,expected
20170214,953,32.5,expected
20170215,763,38.1,expected
20170216,1076,35.5,expected
20170217,918,33.3,expected
20170218,484,40.9,expected
20170219,343,55.2,expected
20170220,573,52.1,expected
20170221,863,39.6,expected
20170222,543,43.8,expected
20170223,382,45.5,expected
20170224,290,51.7,expected
20170225,317,52.7,expected
20170226,979,44.0,expected
20170227,745,40.6,expected
20170228,449,48.3,expected
20170301,341,50.9,expected
20170302,931,51.9,expected
20170303,1239,37.0,expected
20170304,2122,27.3,expected
20170305,2106,23.9,expected
20170306,1085,31.8,expected
20170307,600,44.5,expected
20170308,479,52.0,expected
20170309,419,55.1,expected
20170310,1119,41.5,expected
20170311,1757,24.6,expected
20170312,1685,25.2,expected
20170313,1959,26.4,expected
20170314,1948,32.2,expected
20170315,1853,25.0,expected
20170316,1377,30.4,expected
20170317,776,36.5,expected
20170318,744,36.2,expected
20170319,640,39.5,expected
20170320,605,42.9,expected
20170321,466,48.7,expected
20170322,1150,42.5,expected
20170323,842,31.2,expected
20170324,573,39.9,expected
20170325,479,50.7,expected
20170326,701,42.0,expected
20170327,553,45.2,expected
20170328,700,46.9,expected
20170329,442,49.5,expected
20170330,655,43.3,expected
20170331,759,41.0,expected
20170401,552,41.6,expected
20170402,395,50.0,expected
20170403,0,52.5,expected
