((u'2009', u'BRONX'), 27, 926.0)
((u'2009', u'BROOKLYN'), 60, 1021.0)
((u'2009', u'MANHATTAN'), 181, 1307.0)
((u'2009', u'QUEENS'), 54, 1193.0)
((u'2009', u'STATEN ISLAND'), 18, 1103.0)
((u'2010', u'BRONX'), 110, 974.0)
((u'2010', u'BROOKLYN'), 465, 1079.0)
((u'2010', u'MANHATTAN'), 906, 1305.0)
((u'2010', u'QUEENS'), 274, 1242.0)
((u'2010', u'STATEN ISLAND'), 31, 1141.0)
((u'2011', u'BRONX'), 146, 1012.0)
((u'2011', u'BROOKLYN'), 417, 1113.0)
((u'2011', u'MANHATTAN'), 999, 1403.0)
((u'2011', u'QUEENS'), 241, 1276.0)
((u'2011', u'STATEN ISLAND'), 35, 1112.0)
((u'2012', u'BRONX'), 145, 1019.0)
((u'2012', u'BROOKLYN'), 461, 1151.0)
((u'2012', u'MANHATTAN'), 1250, 1450.0)
((u'2012', u'QUEENS'), 301, 1305.0)
((u'2012', u'STATEN ISLAND'), 28, 1115.0)
((u'2013', u'BRONX'), 164, 1056.0)
((u'2013', u'BROOKLYN'), 646, 1192.0)
((u'2013', u'MANHATTAN'), 1790, 1490.0)
((u'2013', u'QUEENS'), 299, 1333.0)
((u'2013', u'STATEN ISLAND'), 33, 1161.0)
((u'2014', u'BRONX'), 291, 1077.0)
((u'2014', u'BROOKLYN'), 1070, 1246.0)
((u'2014', u'MANHATTAN'), 2926, 1531.0)
((u'2014', u'QUEENS'), 571, 1386.0)
((u'2014', u'STATEN ISLAND'), 54, 1149.0)
((u'2015', u'BRONX'), 436, 1107.0)
((u'2015', u'BROOKLYN'), 1921, 1283.0)
((u'2015', u'MANHATTAN'), 7841, 1611.0)
((u'2015', u'QUEENS'), 1061, 1434.0)
((u'2015', u'STATEN ISLAND'), 123, 1208.0)
