Noise - Residential	1180581
HEATING	994801
Street Light Condition	739835
Street Condition	736346
HEAT/HOT WATER	675787
PLUMBING	613886
Blocked Driveway	556626
GENERAL CONSTRUCTION	533272
Water System	476011
Illegal Parking	441778
PAINT - PLASTER	383124
Traffic Signal Condition	344392
Noise	323455
Sewer	279444
NONCONST	276319
Dirty Conditions	259456
ELECTRIC	253362
UNSANITARY CONDITION	243991
Noise - Street/Sidewalk	236636
Noise - Commercial	233349
General Construction/Plumbing	231743
Sanitation Condition	210166
PAINT/PLASTER	209761
Damaged Tree	206941
Building/Use	202616
Rodent	184229
DOF Literature Request	168503
Broken Muni Meter	168178
Missed Collection (All Materials)	154372
Taxi Complaint	135676
Consumer Complaint	130314
Derelict Vehicle	127348
Noise - Vehicle	117683
DOOR/WINDOW	116103
Graffiti	114808
Derelict Vehicles	113572
WATER LEAK	105280
Overgrown Tree/Branches	102978
New Tree Request	102740
GENERAL	87687
Benefit Card Replacement	85450
APPLIANCE	81234
FLOORING/STAIRS	80139
Snow	79276
DOF Property - Reduction Issue	76716
SCRIE	75873
Maintenance or Facility	74664
Elevator	67011
Root/Sewer/Sidewalk Condition	66337
DOF Parking - Payment Issue	63655
Homeless Person Assistance	59549
DOF Property - Owner Issue	59371
Dead Tree	58347
Food Establishment	57477
Air Quality	55212
Street Sign - Damaged	48320
Sidewalk Condition	47885
DOF Property - Request Copy	46305
Non-Emergency Police Matter	41706
DHS Advantage - Tenant	40930
Other Enforcement	40823
Lead	39443
Housing - Low Income Senior	39175
Special Enforcement	38371
Indoor Air Quality	34824
DOF Property - Payment Issue	34508
Highway Condition	33982
Animal Abuse	32870
DHS Advantage -Landlord/Broker	30695
Street Sign - Missing	30142
Plumbing	29946
Water Conservation	29037
Vending	28786
Construction	28309
SAFETY	28097
Electrical	26724
Traffic	26440
For Hire Vehicle Complaint	25224
DCA / DOH New License Application Request	24954
Fire Safety Director - F58	24752
Special Projects Inspection Team (SPIT)	24568
Noise - Park	22586
Homeless Encampment	22260
Food Poisoning	22193
Litter Basket / Request	19884
Hazardous Materials	19497
Broken Parking Meter	18004
Agency Issues	17890
Unsanitary Animal Pvt Property	16530
Noise Survey	16303
HPD Literature Request	15826
Vacant Lot	15784
Illegal Tree Damage	15568
Asbestos	15037
Standing Water	14393
Housing Options	14182
Traffic/Illegal Parking	14047
Boilers	13747
Smoking	13323
Street Sign - Dangling	13066
DOT Literature Request	12946
Violation of Park Rules	12896
School Maintenance	12371
Animal in a Park	12327
Industrial Waste	11377
Dead/Dying Tree	11216
Non-Residential Heat	9572
Drinking	9570
Overflowing Litter Baskets	9386
DOF Parking - Request Status	9046
DOF Property - Update Account	8611
Water Quality	8586
DOF Parking - Request Copy	7981
Investigations and Discipline (IAD)	7836
Noise - House of Worship	7610
Noise - Helicopter	7217
Curb Condition	7163
Recycling Enforcement	7029
Taxi Report	6958
Indoor Sewage	6792
Derelict Bicycle	6648
Electronics Waste	6488
BEST/Site Safety	6394
EAP Inspection - F59	6345
Sweeping/Missed-Inadequate	6002
Unleashed Dog	5669
Public Payphone Complaint	5512
DPR Internal	5443
CONSTRUCTION	5418
Elder Abuse	5332
Taxi Compliment	4944
Disorderly Youth	4714
Unsanitary Pigeon Condition	4683
OUTSIDE BUILDING	4618
DOF Parking - Tax Exemption	4555
Bridge Condition	4468
Emergency Response Team (ERT)	3928
Ferry Inquiry	3877
Sweeping/Missed	3760
Home Repair	3408
Found Property	3270
Urinating in Public	3127
Bike/Roller/Skate Chronic	3064
ELEVATOR	2996
Request for Information	2893
Posting Advertisement	2891
Window Guard	2854
Cranes and Derricks	2685
DCA Literature Request	2635
DOF Property - RPIE Issue	2500
City Vehicle Placard Complaint	2483
Senior Center Complaint	2430
Mold	2284
Plant	2266
Alzheimer's Care	2207
Request Xmas Tree Collection	1978
OEM Disabled Vehicle	1916
Scaffold Safety	1905
Bus Stop Shelter Placement	1839
Illegal Animal Kept as Pet	1814
Fire Alarm - Reinspection	1730
DOF Parking - DMV Clearance	1694
Ferry Complaint	1691
HEAP Assistance	1687
Panhandling	1687
Cable Complaint	1628
Illegal Fireworks	1448
Collection Truck Noise	1354
Opinion for the Mayor	1312
Utility Program	1301
Beach/Pool/Sauna Complaint	1269
DHS Advantage - Third Party	1242
Harboring Bees/Wasps	1228
Sweeping/Inadequate	1215
DOF Property - City Rebate	1202
Weatherization	1157
Complaint	1127
OEM Literature Request	1100
Miscellaneous Categories	1062
Safety	1005
For Hire Vehicle Report	971
DRIE	969
Mosquitoes	965
Home Delivered Meal - Missed Delivery	942
DOE Complaint or Compliment	901
Drug Activity	880
Fire Alarm - New System	874
Poison Ivy	822
Bike Rack Condition	814
DOF Property - Property Value	798
Drinking Water	776
Stalled Sites	709
Compliment	702
Tattooing	699
Teaching/Learning/Instruction	680
Discipline and Suspension	679
Fire Alarm - Modification	675
Day Care	672
Home Delivered Meal Complaint	647
Unsanitary Animal Facility	633
FHE	615
Municipal Parking Facility	596
DEP Literature Request	547
Eviction	525
Special Natural Area District (SNAD)	516
Highway Sign - Damaged	513
Animal Facility - No Permit	512
DOF Parking - Address Update	489
Adopt-A-Basket	433
Misc. Comments	397
Forms	383
Parking Card	363
Registration and Transfers	348
Invitation	334
Forensic Engineering	333
Summer Camp	326
Public Toilet	322
Illegal Animal Sold	319
Public Assembly	307
Ferry Permit	304
DPR Literature Request	284
Health	260
Highway Sign - Missing	238
Bereavement Support Group	212
Home Care Provider Complaint	211
Case Management Agency Complaint	188
Open Flame Permit	180
Literature Request	167
Legal Services Provider Complaint	159
DHS Income Savings Requirement	154
Tree Work Permit Request	136
Transportation Provider Complaint	133
Overflowing Recycling Baskets	127
DFTA Literature Request	125
Calorie Labeling	122
Fire Alarm - Addition	119
Bottled Water	118
Highway Sign - Dangling	110
ATF	103
Advocate-Personal Exemptions	103
Lifeguard	102
X-Ray Machine/Equipment	93
Parent Leadership	84
Fire Alarm - Replacement	82
LinkNYC	81
Tunnel Condition	75
Sprinkler - Mechanical	74
Taxpayer Advocate Inquiry	70
DOR Literature Request	67
Radioactive Material	65
Rangehood	59
Advocate - Other	41
Standpipe - Mechanical	38
Squeegee	37
No Child Left Behind	35
Hazmat Storage/Use	32
Research Questions	32
Trans Fat	30
Water Maintenance	27
Portable Toilet	24
Illegal Animal - Sold/Kept	23
Advocate-Co-opCondo Abatement	21
Public Assembly - Temporary	21
Tanning	21
Building Condition	19
Foam Ban Enforcement	16
STRUCTURAL	16
NORC Complaint	15
SRDE	14
Advocate-Prop Refunds/Credits	13
Advocate-SCRIE/DRIE	12
Advocate-Property Value	11
Interior Demo	8
DOF Property - State Rebate	7
Lost Property	7
Advocate-Commercial Exemptions	6
VACANT APARTMENT	6
AGENCY	5
Advocate-UBT	5
Healthcare Facilities	5
Gas Station Discharge Lines	4
Hazardous Material	4
Advocate - RPIE	3
Comment	3
Laboratory	3
Advocate-Business Tax	2
Advocate-Prop Class Incorrect	2
Trapping Pigeon	2
Asbestos/Garbage Nuisance	1
LEAD	1
MOLD	1
Meals Home Delivery Required	1
Micro Switch	1
SG-99	1
SNW	1
Sewer Maintenance	1
Unlicensed Dog	1
Unspecified	1
